<?xml version="1.0" encoding="UTF-8"?>
<coverage generated="1778480293760" clover="3.2.0">
  <project timestamp="1778480293760" name="All files">
    <metrics statements="3276" coveredstatements="2100" conditionals="2042" coveredconditionals="1117" methods="872" coveredmethods="545" elements="6190" coveredelements="3762" complexity="0" loc="3276" ncloc="3276" packages="10" files="45" classes="45"/>
    <package name="src">
      <metrics statements="265" coveredstatements="244" conditionals="171" coveredconditionals="145" methods="25" coveredmethods="23"/>
      <file name="ascii.ts" path="/run/media/maxx/big/work/asciibird/src/ascii.ts">
        <metrics statements="265" coveredstatements="244" conditionals="171" coveredconditionals="145" methods="25" coveredmethods="23"/>
        <line num="9" count="13" type="stmt"/>
        <line num="10" count="13" type="stmt"/>
        <line num="12" count="13" type="stmt"/>
        <line num="13" count="79" type="stmt"/>
        <line num="16" count="13" type="stmt"/>
        <line num="17" count="74" type="stmt"/>
        <line num="20" count="13" type="stmt"/>
        <line num="21" count="80" type="cond" truecount="2" falsecount="0"/>
        <line num="22" count="3" type="stmt"/>
        <line num="26" count="77" type="stmt"/>
        <line num="29" count="13" type="stmt"/>
        <line num="30" count="12" type="cond" truecount="1" falsecount="1"/>
        <line num="31" count="0" type="stmt"/>
        <line num="35" count="12" type="stmt"/>
        <line num="54" count="13" type="stmt"/>
        <line num="159" count="13" type="stmt"/>
        <line num="162" count="13" type="stmt"/>
        <line num="211" count="13" type="stmt"/>
        <line num="222" count="13" type="stmt"/>
        <line num="224" count="13" type="stmt"/>
        <line num="225" count="742" type="stmt"/>
        <line num="227" count="742" type="stmt"/>
        <line num="228" count="2497" type="stmt"/>
        <line num="231" count="742" type="stmt"/>
        <line num="236" count="13" type="stmt"/>
        <line num="237" count="13" type="stmt"/>
        <line num="240" count="13" type="stmt"/>
        <line num="241" count="13" type="stmt"/>
        <line num="242" count="13" type="stmt"/>
        <line num="244" count="39" type="stmt"/>
        <line num="258" count="13" type="stmt"/>
        <line num="266" count="25" type="stmt"/>
        <line num="273" count="25" type="stmt"/>
        <line num="275" count="25" type="stmt"/>
        <line num="283" count="25" type="stmt"/>
        <line num="295" count="25" type="stmt"/>
        <line num="296" count="25" type="stmt"/>
        <line num="298" count="25" type="stmt"/>
        <line num="299" count="32" type="stmt"/>
        <line num="300" count="32" type="stmt"/>
        <line num="302" count="32" type="stmt"/>
        <line num="303" count="32" type="stmt"/>
        <line num="304" count="32" type="stmt"/>
        <line num="306" count="32" type="stmt"/>
        <line num="307" count="608" type="stmt"/>
        <line num="308" count="608" type="stmt"/>
        <line num="312" count="608" type="cond" truecount="2" falsecount="0"/>
        <line num="313" count="38" type="stmt"/>
        <line num="316" count="38" type="cond" truecount="1" falsecount="1"/>
        <line num="319" count="38" type="cond" truecount="4" falsecount="0"/>
        <line num="320" count="4" type="stmt"/>
        <line num="321" count="4" type="stmt"/>
        <line num="322" count="4" type="stmt"/>
        <line num="325" count="34" type="cond" truecount="1" falsecount="1"/>
        <line num="326" count="34" type="stmt"/>
        <line num="329" count="34" type="cond" truecount="2" falsecount="0"/>
        <line num="330" count="31" type="stmt"/>
        <line num="333" count="34" type="stmt"/>
        <line num="334" count="34" type="stmt"/>
        <line num="337" count="570" type="stmt"/>
        <line num="339" count="570" type="stmt"/>
        <line num="343" count="570" type="stmt"/>
        <line num="345" count="570" type="cond" truecount="2" falsecount="0"/>
        <line num="346" count="563" type="stmt"/>
        <line num="350" count="32" type="stmt"/>
        <line num="353" count="25" type="stmt"/>
        <line num="356" count="25" type="stmt"/>
        <line num="363" count="25" type="stmt"/>
        <line num="368" count="25" type="stmt"/>
        <line num="370" count="25" type="stmt"/>
        <line num="374" count="13" type="stmt"/>
        <line num="375" count="14" type="stmt"/>
        <line num="383" count="14" type="stmt"/>
        <line num="394" count="14" type="stmt"/>
        <line num="400" count="14" type="stmt"/>
        <line num="404" count="14" type="stmt"/>
        <line num="405" count="14" type="stmt"/>
        <line num="407" count="14" type="stmt"/>
        <line num="411" count="13" type="cond" truecount="1" falsecount="0"/>
        <line num="415" count="29" type="cond" truecount="2" falsecount="0"/>
        <line num="417" count="9" type="stmt"/>
        <line num="418" count="9" type="cond" truecount="1" falsecount="1"/>
        <line num="419" count="0" type="stmt"/>
        <line num="421" count="8" type="stmt"/>
        <line num="422" count="8" type="stmt"/>
        <line num="423" count="8" type="stmt"/>
        <line num="426" count="20" type="stmt"/>
        <line num="429" count="20" type="stmt"/>
        <line num="435" count="28" type="stmt"/>
        <line num="437" count="28" type="stmt"/>
        <line num="439" count="28" type="stmt"/>
        <line num="441" count="28" type="stmt"/>
        <line num="443" count="28" type="cond" truecount="1" falsecount="0"/>
        <line num="444" count="2" type="stmt"/>
        <line num="446" count="28" type="stmt"/>
        <line num="447" count="69" type="stmt"/>
        <line num="449" count="281" type="stmt"/>
        <line num="450" count="281" type="stmt"/>
        <line num="463" count="281" type="stmt"/>
        <line num="466" count="281" type="cond" truecount="4" falsecount="0"/>
        <line num="468" count="2" type="stmt"/>
        <line num="469" count="2" type="stmt"/>
        <line num="472" count="281" type="cond" truecount="4" falsecount="0"/>
        <line num="473" count="76" type="cond" truecount="4" falsecount="0"/>
        <line num="474" count="50" type="stmt"/>
        <line num="476" count="26" type="cond" truecount="4" falsecount="0"/>
        <line num="477" count="3" type="stmt"/>
        <line num="478" count="3" type="cond" truecount="1" falsecount="1"/>
        <line num="481" count="26" type="cond" truecount="4" falsecount="0"/>
        <line num="482" count="22" type="stmt"/>
        <line num="486" count="26" type="cond" truecount="4" falsecount="0"/>
        <line num="487" count="1" type="stmt"/>
        <line num="491" count="26" type="stmt"/>
        <line num="496" count="281" type="cond" truecount="2" falsecount="0"/>
        <line num="498" count="281" type="stmt"/>
        <line num="503" count="69" type="stmt"/>
        <line num="505" count="69" type="stmt"/>
        <line num="509" count="28" type="cond" truecount="2" falsecount="0"/>
        <line num="513" count="29" type="stmt"/>
        <line num="517" count="13" type="stmt"/>
        <line num="522" count="2" type="stmt"/>
        <line num="523" count="2" type="stmt"/>
        <line num="525" count="2" type="stmt"/>
        <line num="526" count="2" type="stmt"/>
        <line num="527" count="2" type="stmt"/>
        <line num="529" count="2" type="stmt"/>
        <line num="536" count="3" type="stmt"/>
        <line num="537" count="3" type="stmt"/>
        <line num="538" count="3" type="stmt"/>
        <line num="539" count="2" type="cond" truecount="2" falsecount="0"/>
        <line num="540" count="1" type="stmt"/>
        <line num="541" count="1" type="stmt"/>
        <line num="542" count="1" type="stmt"/>
        <line num="546" count="13" type="stmt"/>
        <line num="547" count="1" type="stmt"/>
        <line num="548" count="1" type="stmt"/>
        <line num="549" count="1" type="stmt"/>
        <line num="551" count="1" type="cond" truecount="3" falsecount="1"/>
        <line num="553" count="0" type="stmt"/>
        <line num="554" count="0" type="cond" truecount="0" falsecount="2"/>
        <line num="555" count="0" type="stmt"/>
        <line num="560" count="0" type="stmt"/>
        <line num="561" count="0" type="stmt"/>
        <line num="562" count="0" type="cond" truecount="0" falsecount="2"/>
        <line num="565" count="0" type="cond" truecount="0" falsecount="2"/>
        <line num="566" count="0" type="stmt"/>
        <line num="574" count="0" type="stmt"/>
        <line num="575" count="0" type="stmt"/>
        <line num="578" count="0" type="stmt"/>
        <line num="579" count="0" type="stmt"/>
        <line num="585" count="13" type="cond" truecount="1" falsecount="0"/>
        <line num="586" count="165" type="stmt"/>
        <line num="587" count="165" type="stmt"/>
        <line num="588" count="165" type="stmt"/>
        <line num="589" count="24598" type="stmt"/>
        <line num="590" count="24598" type="stmt"/>
        <line num="591" count="24598" type="stmt"/>
        <line num="593" count="165" type="stmt"/>
        <line num="595" count="165" type="stmt"/>
        <line num="597" count="165" type="stmt"/>
        <line num="602" count="13" type="stmt"/>
        <line num="609" count="48" type="cond" truecount="2" falsecount="0"/>
        <line num="610" count="4" type="stmt"/>
        <line num="612" count="44" type="stmt"/>
        <line num="615" count="48" type="stmt"/>
        <line num="616" count="49" type="stmt"/>
        <line num="618" count="49" type="stmt"/>
        <line num="620" count="193" type="cond" truecount="2" falsecount="0"/>
        <line num="621" count="16" type="stmt"/>
        <line num="622" count="16" type="stmt"/>
        <line num="623" count="66" type="stmt"/>
        <line num="627" count="177" type="stmt"/>
        <line num="628" count="6621" type="cond" truecount="4" falsecount="0"/>
        <line num="629" count="5995" type="stmt"/>
        <line num="636" count="49" type="stmt"/>
        <line num="637" count="49" type="stmt"/>
        <line num="638" count="49" type="stmt"/>
        <line num="641" count="48" type="stmt"/>
        <line num="647" count="13" type="stmt"/>
        <line num="648" count="116" type="stmt"/>
        <line num="650" count="116" type="stmt"/>
        <line num="651" count="208" type="cond" truecount="2" falsecount="0"/>
        <line num="652" count="5" type="stmt"/>
        <line num="655" count="203" type="cond" truecount="4" falsecount="0"/>
        <line num="656" count="83" type="stmt"/>
        <line num="660" count="116" type="stmt"/>
        <line num="665" count="13" type="stmt"/>
        <line num="666" count="6" type="stmt"/>
        <line num="668" count="6" type="stmt"/>
        <line num="669" count="7" type="stmt"/>
        <line num="672" count="6" type="stmt"/>
        <line num="673" count="5" type="stmt"/>
        <line num="674" count="7" type="stmt"/>
        <line num="678" count="5" type="stmt"/>
        <line num="682" count="13" type="stmt"/>
        <line num="683" count="4" type="stmt"/>
        <line num="687" count="4" type="cond" truecount="2" falsecount="0"/>
        <line num="712" count="13" type="stmt"/>
        <line num="723" count="11" type="stmt"/>
        <line num="724" count="11" type="stmt"/>
        <line num="725" count="11" type="cond" truecount="2" falsecount="0"/>
        <line num="726" count="10" type="cond" truecount="1" falsecount="1"/>
        <line num="727" count="11" type="cond" truecount="1" falsecount="1"/>
        <line num="730" count="10" type="cond" truecount="6" falsecount="0"/>
        <line num="731" count="1" type="stmt"/>
        <line num="735" count="9" type="stmt"/>
        <line num="736" count="9" type="cond" truecount="4" falsecount="0"/>
        <line num="737" count="8" type="cond" truecount="3" falsecount="1"/>
        <line num="739" count="8" type="stmt"/>
        <line num="740" count="8" type="stmt"/>
        <line num="744" count="8" type="stmt"/>
        <line num="745" count="40208" type="stmt"/>
        <line num="746" count="40208" type="stmt"/>
        <line num="748" count="40208" type="cond" truecount="2" falsecount="0"/>
        <line num="749" count="10406" type="cond" truecount="6" falsecount="0"/>
        <line num="750" count="353" type="stmt"/>
        <line num="753" count="10053" type="stmt"/>
        <line num="756" count="10053" type="cond" truecount="4" falsecount="0"/>
        <line num="757" count="10050" type="cond" truecount="3" falsecount="1"/>
        <line num="759" count="10050" type="stmt"/>
        <line num="763" count="10050" type="stmt"/>
        <line num="766" count="10050" type="cond" truecount="2" falsecount="0"/>
        <line num="767" count="10046" type="cond" truecount="1" falsecount="1"/>
        <line num="768" count="10046" type="cond" truecount="2" falsecount="0"/>
        <line num="769" count="10046" type="cond" truecount="2" falsecount="0"/>
        <line num="771" count="4" type="cond" truecount="1" falsecount="1"/>
        <line num="772" count="4" type="cond" truecount="1" falsecount="1"/>
        <line num="773" count="4" type="cond" truecount="1" falsecount="1"/>
        <line num="777" count="10050" type="stmt"/>
        <line num="785" count="10050" type="stmt"/>
        <line num="786" count="10050" type="stmt"/>
        <line num="787" count="10050" type="stmt"/>
        <line num="788" count="10050" type="stmt"/>
        <line num="791" count="8" type="stmt"/>
        <line num="799" count="13" type="stmt"/>
        <line num="800" count="0" type="stmt"/>
        <line num="801" count="0" type="stmt"/>
        <line num="803" count="0" type="stmt"/>
        <line num="804" count="0" type="stmt"/>
        <line num="805" count="0" type="cond" truecount="0" falsecount="2"/>
        <line num="806" count="0" type="stmt"/>
        <line num="810" count="0" type="stmt"/>
        <line num="813" count="13" type="stmt"/>
        <line num="814" count="20" type="stmt"/>
        <line num="816" count="20" type="stmt"/>
        <line num="818" count="20" type="stmt"/>
        <line num="819" count="87" type="cond" truecount="1" falsecount="1"/>
        <line num="820" count="87" type="stmt"/>
        <line num="823" count="87" type="stmt"/>
        <line num="824" count="451" type="stmt"/>
        <line num="827" count="451" type="stmt"/>
        <line num="828" count="467" type="cond" truecount="2" falsecount="0"/>
        <line num="829" count="4" type="stmt"/>
        <line num="832" count="463" type="cond" truecount="2" falsecount="0"/>
        <line num="838" count="300" type="stmt"/>
        <line num="840" count="300" type="cond" truecount="2" falsecount="0"/>
        <line num="841" count="298" type="cond" truecount="2" falsecount="0"/>
        <line num="844" count="300" type="cond" truecount="2" falsecount="0"/>
        <line num="845" count="298" type="cond" truecount="2" falsecount="0"/>
        <line num="848" count="300" type="cond" truecount="2" falsecount="0"/>
        <line num="849" count="299" type="cond" truecount="2" falsecount="0"/>
        <line num="854" count="300" type="stmt"/>
        <line num="858" count="451" type="stmt"/>
        <line num="862" count="20" type="stmt"/>
        <line num="866" count="13" type="stmt"/>
      </file>
    </package>
    <package name="src.components">
      <metrics statements="193" coveredstatements="131" conditionals="159" coveredconditionals="50" methods="89" coveredmethods="43"/>
      <file name="ABModal.vue" path="/run/media/maxx/big/work/asciibird/src/components/ABModal.vue">
        <metrics statements="12" coveredstatements="4" conditionals="6" coveredconditionals="0" methods="6" coveredmethods="0"/>
        <line num="2" count="0" type="stmt"/>
        <line num="10" count="0" type="cond" truecount="0" falsecount="2"/>
        <line num="21" count="0" type="cond" truecount="0" falsecount="2"/>
        <line num="22" count="0" type="stmt"/>
        <line num="24" count="2" type="stmt"/>
        <line num="25" count="2" type="stmt"/>
        <line num="43" count="0" type="stmt"/>
        <line num="44" count="2" type="stmt"/>
        <line num="47" count="2" type="stmt"/>
        <line num="50" count="0" type="stmt"/>
        <line num="54" count="0" type="stmt"/>
        <line num="71" count="0" type="stmt"/>
      </file>
      <file name="BrushLibrary.vue" path="/run/media/maxx/big/work/asciibird/src/components/BrushLibrary.vue">
        <metrics statements="61" coveredstatements="42" conditionals="53" coveredconditionals="13" methods="30" coveredmethods="16"/>
        <line num="2" count="15" type="stmt"/>
        <line num="8" count="1" type="stmt"/>
        <line num="16" count="0" type="cond" truecount="2" falsecount="0"/>
        <line num="32" count="0" type="cond" truecount="2" falsecount="0"/>
        <line num="41" count="1" type="stmt"/>
        <line num="43" count="0" type="stmt"/>
        <line num="48" count="1" type="stmt"/>
        <line num="55" count="0" type="stmt"/>
        <line num="65" count="0" type="stmt"/>
        <line num="76" count="0" type="stmt"/>
        <line num="94" count="0" type="stmt"/>
        <line num="99" count="1" type="stmt"/>
        <line num="107" count="0" type="stmt"/>
        <line num="117" count="0" type="stmt"/>
        <line num="129" count="0" type="stmt"/>
        <line num="140" count="0" type="stmt"/>
        <line num="178" count="15" type="stmt"/>
        <line num="180" count="15" type="stmt"/>
        <line num="181" count="15" type="stmt"/>
        <line num="182" count="15" type="stmt"/>
        <line num="183" count="15" type="stmt"/>
        <line num="185" count="15" type="stmt"/>
        <line num="192" count="15" type="stmt"/>
        <line num="202" count="15" type="stmt"/>
        <line num="203" count="15" type="stmt"/>
        <line num="204" count="15" type="stmt"/>
        <line num="205" count="15" type="stmt"/>
        <line num="206" count="15" type="stmt"/>
        <line num="208" count="15" type="stmt"/>
        <line num="209" count="15" type="cond" truecount="2" falsecount="0"/>
        <line num="214" count="15" type="stmt"/>
        <line num="215" count="15" type="stmt"/>
        <line num="216" count="15" type="stmt"/>
        <line num="217" count="150" type="stmt"/>
        <line num="219" count="15" type="stmt"/>
        <line num="223" count="15" type="stmt"/>
        <line num="224" count="0" type="stmt"/>
        <line num="226" count="0" type="cond" truecount="0" falsecount="4"/>
        <line num="228" count="0" type="cond" truecount="0" falsecount="2"/>
        <line num="231" count="0" type="cond" truecount="0" falsecount="2"/>
        <line num="232" count="0" type="stmt"/>
        <line num="239" count="15" type="stmt"/>
        <line num="240" count="15" type="stmt"/>
        <line num="242" count="0" type="cond" truecount="0" falsecount="2"/>
        <line num="243" count="0" type="stmt"/>
        <line num="249" count="15" type="stmt"/>
        <line num="250" count="0" type="stmt"/>
        <line num="254" count="1" type="stmt"/>
        <line num="255" count="1" type="stmt"/>
        <line num="259" count="1" type="stmt"/>
        <line num="263" count="1" type="stmt"/>
        <line num="264" count="1" type="stmt"/>
        <line num="265" count="1" type="stmt"/>
        <line num="269" count="1" type="stmt"/>
        <line num="270" count="1" type="stmt"/>
        <line num="274" count="1" type="stmt"/>
        <line num="275" count="1" type="stmt"/>
        <line num="279" count="1" type="stmt"/>
        <line num="280" count="1" type="stmt"/>
        <line num="284" count="1" type="stmt"/>
        <line num="288" count="1" type="stmt"/>
      </file>
      <file name="Colours.vue" path="/run/media/maxx/big/work/asciibird/src/components/Colours.vue">
        <metrics statements="21" coveredstatements="19" conditionals="16" coveredconditionals="13" methods="10" coveredmethods="9"/>
        <line num="2" count="8" type="stmt"/>
        <line num="8" count="1" type="cond" truecount="2" falsecount="0"/>
        <line num="18" count="1" type="cond" truecount="2" falsecount="0"/>
        <line num="28" count="0" type="cond" truecount="2" falsecount="0"/>
        <line num="42" count="1" type="cond" truecount="2" falsecount="0"/>
        <line num="54" count="8" type="stmt"/>
        <line num="56" count="8" type="stmt"/>
        <line num="58" count="8" type="stmt"/>
        <line num="59" count="8" type="stmt"/>
        <line num="60" count="8" type="stmt"/>
        <line num="61" count="8" type="stmt"/>
        <line num="63" count="8" type="stmt"/>
        <line num="64" count="8" type="cond" truecount="1" falsecount="1"/>
        <line num="65" count="8" type="cond" truecount="1" falsecount="1"/>
        <line num="66" count="0" type="stmt"/>
        <line num="68" count="8" type="stmt"/>
        <line num="72" count="1" type="stmt"/>
        <line num="73" count="1" type="stmt"/>
        <line num="74" count="1" type="stmt"/>
        <line num="75" count="1" type="stmt"/>
        <line num="78" count="8" type="stmt"/>
      </file>
      <file name="DebugPanel.vue" path="/run/media/maxx/big/work/asciibird/src/components/DebugPanel.vue">
        <metrics statements="35" coveredstatements="33" conditionals="22" coveredconditionals="22" methods="12" coveredmethods="10"/>
        <line num="2" count="9" type="stmt"/>
        <line num="8" count="1" type="stmt"/>
        <line num="9" count="1" type="cond" truecount="2" falsecount="0"/>
        <line num="10" count="1" type="cond" truecount="2" falsecount="0"/>
        <line num="11" count="1" type="cond" truecount="2" falsecount="0"/>
        <line num="12" count="1" type="cond" truecount="2" falsecount="0"/>
        <line num="14" count="1" type="cond" truecount="2" falsecount="0"/>
        <line num="15" count="1" type="cond" truecount="2" falsecount="0"/>
        <line num="17" count="1" type="cond" truecount="2" falsecount="0"/>
        <line num="18" count="1" type="stmt"/>
        <line num="22" count="1" type="stmt"/>
        <line num="25" count="1" type="stmt"/>
        <line num="28" count="0" type="cond" truecount="2" falsecount="0"/>
        <line num="54" count="9" type="stmt"/>
        <line num="55" count="9" type="stmt"/>
        <line num="56" count="9" type="stmt"/>
        <line num="57" count="9" type="stmt"/>
        <line num="58" count="9" type="stmt"/>
        <line num="59" count="9" type="stmt"/>
        <line num="61" count="9" type="stmt"/>
        <line num="68" count="9" type="stmt"/>
        <line num="69" count="9" type="cond" truecount="2" falsecount="0"/>
        <line num="74" count="9" type="stmt"/>
        <line num="75" count="9" type="stmt"/>
        <line num="76" count="9" type="stmt"/>
        <line num="77" count="9" type="stmt"/>
        <line num="78" count="9" type="stmt"/>
        <line num="80" count="9" type="stmt"/>
        <line num="81" count="9" type="stmt"/>
        <line num="82" count="9" type="stmt"/>
        <line num="85" count="9" type="stmt"/>
        <line num="89" count="1" type="stmt"/>
        <line num="92" count="1" type="stmt"/>
        <line num="94" count="1" type="stmt"/>
        <line num="99" count="0" type="stmt"/>
      </file>
      <file name="LayersLibrary.vue" path="/run/media/maxx/big/work/asciibird/src/components/LayersLibrary.vue">
        <metrics statements="10" coveredstatements="8" conditionals="2" coveredconditionals="0" methods="2" coveredmethods="1"/>
        <line num="2" count="1" type="stmt"/>
        <line num="8" count="1" type="stmt"/>
        <line num="21" count="1" type="stmt"/>
        <line num="22" count="1" type="stmt"/>
        <line num="23" count="1" type="stmt"/>
        <line num="25" count="1" type="stmt"/>
        <line num="32" count="1" type="stmt"/>
        <line num="33" count="1" type="stmt"/>
        <line num="35" count="0" type="cond" truecount="0" falsecount="2"/>
        <line num="36" count="0" type="stmt"/>
      </file>
      <file name="Toolbar.vue" path="/run/media/maxx/big/work/asciibird/src/components/Toolbar.vue">
        <metrics statements="54" coveredstatements="25" conditionals="60" coveredconditionals="2" methods="29" coveredmethods="7"/>
        <line num="2" count="8" type="stmt"/>
        <line num="8" count="1" type="stmt"/>
        <line num="9" count="1" type="stmt"/>
        <line num="13" count="1" type="stmt"/>
        <line num="15" count="1" type="stmt"/>
        <line num="17" count="0" type="cond" truecount="0" falsecount="4"/>
        <line num="24" count="0" type="stmt"/>
        <line num="28" count="1" type="stmt"/>
        <line num="30" count="0" type="cond" truecount="0" falsecount="4"/>
        <line num="37" count="0" type="stmt"/>
        <line num="41" count="1" type="stmt"/>
        <line num="43" count="0" type="cond" truecount="0" falsecount="4"/>
        <line num="50" count="0" type="stmt"/>
        <line num="54" count="1" type="stmt"/>
        <line num="63" count="0" type="cond" truecount="0" falsecount="2"/>
        <line num="69" count="0" type="stmt"/>
        <line num="80" count="0" type="cond" truecount="0" falsecount="2"/>
        <line num="86" count="0" type="stmt"/>
        <line num="97" count="0" type="cond" truecount="0" falsecount="2"/>
        <line num="103" count="0" type="stmt"/>
        <line num="114" count="0" type="cond" truecount="0" falsecount="2"/>
        <line num="122" count="0" type="stmt"/>
        <line num="133" count="0" type="cond" truecount="0" falsecount="2"/>
        <line num="139" count="0" type="stmt"/>
        <line num="143" count="1" type="stmt"/>
        <line num="144" count="64" type="stmt"/>
        <line num="156" count="0" type="stmt"/>
        <line num="162" count="0" type="stmt"/>
        <line num="182" count="8" type="stmt"/>
        <line num="183" count="8" type="stmt"/>
        <line num="185" count="8" type="stmt"/>
        <line num="186" count="8" type="stmt"/>
        <line num="191" count="8" type="stmt"/>
        <line num="192" count="0" type="stmt"/>
        <line num="201" count="8" type="stmt"/>
        <line num="202" count="8" type="stmt"/>
        <line num="203" count="8" type="stmt"/>
        <line num="204" count="8" type="stmt"/>
        <line num="207" count="1" type="stmt"/>
        <line num="208" count="1" type="stmt"/>
        <line num="209" count="1" type="cond" truecount="1" falsecount="1"/>
        <line num="213" count="1" type="stmt"/>
        <line num="214" count="1" type="stmt"/>
        <line num="215" count="1" type="cond" truecount="1" falsecount="1"/>
        <line num="219" count="0" type="stmt"/>
        <line num="220" count="0" type="stmt"/>
        <line num="221" count="0" type="stmt"/>
        <line num="227" count="0" type="stmt"/>
        <line num="228" count="0" type="stmt"/>
        <line num="229" count="0" type="cond" truecount="0" falsecount="2"/>
        <line num="233" count="0" type="stmt"/>
        <line num="234" count="0" type="stmt"/>
        <line num="235" count="0" type="cond" truecount="0" falsecount="2"/>
        <line num="236" count="0" type="stmt"/>
      </file>
    </package>
    <package name="src.components.modals">
      <metrics statements="197" coveredstatements="146" conditionals="203" coveredconditionals="196" methods="87" coveredmethods="44"/>
      <file name="About.vue" path="/run/media/maxx/big/work/asciibird/src/components/modals/About.vue">
        <metrics statements="11" coveredstatements="9" conditionals="16" coveredconditionals="16" methods="6" coveredmethods="4"/>
        <line num="2" count="5" type="stmt"/>
        <line num="4" count="0" type="cond" truecount="2" falsecount="0"/>
        <line num="7" count="1" type="stmt"/>
        <line num="27" count="5" type="stmt"/>
        <line num="32" count="0" type="cond" truecount="2" falsecount="0"/>
        <line num="40" count="5" type="stmt"/>
        <line num="52" count="5" type="stmt"/>
        <line num="54" count="5" type="stmt"/>
        <line num="56" count="5" type="stmt"/>
        <line num="57" count="5" type="stmt"/>
        <line num="62" count="5" type="stmt"/>
      </file>
      <file name="EditAscii.vue" path="/run/media/maxx/big/work/asciibird/src/components/modals/EditAscii.vue">
        <metrics statements="50" coveredstatements="38" conditionals="45" coveredconditionals="41" methods="20" coveredmethods="14"/>
        <line num="2" count="13" type="stmt"/>
        <line num="4" count="0" type="cond" truecount="2" falsecount="0"/>
        <line num="9" count="1" type="stmt"/>
        <line num="18" count="1" type="stmt"/>
        <line num="23" count="0" type="cond" truecount="2" falsecount="0"/>
        <line num="29" count="1" type="stmt"/>
        <line num="38" count="1" type="stmt"/>
        <line num="43" count="0" type="cond" truecount="2" falsecount="0"/>
        <line num="47" count="1" type="stmt"/>
        <line num="52" count="0" type="cond" truecount="2" falsecount="0"/>
        <line num="57" count="20" type="stmt"/>
        <line num="61" count="1" type="stmt"/>
        <line num="65" count="0" type="cond" truecount="2" falsecount="0"/>
        <line num="75" count="0" type="cond" truecount="2" falsecount="0"/>
        <line num="84" count="20" type="stmt"/>
        <line num="97" count="13" type="stmt"/>
        <line num="98" count="13" type="stmt"/>
        <line num="99" count="13" type="stmt"/>
        <line num="101" count="13" type="stmt"/>
        <line num="107" count="13" type="stmt"/>
        <line num="108" count="13" type="stmt"/>
        <line num="109" count="13" type="cond" truecount="2" falsecount="0"/>
        <line num="110" count="13" type="stmt"/>
        <line num="111" count="13" type="stmt"/>
        <line num="112" count="13" type="stmt"/>
        <line num="113" count="2" type="stmt"/>
        <line num="117" count="1" type="stmt"/>
        <line num="118" count="1" type="cond" truecount="4" falsecount="1"/>
        <line num="119" count="0" type="stmt"/>
        <line num="122" count="0" type="stmt"/>
        <line num="123" count="0" type="stmt"/>
        <line num="126" count="1" type="stmt"/>
        <line num="134" count="17" type="stmt"/>
        <line num="138" count="3" type="stmt"/>
        <line num="139" count="3" type="stmt"/>
        <line num="141" count="3" type="cond" truecount="1" falsecount="1"/>
        <line num="147" count="0" type="stmt"/>
        <line num="150" count="0" type="stmt"/>
        <line num="153" count="3" type="stmt"/>
        <line num="154" count="3" type="stmt"/>
        <line num="156" count="3" type="cond" truecount="4" falsecount="0"/>
        <line num="157" count="2" type="stmt"/>
        <line num="160" count="3" type="stmt"/>
        <line num="163" count="13" type="stmt"/>
        <line num="164" count="13" type="cond" truecount="1" falsecount="1"/>
        <line num="165" count="0" type="stmt"/>
        <line num="167" count="13" type="stmt"/>
        <line num="171" count="13" type="cond" truecount="2" falsecount="0"/>
        <line num="172" count="13" type="cond" truecount="2" falsecount="0"/>
        <line num="174" count="13" type="stmt"/>
      </file>
      <file name="Help.vue" path="/run/media/maxx/big/work/asciibird/src/components/modals/Help.vue">
        <metrics statements="7" coveredstatements="5" conditionals="8" coveredconditionals="8" methods="5" coveredmethods="3"/>
        <line num="2" count="2" type="stmt"/>
        <line num="4" count="0" type="cond" truecount="2" falsecount="0"/>
        <line num="1450" count="2" type="cond" truecount="2" falsecount="0"/>
        <line num="1455" count="0" type="cond" truecount="2" falsecount="0"/>
        <line num="1463" count="2" type="stmt"/>
        <line num="1509" count="2" type="stmt"/>
        <line num="1511" count="2" type="stmt"/>
      </file>
      <file name="ImageOverlay.vue" path="/run/media/maxx/big/work/asciibird/src/components/modals/ImageOverlay.vue">
        <metrics statements="46" coveredstatements="32" conditionals="60" coveredconditionals="60" methods="18" coveredmethods="4"/>
        <line num="2" count="8" type="stmt"/>
        <line num="4" count="0" type="cond" truecount="2" falsecount="0"/>
        <line num="9" count="1" type="stmt"/>
        <line num="18" count="1" type="stmt"/>
        <line num="23" count="0" type="cond" truecount="4" falsecount="0"/>
        <line num="32" count="1" type="stmt"/>
        <line num="41" count="1" type="stmt"/>
        <line num="42" count="1" type="stmt"/>
        <line num="47" count="0" type="cond" truecount="4" falsecount="0"/>
        <line num="54" count="1" type="stmt"/>
        <line num="63" count="1" type="stmt"/>
        <line num="67" count="0" type="cond" truecount="2" falsecount="0"/>
        <line num="74" count="1" type="stmt"/>
        <line num="83" count="1" type="stmt"/>
        <line num="87" count="0" type="cond" truecount="2" falsecount="0"/>
        <line num="94" count="1" type="stmt"/>
        <line num="103" count="1" type="stmt"/>
        <line num="107" count="0" type="cond" truecount="2" falsecount="0"/>
        <line num="114" count="1" type="stmt"/>
        <line num="123" count="1" type="stmt"/>
        <line num="127" count="0" type="cond" truecount="2" falsecount="0"/>
        <line num="134" count="1" type="stmt"/>
        <line num="143" count="1" type="stmt"/>
        <line num="147" count="0" type="cond" truecount="2" falsecount="0"/>
        <line num="154" count="1" type="stmt"/>
        <line num="163" count="1" type="stmt"/>
        <line num="164" count="1" type="stmt"/>
        <line num="169" count="0" type="cond" truecount="4" falsecount="0"/>
        <line num="173" count="1" type="stmt"/>
        <line num="178" count="0" type="cond" truecount="4" falsecount="0"/>
        <line num="185" count="1" type="stmt"/>
        <line num="194" count="1" type="stmt"/>
        <line num="195" count="1" type="stmt"/>
        <line num="200" count="0" type="cond" truecount="4" falsecount="0"/>
        <line num="205" count="1" type="stmt"/>
        <line num="210" count="0" type="cond" truecount="4" falsecount="0"/>
        <line num="216" count="8" type="stmt"/>
        <line num="222" count="0" type="cond" truecount="2" falsecount="0"/>
        <line num="244" count="8" type="stmt"/>
        <line num="255" count="8" type="stmt"/>
        <line num="256" count="8" type="stmt"/>
        <line num="258" count="8" type="stmt"/>
        <line num="259" count="8" type="cond" truecount="2" falsecount="0"/>
        <line num="262" count="8" type="stmt"/>
        <line num="263" count="0" type="stmt"/>
        <line num="266" count="8" type="stmt"/>
      </file>
      <file name="NewAscii.vue" path="/run/media/maxx/big/work/asciibird/src/components/modals/NewAscii.vue">
        <metrics statements="32" coveredstatements="25" conditionals="22" coveredconditionals="21" methods="13" coveredmethods="7"/>
        <line num="2" count="10" type="stmt"/>
        <line num="4" count="0" type="cond" truecount="2" falsecount="0"/>
        <line num="9" count="1" type="stmt"/>
        <line num="18" count="1" type="stmt"/>
        <line num="23" count="0" type="cond" truecount="2" falsecount="0"/>
        <line num="29" count="1" type="stmt"/>
        <line num="38" count="1" type="stmt"/>
        <line num="43" count="0" type="cond" truecount="2" falsecount="0"/>
        <line num="47" count="1" type="stmt"/>
        <line num="52" count="0" type="cond" truecount="2" falsecount="0"/>
        <line num="57" count="14" type="stmt"/>
        <line num="62" count="1" type="stmt"/>
        <line num="67" count="0" type="cond" truecount="2" falsecount="0"/>
        <line num="78" count="0" type="cond" truecount="2" falsecount="0"/>
        <line num="86" count="14" type="stmt"/>
        <line num="98" count="10" type="stmt"/>
        <line num="99" count="10" type="stmt"/>
        <line num="101" count="10" type="stmt"/>
        <line num="109" count="10" type="stmt"/>
        <line num="112" count="1" type="stmt"/>
        <line num="118" count="12" type="stmt"/>
        <line num="119" count="12" type="stmt"/>
        <line num="120" count="12" type="stmt"/>
        <line num="124" count="2" type="stmt"/>
        <line num="125" count="2" type="stmt"/>
        <line num="128" count="2" type="stmt"/>
        <line num="131" count="2" type="stmt"/>
        <line num="134" count="10" type="stmt"/>
        <line num="135" count="10" type="cond" truecount="1" falsecount="1"/>
        <line num="136" count="0" type="stmt"/>
        <line num="138" count="10" type="stmt"/>
        <line num="142" count="10" type="stmt"/>
      </file>
      <file name="Options.vue" path="/run/media/maxx/big/work/asciibird/src/components/modals/Options.vue">
        <metrics statements="29" coveredstatements="22" conditionals="36" coveredconditionals="36" methods="13" coveredmethods="6"/>
        <line num="2" count="9" type="stmt"/>
        <line num="4" count="0" type="cond" truecount="2" falsecount="0"/>
        <line num="7" count="1" type="stmt"/>
        <line num="8" count="1" type="stmt"/>
        <line num="9" count="1" type="stmt"/>
        <line num="14" count="0" type="cond" truecount="2" falsecount="0"/>
        <line num="22" count="1" type="stmt"/>
        <line num="23" count="1" type="stmt"/>
        <line num="29" count="0" type="cond" truecount="2" falsecount="0"/>
        <line num="38" count="1" type="stmt"/>
        <line num="39" count="1" type="stmt"/>
        <line num="44" count="0" type="cond" truecount="2" falsecount="0"/>
        <line num="52" count="1" type="stmt"/>
        <line num="53" count="1" type="stmt"/>
        <line num="58" count="0" type="cond" truecount="2" falsecount="0"/>
        <line num="66" count="1" type="stmt"/>
        <line num="67" count="1" type="stmt"/>
        <line num="73" count="0" type="cond" truecount="2" falsecount="0"/>
        <line num="79" count="9" type="stmt"/>
        <line num="84" count="0" type="cond" truecount="2" falsecount="0"/>
        <line num="106" count="9" type="stmt"/>
        <line num="118" count="9" type="stmt"/>
        <line num="119" count="9" type="stmt"/>
        <line num="121" count="9" type="stmt"/>
        <line num="122" count="9" type="stmt"/>
        <line num="125" count="1" type="stmt"/>
        <line num="126" count="1" type="stmt"/>
        <line num="130" count="1" type="stmt"/>
        <line num="133" count="9" type="stmt"/>
      </file>
      <file name="PasteAscii.vue" path="/run/media/maxx/big/work/asciibird/src/components/modals/PasteAscii.vue">
        <metrics statements="22" coveredstatements="15" conditionals="16" coveredconditionals="14" methods="12" coveredmethods="6"/>
        <line num="2" count="8" type="stmt"/>
        <line num="4" count="0" type="cond" truecount="2" falsecount="0"/>
        <line num="8" count="12" type="stmt"/>
        <line num="12" count="0" type="cond" truecount="2" falsecount="0"/>
        <line num="18" count="0" type="cond" truecount="2" falsecount="0"/>
        <line num="24" count="1" type="stmt"/>
        <line num="28" count="0" type="cond" truecount="2" falsecount="0"/>
        <line num="39" count="0" type="cond" truecount="2" falsecount="0"/>
        <line num="48" count="12" type="stmt"/>
        <line num="59" count="8" type="stmt"/>
        <line num="61" count="8" type="stmt"/>
        <line num="62" count="8" type="stmt"/>
        <line num="64" count="8" type="stmt"/>
        <line num="65" count="12" type="stmt"/>
        <line num="68" count="2" type="stmt"/>
        <line num="69" count="2" type="stmt"/>
        <line num="73" count="1" type="stmt"/>
        <line num="74" count="1" type="stmt"/>
        <line num="77" count="8" type="stmt"/>
        <line num="78" count="0" type="cond" truecount="0" falsecount="2"/>
        <line num="79" count="0" type="stmt"/>
        <line num="83" count="8" type="stmt"/>
      </file>
    </package>
    <package name="src.components.parts">
      <metrics statements="789" coveredstatements="646" conditionals="474" coveredconditionals="355" methods="225" coveredmethods="154"/>
      <file name="BrushCanvas.vue" path="/run/media/maxx/big/work/asciibird/src/components/parts/BrushCanvas.vue">
        <metrics statements="107" coveredstatements="86" conditionals="43" coveredconditionals="29" methods="39" coveredmethods="27"/>
        <line num="2" count="44" type="stmt"/>
        <line num="3" count="3" type="stmt"/>
        <line num="23" count="0" type="cond" truecount="2" falsecount="0"/>
        <line num="29" count="0" type="cond" truecount="2" falsecount="0"/>
        <line num="35" count="0" type="cond" truecount="2" falsecount="0"/>
        <line num="41" count="0" type="cond" truecount="2" falsecount="0"/>
        <line num="46" count="44" type="stmt"/>
        <line num="73" count="44" type="stmt"/>
        <line num="79" count="44" type="stmt"/>
        <line num="80" count="44" type="stmt"/>
        <line num="81" count="44" type="stmt"/>
        <line num="82" count="44" type="stmt"/>
        <line num="85" count="44" type="stmt"/>
        <line num="86" count="44" type="stmt"/>
        <line num="87" count="44" type="stmt"/>
        <line num="88" count="44" type="stmt"/>
        <line num="91" count="44" type="stmt"/>
        <line num="92" count="44" type="stmt"/>
        <line num="95" count="44" type="stmt"/>
        <line num="96" count="44" type="stmt"/>
        <line num="98" count="44" type="stmt"/>
        <line num="99" count="44" type="stmt"/>
        <line num="101" count="44" type="stmt"/>
        <line num="102" count="44" type="cond" truecount="2" falsecount="0"/>
        <line num="104" count="44" type="stmt"/>
        <line num="105" count="44" type="stmt"/>
        <line num="106" count="44" type="stmt"/>
        <line num="107" count="44" type="stmt"/>
        <line num="108" count="44" type="stmt"/>
        <line num="114" count="44" type="stmt"/>
        <line num="115" count="44" type="stmt"/>
        <line num="128" count="0" type="stmt"/>
        <line num="132" count="44" type="stmt"/>
        <line num="133" count="44" type="cond" truecount="1" falsecount="1"/>
        <line num="135" count="44" type="stmt"/>
        <line num="137" count="44" type="stmt"/>
        <line num="142" count="1" type="stmt"/>
        <line num="143" count="1" type="stmt"/>
        <line num="150" count="2" type="stmt"/>
        <line num="151" count="2" type="cond" truecount="2" falsecount="1"/>
        <line num="153" count="1" type="stmt"/>
        <line num="155" count="1" type="stmt"/>
        <line num="158" count="0" type="stmt"/>
        <line num="161" count="1" type="stmt"/>
        <line num="162" count="1" type="stmt"/>
        <line num="166" count="1" type="stmt"/>
        <line num="171" count="1" type="stmt"/>
        <line num="172" count="1" type="stmt"/>
        <line num="177" count="1" type="stmt"/>
        <line num="178" count="1" type="stmt"/>
        <line num="179" count="1" type="stmt"/>
        <line num="183" count="1" type="cond" truecount="1" falsecount="1"/>
        <line num="184" count="1" type="stmt"/>
        <line num="185" count="1" type="stmt"/>
        <line num="189" count="3" type="cond" truecount="3" falsecount="1"/>
        <line num="191" count="3" type="stmt"/>
        <line num="192" count="3" type="stmt"/>
        <line num="193" count="3" type="stmt"/>
        <line num="194" count="3" type="stmt"/>
        <line num="196" count="3" type="stmt"/>
        <line num="197" count="3" type="cond" truecount="1" falsecount="1"/>
        <line num="199" count="3" type="stmt"/>
        <line num="200" count="3" type="stmt"/>
        <line num="201" count="3" type="stmt"/>
        <line num="203" count="3" type="stmt"/>
        <line num="204" count="2" type="stmt"/>
        <line num="205" count="2" type="cond" truecount="1" falsecount="1"/>
        <line num="206" count="2" type="stmt"/>
        <line num="208" count="2" type="cond" truecount="1" falsecount="1"/>
        <line num="209" count="2" type="stmt"/>
        <line num="210" count="2" type="stmt"/>
        <line num="213" count="2" type="stmt"/>
        <line num="216" count="2" type="cond" truecount="1" falsecount="1"/>
        <line num="217" count="2" type="stmt"/>
        <line num="225" count="46" type="cond" truecount="2" falsecount="0"/>
        <line num="226" count="45" type="stmt"/>
        <line num="229" count="45" type="cond" truecount="2" falsecount="0"/>
        <line num="230" count="1" type="stmt"/>
        <line num="232" count="45" type="cond" truecount="1" falsecount="1"/>
        <line num="233" count="0" type="stmt"/>
        <line num="236" count="45" type="stmt"/>
        <line num="237" count="0" type="stmt"/>
        <line num="238" count="0" type="stmt"/>
        <line num="239" count="0" type="stmt"/>
        <line num="240" count="0" type="stmt"/>
        <line num="241" count="0" type="stmt"/>
        <line num="247" count="44" type="stmt"/>
        <line num="248" count="0" type="cond" truecount="0" falsecount="2"/>
        <line num="249" count="0" type="stmt"/>
        <line num="250" count="0" type="stmt"/>
        <line num="252" count="0" type="cond" truecount="0" falsecount="2"/>
        <line num="253" count="0" type="stmt"/>
        <line num="254" count="0" type="stmt"/>
        <line num="259" count="44" type="stmt"/>
        <line num="267" count="2" type="stmt"/>
        <line num="268" count="1" type="stmt"/>
        <line num="269" count="1" type="stmt"/>
        <line num="270" count="1" type="stmt"/>
        <line num="271" count="1" type="stmt"/>
        <line num="272" count="1" type="stmt"/>
        <line num="273" count="2" type="stmt"/>
        <line num="274" count="2" type="stmt"/>
        <line num="275" count="2" type="stmt"/>
        <line num="276" count="0" type="stmt"/>
        <line num="277" count="0" type="stmt"/>
        <line num="278" count="0" type="stmt"/>
        <line num="279" count="1" type="stmt"/>
      </file>
      <file name="BrushPreview.vue" path="/run/media/maxx/big/work/asciibird/src/components/parts/BrushPreview.vue">
        <metrics statements="202" coveredstatements="175" conditionals="160" coveredconditionals="120" methods="46" coveredmethods="26"/>
        <line num="2" count="59" type="stmt"/>
        <line num="8" count="1" type="stmt"/>
        <line num="9" count="1" type="stmt"/>
        <line num="10" count="1" type="stmt"/>
        <line num="15" count="0" type="cond" truecount="2" falsecount="0"/>
        <line num="18" count="0" type="cond" truecount="2" falsecount="0"/>
        <line num="19" count="0" type="cond" truecount="2" falsecount="0"/>
        <line num="23" count="1" type="stmt"/>
        <line num="28" count="0" type="cond" truecount="2" falsecount="0"/>
        <line num="31" count="0" type="cond" truecount="2" falsecount="0"/>
        <line num="32" count="0" type="cond" truecount="2" falsecount="0"/>
        <line num="37" count="1" type="stmt"/>
        <line num="40" count="0" type="cond" truecount="2" falsecount="0"/>
        <line num="42" count="413" type="stmt"/>
        <line num="53" count="0" type="cond" truecount="2" falsecount="0"/>
        <line num="54" count="0" type="cond" truecount="2" falsecount="0"/>
        <line num="71" count="52" type="stmt"/>
        <line num="72" count="52" type="stmt"/>
        <line num="76" count="52" type="stmt"/>
        <line num="77" count="52" type="stmt"/>
        <line num="78" count="52" type="stmt"/>
        <line num="80" count="52" type="stmt"/>
        <line num="87" count="52" type="stmt"/>
        <line num="88" count="52" type="stmt"/>
        <line num="89" count="52" type="stmt"/>
        <line num="90" count="52" type="stmt"/>
        <line num="91" count="52" type="stmt"/>
        <line num="92" count="52" type="stmt"/>
        <line num="94" count="52" type="stmt"/>
        <line num="104" count="52" type="stmt"/>
        <line num="105" count="52" type="stmt"/>
        <line num="106" count="52" type="stmt"/>
        <line num="107" count="52" type="stmt"/>
        <line num="108" count="52" type="stmt"/>
        <line num="109" count="52" type="stmt"/>
        <line num="110" count="52" type="stmt"/>
        <line num="111" count="52" type="stmt"/>
        <line num="112" count="52" type="stmt"/>
        <line num="113" count="52" type="stmt"/>
        <line num="114" count="52" type="stmt"/>
        <line num="115" count="52" type="stmt"/>
        <line num="117" count="52" type="stmt"/>
        <line num="118" count="52" type="stmt"/>
        <line num="119" count="52" type="stmt"/>
        <line num="122" count="52" type="stmt"/>
        <line num="123" count="52" type="stmt"/>
        <line num="124" count="52" type="stmt"/>
        <line num="125" count="52" type="cond" truecount="2" falsecount="0"/>
        <line num="126" count="50" type="stmt"/>
        <line num="129" count="52" type="stmt"/>
        <line num="130" count="1" type="stmt"/>
        <line num="133" count="52" type="stmt"/>
        <line num="134" count="0" type="stmt"/>
        <line num="137" count="52" type="stmt"/>
        <line num="138" count="0" type="stmt"/>
        <line num="141" count="52" type="stmt"/>
        <line num="142" count="0" type="stmt"/>
        <line num="145" count="52" type="stmt"/>
        <line num="146" count="5" type="cond" truecount="1" falsecount="1"/>
        <line num="149" count="52" type="stmt"/>
        <line num="150" count="5" type="cond" truecount="1" falsecount="1"/>
        <line num="153" count="52" type="stmt"/>
        <line num="154" count="2" type="cond" truecount="1" falsecount="1"/>
        <line num="157" count="52" type="stmt"/>
        <line num="158" count="0" type="cond" truecount="0" falsecount="4"/>
        <line num="161" count="52" type="stmt"/>
        <line num="162" count="0" type="cond" truecount="0" falsecount="4"/>
        <line num="165" count="52" type="stmt"/>
        <line num="166" count="0" type="cond" truecount="0" falsecount="4"/>
        <line num="169" count="52" type="stmt"/>
        <line num="170" count="0" type="cond" truecount="0" falsecount="4"/>
        <line num="173" count="52" type="stmt"/>
        <line num="174" count="0" type="cond" truecount="0" falsecount="4"/>
        <line num="177" count="52" type="stmt"/>
        <line num="178" count="0" type="cond" truecount="0" falsecount="4"/>
        <line num="181" count="52" type="stmt"/>
        <line num="182" count="0" type="stmt"/>
        <line num="185" count="52" type="stmt"/>
        <line num="186" count="52" type="stmt"/>
        <line num="188" count="0" type="cond" truecount="0" falsecount="2"/>
        <line num="189" count="0" type="stmt"/>
        <line num="196" count="77" type="stmt"/>
        <line num="204" count="73" type="stmt"/>
        <line num="206" count="73" type="stmt"/>
        <line num="207" count="73" type="stmt"/>
        <line num="208" count="73" type="stmt"/>
        <line num="210" count="73" type="stmt"/>
        <line num="211" count="73" type="stmt"/>
        <line num="212" count="73" type="stmt"/>
        <line num="213" count="73" type="stmt"/>
        <line num="215" count="73" type="stmt"/>
        <line num="221" count="73" type="stmt"/>
        <line num="222" count="123" type="stmt"/>
        <line num="223" count="123" type="stmt"/>
        <line num="224" count="283" type="cond" truecount="7" falsecount="0"/>
        <line num="226" count="20" type="cond" truecount="4" falsecount="0"/>
        <line num="227" count="4" type="stmt"/>
        <line num="228" count="4" type="stmt"/>
        <line num="231" count="16" type="stmt"/>
        <line num="233" count="16" type="cond" truecount="3" falsecount="1"/>
        <line num="234" count="16" type="cond" truecount="4" falsecount="0"/>
        <line num="235" count="6" type="stmt"/>
        <line num="238" count="16" type="cond" truecount="4" falsecount="0"/>
        <line num="239" count="2" type="stmt"/>
        <line num="243" count="16" type="stmt"/>
        <line num="246" count="18" type="cond" truecount="4" falsecount="0"/>
        <line num="247" count="2" type="stmt"/>
        <line num="248" count="2" type="stmt"/>
        <line num="250" count="16" type="cond" truecount="4" falsecount="0"/>
        <line num="251" count="14" type="stmt"/>
        <line num="253" count="2" type="stmt"/>
        <line num="255" count="16" type="stmt"/>
        <line num="258" count="18" type="cond" truecount="4" falsecount="0"/>
        <line num="259" count="2" type="stmt"/>
        <line num="260" count="2" type="stmt"/>
        <line num="263" count="16" type="cond" truecount="1" falsecount="1"/>
        <line num="264" count="0" type="stmt"/>
        <line num="266" count="16" type="stmt"/>
        <line num="269" count="16" type="stmt"/>
        <line num="271" count="16" type="cond" truecount="2" falsecount="0"/>
        <line num="272" count="10" type="stmt"/>
        <line num="275" count="16" type="cond" truecount="4" falsecount="0"/>
        <line num="276" count="14" type="cond" truecount="4" falsecount="0"/>
        <line num="277" count="4" type="stmt"/>
        <line num="279" count="10" type="stmt"/>
        <line num="283" count="16" type="stmt"/>
        <line num="286" count="18" type="cond" truecount="4" falsecount="0"/>
        <line num="287" count="2" type="stmt"/>
        <line num="288" count="2" type="stmt"/>
        <line num="291" count="16" type="cond" truecount="1" falsecount="1"/>
        <line num="292" count="0" type="stmt"/>
        <line num="294" count="16" type="stmt"/>
        <line num="297" count="16" type="stmt"/>
        <line num="299" count="16" type="cond" truecount="2" falsecount="0"/>
        <line num="300" count="10" type="stmt"/>
        <line num="303" count="16" type="cond" truecount="4" falsecount="0"/>
        <line num="304" count="14" type="cond" truecount="2" falsecount="0"/>
        <line num="305" count="8" type="cond" truecount="2" falsecount="0"/>
        <line num="306" count="4" type="stmt"/>
        <line num="309" count="6" type="stmt"/>
        <line num="313" count="16" type="stmt"/>
        <line num="316" count="18" type="cond" truecount="4" falsecount="0"/>
        <line num="317" count="2" type="stmt"/>
        <line num="318" count="2" type="stmt"/>
        <line num="321" count="16" type="cond" truecount="1" falsecount="1"/>
        <line num="322" count="0" type="stmt"/>
        <line num="324" count="16" type="stmt"/>
        <line num="327" count="16" type="stmt"/>
        <line num="329" count="16" type="cond" truecount="2" falsecount="0"/>
        <line num="330" count="10" type="stmt"/>
        <line num="333" count="16" type="cond" truecount="4" falsecount="0"/>
        <line num="334" count="12" type="cond" truecount="1" falsecount="1"/>
        <line num="335" count="0" type="cond" truecount="0" falsecount="2"/>
        <line num="336" count="0" type="stmt"/>
        <line num="339" count="12" type="stmt"/>
        <line num="343" count="16" type="stmt"/>
        <line num="346" count="90" type="stmt"/>
        <line num="347" count="90" type="stmt"/>
        <line num="350" count="101" type="stmt"/>
        <line num="351" count="101" type="stmt"/>
        <line num="356" count="73" type="cond" truecount="1" falsecount="0"/>
        <line num="358" count="5" type="stmt"/>
        <line num="359" count="5" type="stmt"/>
        <line num="361" count="5" type="stmt"/>
        <line num="362" count="1805" type="stmt"/>
        <line num="363" count="1805" type="stmt"/>
        <line num="366" count="1805" type="stmt"/>
        <line num="370" count="1805" type="cond" truecount="3" falsecount="1"/>
        <line num="371" count="1805" type="stmt"/>
        <line num="375" count="5" type="stmt"/>
        <line num="376" count="5" type="stmt"/>
        <line num="380" count="73" type="stmt"/>
        <line num="384" count="5" type="stmt"/>
        <line num="388" count="8" type="stmt"/>
        <line num="389" count="8" type="stmt"/>
        <line num="390" count="8" type="cond" truecount="4" falsecount="0"/>
        <line num="391" count="5" type="cond" truecount="3" falsecount="1"/>
        <line num="392" count="0" type="stmt"/>
        <line num="395" count="5" type="stmt"/>
        <line num="396" count="5" type="stmt"/>
        <line num="397" count="5" type="cond" truecount="2" falsecount="0"/>
        <line num="400" count="4" type="stmt"/>
        <line num="401" count="4" type="stmt"/>
        <line num="405" count="4" type="stmt"/>
        <line num="406" count="84" type="stmt"/>
        <line num="407" count="84" type="stmt"/>
        <line num="409" count="84" type="cond" truecount="2" falsecount="0"/>
        <line num="410" count="68" type="cond" truecount="5" falsecount="1"/>
        <line num="412" count="68" type="stmt"/>
        <line num="413" count="68" type="cond" truecount="3" falsecount="1"/>
        <line num="415" count="68" type="stmt"/>
        <line num="416" count="68" type="cond" truecount="2" falsecount="0"/>
        <line num="418" count="20" type="stmt"/>
        <line num="419" count="20" type="stmt"/>
        <line num="420" count="20" type="stmt"/>
        <line num="421" count="20" type="stmt"/>
        <line num="423" count="20" type="stmt"/>
        <line num="424" count="20" type="stmt"/>
        <line num="425" count="20" type="stmt"/>
        <line num="426" count="20" type="stmt"/>
        <line num="431" count="52" type="stmt"/>
        <line num="455" count="1" type="stmt"/>
      </file>
      <file name="CharPicker.vue" path="/run/media/maxx/big/work/asciibird/src/components/parts/CharPicker.vue">
        <metrics statements="23" coveredstatements="20" conditionals="12" coveredconditionals="11" methods="10" coveredmethods="7"/>
        <line num="2" count="6" type="stmt"/>
        <line num="7" count="1" type="stmt"/>
        <line num="8" count="1" type="stmt"/>
        <line num="13" count="0" type="cond" truecount="2" falsecount="0"/>
        <line num="17" count="1752" type="stmt"/>
        <line num="23" count="0" type="stmt"/>
        <line num="42" count="6" type="stmt"/>
        <line num="48" count="6" type="stmt"/>
        <line num="49" count="6" type="stmt"/>
        <line num="50" count="6" type="stmt"/>
        <line num="52" count="6" type="stmt"/>
        <line num="56" count="6" type="stmt"/>
        <line num="58" count="6" type="stmt"/>
        <line num="59" count="6" type="stmt"/>
        <line num="60" count="6" type="stmt"/>
        <line num="61" count="6" type="stmt"/>
        <line num="63" count="6" type="stmt"/>
        <line num="64" count="6" type="cond" truecount="1" falsecount="1"/>
        <line num="65" count="6" type="cond" truecount="2" falsecount="0"/>
        <line num="66" count="1" type="stmt"/>
        <line num="68" count="5" type="stmt"/>
        <line num="72" count="1" type="stmt"/>
        <line num="76" count="0" type="stmt"/>
      </file>
      <file name="ColourPicker.vue" path="/run/media/maxx/big/work/asciibird/src/components/parts/ColourPicker.vue">
        <metrics statements="13" coveredstatements="12" conditionals="8" coveredconditionals="8" methods="3" coveredmethods="2"/>
        <line num="2" count="5" type="stmt"/>
        <line num="7" count="1" type="stmt"/>
        <line num="8" count="495" type="stmt"/>
        <line num="18" count="0" type="stmt"/>
        <line num="31" count="5" type="stmt"/>
        <line num="32" count="5" type="stmt"/>
        <line num="33" count="5" type="stmt"/>
        <line num="35" count="5" type="stmt"/>
        <line num="39" count="5" type="stmt"/>
        <line num="42" count="3" type="cond" truecount="2" falsecount="0"/>
        <line num="43" count="1" type="stmt"/>
        <line num="46" count="3" type="cond" truecount="2" falsecount="0"/>
        <line num="47" count="1" type="stmt"/>
      </file>
      <file name="ContextMenu.vue" path="/run/media/maxx/big/work/asciibird/src/components/parts/ContextMenu.vue">
        <metrics statements="24" coveredstatements="24" conditionals="10" coveredconditionals="5" methods="5" coveredmethods="5"/>
        <line num="2" count="9" type="stmt"/>
        <line num="17" count="7" type="stmt"/>
        <line num="18" count="7" type="stmt"/>
        <line num="19" count="7" type="stmt"/>
        <line num="20" count="7" type="stmt"/>
        <line num="22" count="9" type="stmt"/>
        <line num="28" count="1" type="stmt"/>
        <line num="29" count="1" type="stmt"/>
        <line num="30" count="1" type="stmt"/>
        <line num="34" count="2" type="cond" truecount="1" falsecount="1"/>
        <line num="35" count="2" type="stmt"/>
        <line num="36" count="2" type="stmt"/>
        <line num="37" count="2" type="stmt"/>
        <line num="38" count="2" type="cond" truecount="1" falsecount="1"/>
        <line num="39" count="2" type="cond" truecount="1" falsecount="1"/>
        <line num="40" count="2" type="cond" truecount="1" falsecount="1"/>
        <line num="41" count="2" type="cond" truecount="1" falsecount="1"/>
        <line num="45" count="2" type="stmt"/>
        <line num="46" count="2" type="stmt"/>
        <line num="47" count="2" type="stmt"/>
        <line num="48" count="2" type="stmt"/>
        <line num="49" count="2" type="stmt"/>
        <line num="50" count="2" type="stmt"/>
        <line num="54" count="7" type="stmt"/>
      </file>
      <file name="KeyboardShortcuts.vue" path="/run/media/maxx/big/work/asciibird/src/components/parts/KeyboardShortcuts.vue">
        <metrics statements="50" coveredstatements="49" conditionals="42" coveredconditionals="37" methods="11" coveredmethods="10"/>
        <line num="2" count="20" type="stmt"/>
        <line num="13" count="20" type="stmt"/>
        <line num="23" count="20" type="stmt"/>
        <line num="27" count="20" type="stmt"/>
        <line num="28" count="20" type="stmt"/>
        <line num="29" count="20" type="stmt"/>
        <line num="31" count="20" type="stmt"/>
        <line num="32" count="20" type="stmt"/>
        <line num="33" count="20" type="stmt"/>
        <line num="34" count="20" type="stmt"/>
        <line num="35" count="20" type="stmt"/>
        <line num="36" count="20" type="stmt"/>
        <line num="38" count="20" type="stmt"/>
        <line num="40" count="20" type="cond" truecount="4" falsecount="0"/>
        <line num="47" count="20" type="stmt"/>
        <line num="48" count="7" type="cond" truecount="2" falsecount="0"/>
        <line num="54" count="2" type="stmt"/>
        <line num="55" count="2" type="stmt"/>
        <line num="56" count="2" type="stmt"/>
        <line num="59" count="5" type="cond" truecount="2" falsecount="0"/>
        <line num="67" count="2" type="stmt"/>
        <line num="68" count="2" type="stmt"/>
        <line num="69" count="2" type="stmt"/>
        <line num="70" count="2" type="stmt"/>
        <line num="73" count="3" type="cond" truecount="2" falsecount="0"/>
        <line num="80" count="2" type="stmt"/>
        <line num="81" count="2" type="cond" truecount="2" falsecount="0"/>
        <line num="82" count="1" type="stmt"/>
        <line num="83" count="1" type="stmt"/>
        <line num="86" count="1" type="cond" truecount="1" falsecount="1"/>
        <line num="87" count="1" type="stmt"/>
        <line num="88" count="1" type="stmt"/>
        <line num="94" count="20" type="stmt"/>
        <line num="95" count="2" type="cond" truecount="2" falsecount="0"/>
        <line num="101" count="1" type="stmt"/>
        <line num="102" count="1" type="stmt"/>
        <line num="103" count="1" type="stmt"/>
        <line num="104" count="1" type="stmt"/>
        <line num="105" count="1" type="stmt"/>
        <line num="108" count="1" type="cond" truecount="1" falsecount="1"/>
        <line num="109" count="1" type="stmt"/>
        <line num="110" count="1" type="stmt"/>
        <line num="111" count="1" type="stmt"/>
        <line num="112" count="1" type="stmt"/>
        <line num="117" count="20" type="cond" truecount="2" falsecount="0"/>
        <line num="120" count="20" type="stmt"/>
        <line num="121" count="0" type="cond" truecount="0" falsecount="2"/>
        <line num="125" count="20" type="stmt"/>
        <line num="128" count="1" type="stmt"/>
        <line num="129" count="1" type="stmt"/>
      </file>
      <file name="Layers.vue" path="/run/media/maxx/big/work/asciibird/src/components/parts/Layers.vue">
        <metrics statements="100" coveredstatements="74" conditionals="74" coveredconditionals="69" methods="43" coveredmethods="23"/>
        <line num="2" count="30" type="stmt"/>
        <line num="3" count="3" type="stmt"/>
        <line num="7" count="0" type="cond" truecount="2" falsecount="0"/>
        <line num="19" count="0" type="cond" truecount="2" falsecount="0"/>
        <line num="31" count="3" type="stmt"/>
        <line num="32" count="3" type="stmt"/>
        <line num="33" count="3" type="stmt"/>
        <line num="50" count="3" type="stmt"/>
        <line num="51" count="3" type="stmt"/>
        <line num="52" count="3" type="stmt"/>
        <line num="71" count="0" type="cond" truecount="2" falsecount="0"/>
        <line num="78" count="0" type="cond" truecount="2" falsecount="0"/>
        <line num="85" count="0" type="cond" truecount="2" falsecount="0"/>
        <line num="92" count="0" type="cond" truecount="2" falsecount="0"/>
        <line num="99" count="0" type="cond" truecount="2" falsecount="0"/>
        <line num="105" count="0" type="cond" truecount="2" falsecount="0"/>
        <line num="112" count="0" type="cond" truecount="2" falsecount="0"/>
        <line num="117" count="30" type="stmt"/>
        <line num="124" count="33" type="stmt"/>
        <line num="128" count="0" type="stmt"/>
        <line num="136" count="0" type="stmt"/>
        <line num="141" count="0" type="stmt"/>
        <line num="155" count="0" type="stmt"/>
        <line num="165" count="3" type="stmt"/>
        <line num="166" count="3" type="stmt"/>
        <line num="169" count="0" type="stmt"/>
        <line num="171" count="3" type="stmt"/>
        <line num="172" count="0" type="stmt"/>
        <line num="178" count="3" type="stmt"/>
        <line num="182" count="0" type="stmt"/>
        <line num="194" count="0" type="stmt"/>
        <line num="220" count="30" type="stmt"/>
        <line num="221" count="30" type="stmt"/>
        <line num="222" count="30" type="stmt"/>
        <line num="223" count="30" type="stmt"/>
        <line num="225" count="30" type="stmt"/>
        <line num="227" count="30" type="stmt"/>
        <line num="229" count="30" type="stmt"/>
        <line num="230" count="30" type="stmt"/>
        <line num="232" count="30" type="cond" truecount="2" falsecount="0"/>
        <line num="233" count="2" type="stmt"/>
        <line num="237" count="6" type="stmt"/>
        <line num="239" count="2" type="stmt"/>
        <line num="242" count="30" type="stmt"/>
        <line num="245" count="30" type="stmt"/>
        <line num="246" count="1" type="stmt"/>
        <line num="249" count="30" type="stmt"/>
        <line num="250" count="30" type="stmt"/>
        <line num="253" count="30" type="stmt"/>
        <line num="254" count="30" type="cond" truecount="2" falsecount="0"/>
        <line num="257" count="30" type="stmt"/>
        <line num="258" count="30" type="stmt"/>
        <line num="259" count="30" type="cond" truecount="2" falsecount="0"/>
        <line num="262" count="30" type="stmt"/>
        <line num="263" count="0" type="stmt"/>
        <line num="267" count="1" type="stmt"/>
        <line num="268" count="1" type="stmt"/>
        <line num="275" count="2" type="stmt"/>
        <line num="276" count="2" type="stmt"/>
        <line num="277" count="2" type="cond" truecount="4" falsecount="0"/>
        <line num="278" count="1" type="stmt"/>
        <line num="282" count="2" type="cond" truecount="2" falsecount="0"/>
        <line num="283" count="1" type="stmt"/>
        <line num="284" count="1" type="stmt"/>
        <line num="289" count="36" type="cond" truecount="2" falsecount="0"/>
        <line num="290" count="3" type="stmt"/>
        <line num="293" count="33" type="cond" truecount="2" falsecount="0"/>
        <line num="294" count="28" type="stmt"/>
        <line num="297" count="5" type="stmt"/>
        <line num="301" count="0" type="stmt"/>
        <line num="302" count="0" type="stmt"/>
        <line num="309" count="0" type="stmt"/>
        <line num="310" count="0" type="cond" truecount="0" falsecount="2"/>
        <line num="311" count="0" type="stmt"/>
        <line num="314" count="0" type="stmt"/>
        <line num="317" count="0" type="cond" truecount="0" falsecount="2"/>
        <line num="318" count="0" type="stmt"/>
        <line num="324" count="1" type="stmt"/>
        <line num="325" count="1" type="stmt"/>
        <line num="329" count="1" type="stmt"/>
        <line num="330" count="1" type="stmt"/>
        <line num="331" count="1" type="stmt"/>
        <line num="335" count="1" type="stmt"/>
        <line num="336" count="1" type="stmt"/>
        <line num="337" count="1" type="stmt"/>
        <line num="341" count="2" type="stmt"/>
        <line num="345" count="1" type="stmt"/>
        <line num="346" count="1" type="stmt"/>
        <line num="350" count="1" type="stmt"/>
        <line num="351" count="1" type="stmt"/>
        <line num="355" count="1" type="stmt"/>
        <line num="356" count="1" type="stmt"/>
        <line num="360" count="1" type="stmt"/>
        <line num="361" count="1" type="stmt"/>
        <line num="362" count="1" type="stmt"/>
        <line num="366" count="1" type="stmt"/>
        <line num="370" count="1" type="stmt"/>
        <line num="371" count="1" type="stmt"/>
        <line num="372" count="1" type="stmt"/>
        <line num="376" count="8" type="stmt"/>
      </file>
      <file name="MainBrushCanvas.vue" path="/run/media/maxx/big/work/asciibird/src/components/parts/MainBrushCanvas.vue">
        <metrics statements="178" coveredstatements="145" conditionals="89" coveredconditionals="63" methods="53" coveredmethods="39"/>
        <line num="2" count="54" type="stmt"/>
        <line num="17" count="0" type="cond" truecount="2" falsecount="0"/>
        <line num="30" count="0" type="cond" truecount="2" falsecount="0"/>
        <line num="36" count="0" type="cond" truecount="2" falsecount="0"/>
        <line num="42" count="0" type="cond" truecount="2" falsecount="0"/>
        <line num="48" count="0" type="cond" truecount="2" falsecount="0"/>
        <line num="53" count="54" type="stmt"/>
        <line num="83" count="54" type="stmt"/>
        <line num="84" count="54" type="stmt"/>
        <line num="85" count="54" type="stmt"/>
        <line num="86" count="54" type="stmt"/>
        <line num="89" count="54" type="stmt"/>
        <line num="90" count="54" type="stmt"/>
        <line num="91" count="54" type="stmt"/>
        <line num="92" count="54" type="stmt"/>
        <line num="95" count="54" type="stmt"/>
        <line num="96" count="54" type="stmt"/>
        <line num="97" count="54" type="stmt"/>
        <line num="98" count="54" type="stmt"/>
        <line num="99" count="54" type="stmt"/>
        <line num="100" count="54" type="stmt"/>
        <line num="103" count="54" type="stmt"/>
        <line num="104" count="54" type="stmt"/>
        <line num="105" count="54" type="stmt"/>
        <line num="107" count="54" type="stmt"/>
        <line num="108" count="54" type="stmt"/>
        <line num="110" count="54" type="stmt"/>
        <line num="111" count="54" type="stmt"/>
        <line num="112" count="54" type="cond" truecount="1" falsecount="1"/>
        <line num="113" count="54" type="stmt"/>
        <line num="114" count="54" type="stmt"/>
        <line num="115" count="54" type="stmt"/>
        <line num="116" count="54" type="stmt"/>
        <line num="117" count="54" type="stmt"/>
        <line num="118" count="54" type="stmt"/>
        <line num="119" count="54" type="stmt"/>
        <line num="126" count="54" type="stmt"/>
        <line num="127" count="54" type="stmt"/>
        <line num="141" count="0" type="stmt"/>
        <line num="145" count="54" type="stmt"/>
        <line num="146" count="54" type="cond" truecount="1" falsecount="1"/>
        <line num="148" count="54" type="stmt"/>
        <line num="150" count="54" type="stmt"/>
        <line num="155" count="1" type="stmt"/>
        <line num="156" count="1" type="stmt"/>
        <line num="160" count="1" type="stmt"/>
        <line num="161" count="1" type="cond" truecount="1" falsecount="2"/>
        <line num="163" count="1" type="stmt"/>
        <line num="165" count="1" type="stmt"/>
        <line num="168" count="0" type="stmt"/>
        <line num="171" count="1" type="stmt"/>
        <line num="172" count="1" type="stmt"/>
        <line num="176" count="0" type="stmt"/>
        <line num="181" count="0" type="stmt"/>
        <line num="182" count="0" type="stmt"/>
        <line num="187" count="1" type="stmt"/>
        <line num="188" count="1" type="stmt"/>
        <line num="189" count="1" type="stmt"/>
        <line num="193" count="0" type="cond" truecount="0" falsecount="2"/>
        <line num="194" count="0" type="stmt"/>
        <line num="195" count="0" type="stmt"/>
        <line num="199" count="3" type="cond" truecount="1" falsecount="1"/>
        <line num="200" count="3" type="stmt"/>
        <line num="202" count="3" type="cond" truecount="1" falsecount="1"/>
        <line num="203" count="3" type="stmt"/>
        <line num="206" count="3" type="stmt"/>
        <line num="207" count="3" type="stmt"/>
        <line num="209" count="3" type="cond" truecount="2" falsecount="0"/>
        <line num="210" count="1" type="stmt"/>
        <line num="211" count="1" type="stmt"/>
        <line num="212" count="1" type="stmt"/>
        <line num="215" count="3" type="cond" truecount="2" falsecount="0"/>
        <line num="216" count="2" type="stmt"/>
        <line num="217" count="2" type="stmt"/>
        <line num="218" count="2" type="stmt"/>
        <line num="223" count="1" type="cond" truecount="3" falsecount="1"/>
        <line num="224" count="1" type="stmt"/>
        <line num="225" count="1" type="stmt"/>
        <line num="226" count="1" type="stmt"/>
        <line num="228" count="1" type="stmt"/>
        <line num="229" count="1" type="stmt"/>
        <line num="230" count="33" type="stmt"/>
        <line num="231" count="33" type="stmt"/>
        <line num="233" count="1" type="stmt"/>
        <line num="234" count="1" type="stmt"/>
        <line num="235" count="1" type="stmt"/>
        <line num="236" count="1" type="stmt"/>
        <line num="238" count="1" type="stmt"/>
        <line num="239" count="1" type="stmt"/>
        <line num="240" count="18" type="stmt"/>
        <line num="241" count="18" type="stmt"/>
        <line num="243" count="1" type="stmt"/>
        <line num="247" count="1" type="cond" truecount="3" falsecount="1"/>
        <line num="249" count="1" type="stmt"/>
        <line num="250" count="1" type="stmt"/>
        <line num="251" count="1" type="stmt"/>
        <line num="252" count="1" type="stmt"/>
        <line num="254" count="1" type="stmt"/>
        <line num="255" count="1" type="cond" truecount="1" falsecount="1"/>
        <line num="257" count="1" type="stmt"/>
        <line num="258" count="1" type="stmt"/>
        <line num="259" count="1" type="stmt"/>
        <line num="261" count="1" type="stmt"/>
        <line num="262" count="3" type="stmt"/>
        <line num="263" count="9" type="cond" truecount="1" falsecount="1"/>
        <line num="264" count="9" type="stmt"/>
        <line num="266" count="9" type="cond" truecount="1" falsecount="1"/>
        <line num="267" count="0" type="stmt"/>
        <line num="268" count="0" type="stmt"/>
        <line num="271" count="9" type="stmt"/>
        <line num="274" count="9" type="cond" truecount="1" falsecount="1"/>
        <line num="275" count="0" type="stmt"/>
        <line num="281" count="1" type="cond" truecount="1" falsecount="1"/>
        <line num="282" count="0" type="stmt"/>
        <line num="287" count="66" type="cond" truecount="2" falsecount="0"/>
        <line num="288" count="55" type="stmt"/>
        <line num="291" count="55" type="cond" truecount="2" falsecount="0"/>
        <line num="292" count="1" type="stmt"/>
        <line num="294" count="55" type="cond" truecount="1" falsecount="1"/>
        <line num="295" count="0" type="stmt"/>
        <line num="298" count="55" type="stmt"/>
        <line num="299" count="0" type="stmt"/>
        <line num="300" count="0" type="stmt"/>
        <line num="301" count="0" type="stmt"/>
        <line num="302" count="0" type="stmt"/>
        <line num="303" count="0" type="stmt"/>
        <line num="309" count="54" type="stmt"/>
        <line num="310" count="0" type="cond" truecount="0" falsecount="2"/>
        <line num="311" count="0" type="stmt"/>
        <line num="312" count="0" type="stmt"/>
        <line num="314" count="0" type="cond" truecount="0" falsecount="2"/>
        <line num="315" count="0" type="stmt"/>
        <line num="316" count="0" type="stmt"/>
        <line num="321" count="1" type="cond" truecount="2" falsecount="3"/>
        <line num="322" count="0" type="stmt"/>
        <line num="327" count="6" type="stmt"/>
        <line num="329" count="6" type="cond" truecount="2" falsecount="0"/>
        <line num="330" count="5" type="stmt"/>
        <line num="332" count="6" type="cond" truecount="2" falsecount="0"/>
        <line num="333" count="5" type="stmt"/>
        <line num="335" count="6" type="cond" truecount="2" falsecount="0"/>
        <line num="336" count="5" type="stmt"/>
        <line num="339" count="6" type="stmt"/>
        <line num="340" count="6" type="stmt"/>
        <line num="344" count="4" type="stmt"/>
        <line num="345" count="4" type="cond" truecount="1" falsecount="1"/>
        <line num="347" count="4" type="cond" truecount="4" falsecount="0"/>
        <line num="348" count="3" type="stmt"/>
        <line num="350" count="4" type="cond" truecount="4" falsecount="0"/>
        <line num="351" count="3" type="stmt"/>
        <line num="353" count="4" type="cond" truecount="4" falsecount="0"/>
        <line num="354" count="3" type="stmt"/>
        <line num="357" count="4" type="stmt"/>
        <line num="361" count="1" type="stmt"/>
        <line num="362" count="1" type="stmt"/>
        <line num="366" count="4" type="stmt"/>
        <line num="368" count="4" type="cond" truecount="5" falsecount="0"/>
        <line num="369" count="2" type="stmt"/>
        <line num="370" count="2" type="stmt"/>
        <line num="371" count="2" type="stmt"/>
        <line num="372" count="2" type="stmt"/>
        <line num="377" count="54" type="stmt"/>
        <line num="389" count="2" type="stmt"/>
        <line num="390" count="1" type="stmt"/>
        <line num="391" count="1" type="stmt"/>
        <line num="392" count="2" type="stmt"/>
        <line num="393" count="2" type="stmt"/>
        <line num="394" count="2" type="stmt"/>
        <line num="395" count="1" type="stmt"/>
        <line num="396" count="1" type="stmt"/>
        <line num="397" count="1" type="stmt"/>
[...]
        <line num="1747" count="0" type="stmt"/>
        <line num="1750" count="0" type="stmt"/>
        <line num="1751" count="0" type="stmt"/>
        <line num="1753" count="0" type="stmt"/>
        <line num="1754" count="0" type="stmt"/>
        <line num="1756" count="0" type="cond" truecount="0" falsecount="2"/>
        <line num="1760" count="0" type="stmt"/>
        <line num="1762" count="0" type="cond" truecount="0" falsecount="2"/>
        <line num="1763" count="0" type="cond" truecount="0" falsecount="2"/>
        <line num="1764" count="0" type="stmt"/>
        <line num="1766" count="0" type="cond" truecount="0" falsecount="2"/>
        <line num="1767" count="0" type="stmt"/>
        <line num="1769" count="0" type="cond" truecount="0" falsecount="2"/>
        <line num="1770" count="0" type="stmt"/>
        <line num="1772" count="0" type="stmt"/>
        <line num="1775" count="0" type="cond" truecount="0" falsecount="2"/>
        <line num="1776" count="0" type="stmt"/>
        <line num="1778" count="0" type="cond" truecount="0" falsecount="2"/>
        <line num="1779" count="0" type="stmt"/>
        <line num="1792" count="25" type="cond" truecount="2" falsecount="0"/>
        <line num="1793" count="5" type="stmt"/>
        <line num="1795" count="25" type="cond" truecount="1" falsecount="1"/>
        <line num="1796" count="25" type="stmt"/>
        <line num="1799" count="25" type="cond" truecount="2" falsecount="0"/>
        <line num="1800" count="5" type="stmt"/>
        <line num="1802" count="25" type="cond" truecount="1" falsecount="1"/>
        <line num="1803" count="25" type="stmt"/>
        <line num="1808" count="0" type="cond" truecount="0" falsecount="2"/>
        <line num="1810" count="0" type="stmt"/>
        <line num="1812" count="0" type="stmt"/>
        <line num="1814" count="0" type="stmt"/>
        <line num="1815" count="0" type="stmt"/>
        <line num="1817" count="0" type="stmt"/>
        <line num="1819" count="0" type="stmt"/>
        <line num="1821" count="0" type="stmt"/>
        <line num="1822" count="0" type="stmt"/>
        <line num="1824" count="0" type="cond" truecount="0" falsecount="2"/>
        <line num="1826" count="0" type="cond" truecount="0" falsecount="2"/>
        <line num="1830" count="0" type="stmt"/>
        <line num="1833" count="0" type="stmt"/>
        <line num="1834" count="0" type="stmt"/>
        <line num="1836" count="0" type="cond" truecount="0" falsecount="4"/>
        <line num="1837" count="0" type="stmt"/>
        <line num="1839" count="0" type="cond" truecount="0" falsecount="4"/>
        <line num="1840" count="0" type="stmt"/>
        <line num="1842" count="0" type="cond" truecount="0" falsecount="4"/>
        <line num="1843" count="0" type="stmt"/>
        <line num="1846" count="0" type="stmt"/>
        <line num="1848" count="0" type="stmt"/>
        <line num="1849" count="0" type="cond" truecount="0" falsecount="2"/>
        <line num="1850" count="0" type="cond" truecount="0" falsecount="2"/>
        <line num="1854" count="0" type="stmt"/>
        <line num="1855" count="0" type="stmt"/>
        <line num="1857" count="0" type="cond" truecount="0" falsecount="4"/>
        <line num="1858" count="0" type="stmt"/>
        <line num="1860" count="0" type="cond" truecount="0" falsecount="4"/>
        <line num="1861" count="0" type="stmt"/>
        <line num="1863" count="0" type="cond" truecount="0" falsecount="4"/>
        <line num="1864" count="0" type="stmt"/>
        <line num="1867" count="0" type="stmt"/>
        <line num="1871" count="0" type="stmt"/>
        <line num="1872" count="0" type="cond" truecount="0" falsecount="2"/>
        <line num="1873" count="0" type="cond" truecount="0" falsecount="2"/>
        <line num="1877" count="0" type="stmt"/>
        <line num="1878" count="0" type="stmt"/>
        <line num="1880" count="0" type="cond" truecount="0" falsecount="4"/>
        <line num="1881" count="0" type="stmt"/>
        <line num="1883" count="0" type="cond" truecount="0" falsecount="4"/>
        <line num="1884" count="0" type="stmt"/>
        <line num="1886" count="0" type="cond" truecount="0" falsecount="4"/>
        <line num="1887" count="0" type="stmt"/>
        <line num="1890" count="0" type="stmt"/>
        <line num="1894" count="0" type="cond" truecount="0" falsecount="4"/>
        <line num="1895" count="0" type="cond" truecount="0" falsecount="2"/>
        <line num="1899" count="0" type="stmt"/>
        <line num="1900" count="0" type="stmt"/>
        <line num="1902" count="0" type="cond" truecount="0" falsecount="4"/>
        <line num="1903" count="0" type="stmt"/>
        <line num="1905" count="0" type="cond" truecount="0" falsecount="4"/>
        <line num="1906" count="0" type="stmt"/>
        <line num="1908" count="0" type="cond" truecount="0" falsecount="4"/>
        <line num="1909" count="0" type="stmt"/>
        <line num="1912" count="0" type="stmt"/>
        <line num="1921" count="1" type="stmt"/>
        <line num="1926" count="1" type="stmt"/>
        <line num="1927" count="1" type="cond" truecount="1" falsecount="1"/>
        <line num="1928" count="0" type="stmt"/>
        <line num="1930" count="1" type="cond" truecount="1" falsecount="1"/>
        <line num="1931" count="0" type="stmt"/>
        <line num="1933" count="1" type="cond" truecount="2" falsecount="2"/>
        <line num="1934" count="0" type="stmt"/>
        <line num="1937" count="1" type="stmt"/>
        <line num="1950" count="1" type="stmt"/>
        <line num="1951" count="25" type="cond" truecount="1" falsecount="1"/>
        <line num="1956" count="25" type="stmt"/>
        <line num="1962" count="71" type="stmt"/>
      </file>
    </package>
    <package name="tests.unit">
      <metrics statements="261" coveredstatements="146" conditionals="114" coveredconditionals="53" methods="142" coveredmethods="64"/>
      <file name="helpers.ts" path="/run/media/maxx/big/work/asciibird/tests/unit/helpers.ts">
        <metrics statements="261" coveredstatements="146" conditionals="114" coveredconditionals="53" methods="142" coveredmethods="64"/>
        <line num="16" count="9" type="stmt"/>
        <line num="55" count="9" type="stmt"/>
        <line num="60" count="9" type="stmt"/>
        <line num="64" count="9" type="stmt"/>
        <line num="70" count="4" type="stmt"/>
        <line num="72" count="4" type="stmt"/>
        <line num="73" count="0" type="cond" truecount="0" falsecount="2"/>
        <line num="74" count="0" type="stmt"/>
        <line num="75" count="0" type="stmt"/>
        <line num="77" count="0" type="stmt"/>
        <line num="78" count="0" type="cond" truecount="0" falsecount="2"/>
        <line num="79" count="0" type="stmt"/>
        <line num="81" count="0" type="stmt"/>
        <line num="84" count="4" type="stmt"/>
        <line num="85" count="4" type="stmt"/>
        <line num="86" count="4" type="stmt"/>
        <line num="87" count="4" type="stmt"/>
        <line num="89" count="4" type="stmt"/>
        <line num="90" count="4" type="stmt"/>
        <line num="91" count="4" type="stmt"/>
        <line num="92" count="4" type="stmt"/>
        <line num="93" count="4" type="stmt"/>
        <line num="95" count="4" type="stmt"/>
        <line num="101" count="803" type="stmt"/>
        <line num="156" count="314" type="stmt"/>
        <line num="157" count="314" type="stmt"/>
        <line num="167" count="314" type="stmt"/>
        <line num="171" count="33" type="stmt"/>
        <line num="172" count="165" type="stmt"/>
        <line num="173" count="165" type="stmt"/>
        <line num="174" count="165" type="stmt"/>
        <line num="175" count="182" type="stmt"/>
        <line num="176" count="181" type="stmt"/>
        <line num="177" count="167" type="stmt"/>
        <line num="178" count="150" type="stmt"/>
        <line num="179" count="150" type="stmt"/>
        <line num="180" count="52" type="stmt"/>
        <line num="182" count="137" type="stmt"/>
        <line num="187" count="0" type="stmt"/>
        <line num="194" count="3" type="stmt"/>
        <line num="195" count="3" type="stmt"/>
        <line num="196" count="3" type="stmt"/>
        <line num="199" count="3" type="stmt"/>
        <line num="200" count="3" type="stmt"/>
        <line num="201" count="3" type="stmt"/>
        <line num="204" count="3" type="stmt"/>
        <line num="205" count="3" type="stmt"/>
        <line num="206" count="3" type="cond" truecount="1" falsecount="1"/>
        <line num="207" count="3" type="stmt"/>
        <line num="211" count="6" type="stmt"/>
        <line num="214" count="0" type="stmt"/>
        <line num="217" count="2" type="stmt"/>
        <line num="220" count="2" type="stmt"/>
        <line num="223" count="2" type="stmt"/>
        <line num="226" count="0" type="stmt"/>
        <line num="229" count="0" type="stmt"/>
        <line num="232" count="0" type="stmt"/>
        <line num="235" count="0" type="stmt"/>
        <line num="238" count="2" type="stmt"/>
        <line num="239" count="2" type="stmt"/>
        <line num="242" count="77" type="cond" truecount="1" falsecount="1"/>
        <line num="243" count="77" type="stmt"/>
        <line num="245" count="77" type="cond" truecount="1" falsecount="1"/>
        <line num="246" count="77" type="stmt"/>
        <line num="248" count="77" type="cond" truecount="1" falsecount="1"/>
        <line num="249" count="77" type="stmt"/>
        <line num="253" count="76" type="stmt"/>
        <line num="258" count="0" type="stmt"/>
        <line num="263" count="0" type="stmt"/>
        <line num="266" count="0" type="stmt"/>
        <line num="269" count="0" type="stmt"/>
        <line num="272" count="0" type="stmt"/>
        <line num="273" count="0" type="stmt"/>
        <line num="274" count="0" type="stmt"/>
        <line num="275" count="0" type="stmt"/>
        <line num="276" count="0" type="stmt"/>
        <line num="279" count="3" type="stmt"/>
        <line num="283" count="0" type="stmt"/>
        <line num="284" count="0" type="cond" truecount="0" falsecount="2"/>
        <line num="285" count="0" type="stmt"/>
        <line num="294" count="8" type="stmt"/>
        <line num="295" count="8" type="cond" truecount="1" falsecount="1"/>
        <line num="296" count="8" type="stmt"/>
        <line num="305" count="1" type="stmt"/>
        <line num="306" count="1" type="stmt"/>
        <line num="307" count="0" type="stmt"/>
        <line num="311" count="1" type="stmt"/>
        <line num="312" count="1" type="stmt"/>
        <line num="313" count="0" type="stmt"/>
        <line num="317" count="1" type="cond" truecount="1" falsecount="1"/>
        <line num="318" count="1" type="stmt"/>
        <line num="319" count="1" type="stmt"/>
        <line num="320" count="1" type="stmt"/>
        <line num="324" count="1" type="cond" truecount="1" falsecount="1"/>
        <line num="325" count="1" type="stmt"/>
        <line num="326" count="1" type="stmt"/>
        <line num="327" count="1" type="stmt"/>
        <line num="340" count="404" type="stmt"/>
        <line num="353" count="404" type="stmt"/>
        <line num="355" count="404" type="stmt"/>
        <line num="358" count="224" type="stmt"/>
        <line num="361" count="4" type="stmt"/>
        <line num="370" count="4" type="cond" truecount="1" falsecount="1"/>
        <line num="373" count="2" type="stmt"/>
        <line num="382" count="2" type="cond" truecount="1" falsecount="1"/>
        <line num="385" count="0" type="stmt"/>
        <line num="394" count="33" type="stmt"/>
        <line num="409" count="33" type="stmt"/>
        <line num="411" count="33" type="stmt"/>
        <line num="413" count="0" type="stmt"/>
        <line num="414" count="0" type="stmt"/>
        <line num="415" count="1" type="stmt"/>
        <line num="416" count="0" type="stmt"/>
        <line num="417" count="0" type="stmt"/>
        <line num="418" count="0" type="stmt"/>
        <line num="426" count="458" type="stmt"/>
        <line num="432" count="4122" type="stmt"/>
        <line num="433" count="1374" type="stmt"/>
        <line num="437" count="458" type="stmt"/>
        <line num="508" count="458" type="stmt"/>
        <line num="513" count="458" type="stmt"/>
        <line num="518" count="0" type="stmt"/>
        <line num="519" count="0" type="stmt"/>
        <line num="520" count="0" type="stmt"/>
        <line num="521" count="0" type="stmt"/>
        <line num="523" count="0" type="stmt"/>
        <line num="525" count="0" type="stmt"/>
        <line num="526" count="0" type="stmt"/>
        <line num="528" count="0" type="stmt"/>
        <line num="531" count="0" type="stmt"/>
        <line num="534" count="189" type="cond" truecount="2" falsecount="0"/>
        <line num="537" count="105" type="stmt"/>
        <line num="538" count="105" type="cond" truecount="2" falsecount="0"/>
        <line num="539" count="104" type="stmt"/>
        <line num="544" count="0" type="stmt"/>
        <line num="549" count="0" type="cond" truecount="0" falsecount="2"/>
        <line num="554" count="30" type="cond" truecount="2" falsecount="0"/>
        <line num="556" count="0" type="stmt"/>
        <line num="558" count="0" type="stmt"/>
        <line num="562" count="0" type="stmt"/>
        <line num="563" count="56" type="stmt"/>
        <line num="564" count="0" type="stmt"/>
        <line num="565" count="0" type="stmt"/>
        <line num="567" count="106" type="stmt"/>
        <line num="570" count="0" type="stmt"/>
        <line num="575" count="0" type="stmt"/>
        <line num="578" count="0" type="stmt"/>
        <line num="581" count="0" type="stmt"/>
        <line num="586" count="0" type="stmt"/>
        <line num="595" count="0" type="cond" truecount="0" falsecount="2"/>
        <line num="596" count="0" type="stmt"/>
        <line num="599" count="0" type="stmt"/>
        <line num="608" count="0" type="cond" truecount="0" falsecount="2"/>
        <line num="609" count="0" type="stmt"/>
        <line num="612" count="0" type="stmt"/>
        <line num="615" count="0" type="stmt"/>
        <line num="618" count="0" type="stmt"/>
        <line num="621" count="0" type="stmt"/>
        <line num="624" count="1" type="stmt"/>
        <line num="627" count="0" type="stmt"/>
        <line num="628" count="0" type="stmt"/>
        <line num="631" count="0" type="stmt"/>
        <line num="634" count="0" type="stmt"/>
        <line num="637" count="0" type="stmt"/>
        <line num="640" count="0" type="stmt"/>
        <line num="643" count="0" type="stmt"/>
        <line num="646" count="0" type="stmt"/>
        <line num="649" count="0" type="stmt"/>
        <line num="652" count="3" type="stmt"/>
        <line num="653" count="3" type="cond" truecount="1" falsecount="1"/>
        <line num="654" count="3" type="stmt"/>
        <line num="660" count="2" type="stmt"/>
        <line num="663" count="1" type="stmt"/>
        <line num="664" count="1" type="stmt"/>
        <line num="667" count="0" type="stmt"/>
        <line num="672" count="0" type="stmt"/>
        <line num="673" count="0" type="cond" truecount="0" falsecount="2"/>
        <line num="674" count="0" type="stmt"/>
        <line num="683" count="0" type="stmt"/>
        <line num="684" count="0" type="stmt"/>
        <line num="685" count="0" type="stmt"/>
        <line num="689" count="0" type="stmt"/>
        <line num="690" count="0" type="stmt"/>
        <line num="691" count="0" type="stmt"/>
        <line num="695" count="0" type="cond" truecount="0" falsecount="2"/>
        <line num="696" count="0" type="stmt"/>
        <line num="697" count="0" type="stmt"/>
        <line num="698" count="0" type="stmt"/>
        <line num="702" count="0" type="cond" truecount="0" falsecount="2"/>
        <line num="703" count="0" type="stmt"/>
        <line num="704" count="0" type="stmt"/>
        <line num="705" count="0" type="stmt"/>
        <line num="709" count="1" type="stmt"/>
        <line num="710" count="1" type="cond" truecount="1" falsecount="1"/>
        <line num="713" count="5" type="stmt"/>
        <line num="714" count="5" type="cond" truecount="2" falsecount="0"/>
        <line num="717" count="4" type="stmt"/>
        <line num="718" count="4" type="cond" truecount="1" falsecount="1"/>
        <line num="719" count="4" type="stmt"/>
        <line num="722" count="4" type="cond" truecount="1" falsecount="1"/>
        <line num="723" count="4" type="stmt"/>
        <line num="728" count="1" type="stmt"/>
        <line num="729" count="1" type="cond" truecount="1" falsecount="1"/>
        <line num="730" count="1" type="stmt"/>
        <line num="733" count="1" type="stmt"/>
        <line num="734" count="1" type="stmt"/>
        <line num="737" count="1" type="cond" truecount="1" falsecount="1"/>
        <line num="738" count="0" type="stmt"/>
        <line num="742" count="5" type="stmt"/>
        <line num="743" count="5" type="cond" truecount="1" falsecount="1"/>
        <line num="744" count="5" type="stmt"/>
        <line num="747" count="5" type="stmt"/>
        <line num="754" count="15" type="cond" truecount="1" falsecount="1"/>
        <line num="755" count="45" type="stmt"/>
        <line num="757" count="15" type="stmt"/>
        <line num="761" count="5" type="stmt"/>
        <line num="769" count="1" type="stmt"/>
        <line num="770" count="1" type="cond" truecount="3" falsecount="1"/>
        <line num="771" count="1" type="stmt"/>
        <line num="774" count="1" type="stmt"/>
        <line num="775" count="1" type="stmt"/>
        <line num="776" count="1" type="stmt"/>
        <line num="777" count="1" type="stmt"/>
        <line num="782" count="1" type="stmt"/>
        <line num="783" count="1" type="cond" truecount="1" falsecount="1"/>
        <line num="784" count="1" type="stmt"/>
        <line num="787" count="1" type="cond" truecount="1" falsecount="1"/>
        <line num="788" count="0" type="stmt"/>
        <line num="789" count="0" type="stmt"/>
        <line num="790" count="0" type="stmt"/>
        <line num="791" count="0" type="stmt"/>
        <line num="796" count="1" type="stmt"/>
        <line num="797" count="1" type="cond" truecount="1" falsecount="1"/>
        <line num="798" count="1" type="stmt"/>
        <line num="801" count="1" type="cond" truecount="1" falsecount="1"/>
        <line num="802" count="1" type="stmt"/>
        <line num="804" count="1" type="stmt"/>
        <line num="809" count="0" type="stmt"/>
        <line num="818" count="0" type="stmt"/>
        <line num="821" count="0" type="stmt"/>
        <line num="824" count="0" type="stmt"/>
        <line num="827" count="1" type="stmt"/>
        <line num="830" count="0" type="stmt"/>
        <line num="833" count="0" type="stmt"/>
        <line num="834" count="0" type="cond" truecount="0" falsecount="2"/>
        <line num="835" count="0" type="stmt"/>
        <line num="844" count="0" type="cond" truecount="0" falsecount="2"/>
        <line num="845" count="0" type="stmt"/>
        <line num="847" count="0" type="cond" truecount="0" falsecount="2"/>
        <line num="848" count="0" type="stmt"/>
        <line num="850" count="0" type="cond" truecount="0" falsecount="2"/>
        <line num="851" count="0" type="stmt"/>
        <line num="858" count="0" type="stmt"/>
        <line num="905" count="0" type="stmt"/>
        <line num="906" count="0" type="cond" truecount="0" falsecount="4"/>
        <line num="908" count="0" type="stmt"/>
        <line num="917" count="458" type="stmt"/>
        <line num="926" count="98" type="stmt"/>
        <line num="940" count="98" type="stmt"/>
        <line num="943" count="0" type="stmt"/>
        <line num="951" count="0" type="stmt"/>
      </file>
    </package>
  </project>
</coverage>
