{"/run/media/maxx/big/work/asciibird/src/ascii.ts": {"path":"/run/media/maxx/big/work/asciibird/src/ascii.ts","statementMap":{"0":{"start":{"line":9,"column":38},"end":{"line":9,"column":null}},"1":{"start":{"line":10,"column":43},"end":{"line":10,"column":null}},"2":{"start":{"line":12,"column":13},"end":{"line":13,"column":null}},"3":{"start":{"line":13,"column":2},"end":{"line":13,"column":null}},"4":{"start":{"line":16,"column":13},"end":{"line":17,"column":null}},"5":{"start":{"line":17,"column":2},"end":{"line":17,"column":null}},"6":{"start":{"line":20,"column":6},"end":{"line":26,"column":null}},"7":{"start":{"line":21,"column":2},"end":{"line":24,"column":null}},"8":{"start":{"line":22,"column":4},"end":{"line":24,"column":null}},"9":{"start":{"line":26,"column":2},"end":{"line":26,"column":null}},"10":{"start":{"line":29,"column":6},"end":{"line":35,"column":null}},"11":{"start":{"line":30,"column":2},"end":{"line":33,"column":null}},"12":{"start":{"line":31,"column":4},"end":{"line":33,"column":null}},"13":{"start":{"line":35,"column":2},"end":{"line":35,"column":null}},"14":{"start":{"line":54,"column":39},"end":{"line":155,"column":null}},"15":{"start":{"line":159,"column":36},"end":{"line":159,"column":null}},"16":{"start":{"line":162,"column":35},"end":{"line":208,"column":null}},"17":{"start":{"line":211,"column":43},"end":{"line":220,"column":null}},"18":{"start":{"line":222,"column":33},"end":{"line":222,"column":35}},"19":{"start":{"line":224,"column":13},"end":{"line":231,"column":null}},"20":{"start":{"line":225,"column":25},"end":{"line":225,"column":27}},"21":{"start":{"line":227,"column":2},"end":{"line":228,"column":null}},"22":{"start":{"line":227,"column":15},"end":{"line":227,"column":18}},"23":{"start":{"line":228,"column":4},"end":{"line":228,"column":null}},"24":{"start":{"line":231,"column":2},"end":{"line":231,"column":null}},"25":{"start":{"line":236,"column":26},"end":{"line":236,"column":null}},"26":{"start":{"line":237,"column":27},"end":{"line":237,"column":null}},"27":{"start":{"line":240,"column":31},"end":{"line":240,"column":null}},"28":{"start":{"line":241,"column":30},"end":{"line":241,"column":null}},"29":{"start":{"line":242,"column":24},"end":{"line":242,"column":null}},"30":{"start":{"line":244,"column":6},"end":{"line":256,"column":null}},"31":{"start":{"line":244,"column":49},"end":{"line":256,"column":null}},"32":{"start":{"line":258,"column":30},"end":{"line":370,"column":null}},"33":{"start":{"line":266,"column":2},"end":{"line":271,"column":null}},"34":{"start":{"line":273,"column":21},"end":{"line":273,"column":41}},"35":{"start":{"line":275,"column":33},"end":{"line":281,"column":4}},"36":{"start":{"line":283,"column":43},"end":{"line":292,"column":null}},"37":{"start":{"line":295,"column":28},"end":{"line":295,"column":null}},"38":{"start":{"line":296,"column":21},"end":{"line":296,"column":null}},"39":{"start":{"line":298,"column":2},"end":{"line":350,"column":null}},"40":{"start":{"line":299,"column":17},"end":{"line":299,"column":null}},"41":{"start":{"line":300,"column":16},"end":{"line":300,"column":null}},"42":{"start":{"line":302,"column":23},"end":{"line":302,"column":25}},"43":{"start":{"line":303,"column":14},"end":{"line":303,"column":null}},"44":{"start":{"line":304,"column":20},"end":{"line":304,"column":null}},"45":{"start":{"line":306,"column":4},"end":{"line":346,"column":null}},"46":{"start":{"line":307,"column":6},"end":{"line":307,"column":null}},"47":{"start":{"line":308,"column":6},"end":{"line":308,"column":null}},"48":{"start":{"line":312,"column":6},"end":{"line":334,"column":null}},"49":{"start":{"line":313,"column":24},"end":{"line":314,"column":35}},"50":{"start":{"line":316,"column":8},"end":{"line":316,"column":null}},"51":{"start":{"line":316,"column":22},"end":{"line":316,"column":null}},"52":{"start":{"line":319,"column":8},"end":{"line":322,"column":null}},"53":{"start":{"line":320,"column":10},"end":{"line":320,"column":null}},"54":{"start":{"line":321,"column":10},"end":{"line":321,"column":null}},"55":{"start":{"line":322,"column":10},"end":{"line":322,"column":null}},"56":{"start":{"line":325,"column":8},"end":{"line":326,"column":null}},"57":{"start":{"line":326,"column":10},"end":{"line":326,"column":null}},"58":{"start":{"line":329,"column":8},"end":{"line":330,"column":null}},"59":{"start":{"line":330,"column":10},"end":{"line":330,"column":null}},"60":{"start":{"line":333,"column":8},"end":{"line":333,"column":null}},"61":{"start":{"line":334,"column":8},"end":{"line":334,"column":null}},"62":{"start":{"line":337,"column":6},"end":{"line":337,"column":null}},"63":{"start":{"line":339,"column":6},"end":{"line":341,"column":null}},"64":{"start":{"line":343,"column":6},"end":{"line":343,"column":null}},"65":{"start":{"line":345,"column":6},"end":{"line":346,"column":null}},"66":{"start":{"line":346,"column":8},"end":{"line":346,"column":null}},"67":{"start":{"line":350,"column":4},"end":{"line":350,"column":null}},"68":{"start":{"line":353,"column":2},"end":{"line":353,"column":null}},"69":{"start":{"line":356,"column":23},"end":{"line":360,"column":4}},"70":{"start":{"line":363,"column":2},"end":{"line":365,"column":null}},"71":{"start":{"line":368,"column":2},"end":{"line":368,"column":null}},"72":{"start":{"line":370,"column":2},"end":{"line":370,"column":null}},"73":{"start":{"line":374,"column":13},"end":{"line":407,"column":null}},"74":{"start":{"line":375,"column":33},"end":{"line":381,"column":4}},"75":{"start":{"line":383,"column":41},"end":{"line":392,"column":null}},"76":{"start":{"line":394,"column":23},"end":{"line":398,"column":4}},"77":{"start":{"line":400,"column":2},"end":{"line":402,"column":null}},"78":{"start":{"line":404,"column":2},"end":{"line":404,"column":null}},"79":{"start":{"line":405,"column":2},"end":{"line":405,"column":null}},"80":{"start":{"line":407,"column":2},"end":{"line":407,"column":null}},"81":{"start":{"line":411,"column":13},"end":{"line":513,"column":null}},"82":{"start":{"line":415,"column":2},"end":{"line":432,"column":null}},"83":{"start":{"line":417,"column":18},"end":{"line":417,"column":null}},"84":{"start":{"line":418,"column":4},"end":{"line":419,"column":null}},"85":{"start":{"line":419,"column":6},"end":{"line":419,"column":null}},"86":{"start":{"line":421,"column":4},"end":{"line":421,"column":null}},"87":{"start":{"line":422,"column":4},"end":{"line":422,"column":null}},"88":{"start":{"line":423,"column":4},"end":{"line":423,"column":null}},"89":{"start":{"line":426,"column":4},"end":{"line":428,"column":null}},"90":{"start":{"line":429,"column":4},"end":{"line":432,"column":null}},"91":{"start":{"line":435,"column":27},"end":{"line":435,"column":29}},"92":{"start":{"line":437,"column":19},"end":{"line":437,"column":null}},"93":{"start":{"line":439,"column":25},"end":{"line":439,"column":null}},"94":{"start":{"line":441,"column":24},"end":{"line":441,"column":null}},"95":{"start":{"line":443,"column":8},"end":{"line":444,"column":37}},"96":{"start":{"line":444,"column":4},"end":{"line":444,"column":37}},"97":{"start":{"line":446,"column":2},"end":{"line":505,"column":null}},"98":{"start":{"line":446,"column":15},"end":{"line":446,"column":18}},"99":{"start":{"line":447,"column":4},"end":{"line":498,"column":null}},"100":{"start":{"line":447,"column":17},"end":{"line":447,"column":20}},"101":{"start":{"line":449,"column":24},"end":{"line":449,"column":null}},"102":{"start":{"line":450,"column":23},"end":{"line":458,"column":null}},"103":{"start":{"line":463,"column":6},"end":{"line":463,"column":null}},"104":{"start":{"line":466,"column":6},"end":{"line":469,"column":null}},"105":{"start":{"line":468,"column":8},"end":{"line":468,"column":null}},"106":{"start":{"line":469,"column":8},"end":{"line":469,"column":null}},"107":{"start":{"line":472,"column":6},"end":{"line":491,"column":null}},"108":{"start":{"line":473,"column":8},"end":{"line":491,"column":null}},"109":{"start":{"line":474,"column":10},"end":{"line":474,"column":null}},"110":{"start":{"line":476,"column":10},"end":{"line":478,"column":null}},"111":{"start":{"line":477,"column":12},"end":{"line":477,"column":null}},"112":{"start":{"line":478,"column":12},"end":{"line":478,"column":null}},"113":{"start":{"line":481,"column":10},"end":{"line":483,"column":null}},"114":{"start":{"line":482,"column":12},"end":{"line":483,"column":null}},"115":{"start":{"line":486,"column":10},"end":{"line":488,"column":null}},"116":{"start":{"line":487,"column":12},"end":{"line":488,"column":null}},"117":{"start":{"line":491,"column":10},"end":{"line":491,"column":null}},"118":{"start":{"line":496,"column":6},"end":{"line":496,"column":null}},"119":{"start":{"line":498,"column":6},"end":{"line":498,"column":null}},"120":{"start":{"line":503,"column":4},"end":{"line":503,"column":null}},"121":{"start":{"line":505,"column":4},"end":{"line":505,"column":null}},"122":{"start":{"line":509,"column":19},"end":{"line":511,"column":null}},"123":{"start":{"line":513,"column":2},"end":{"line":513,"column":null}},"124":{"start":{"line":517,"column":13},"end":{"line":529,"column":null}},"125":{"start":{"line":522,"column":12},"end":{"line":522,"column":39}},"126":{"start":{"line":523,"column":15},"end":{"line":523,"column":57}},"127":{"start":{"line":525,"column":2},"end":{"line":525,"column":null}},"128":{"start":{"line":526,"column":2},"end":{"line":526,"column":null}},"129":{"start":{"line":527,"column":2},"end":{"line":527,"column":null}},"130":{"start":{"line":529,"column":2},"end":{"line":529,"column":null}},"131":{"start":{"line":536,"column":23},"end":{"line":536,"column":50}},"132":{"start":{"line":537,"column":2},"end":{"line":537,"column":null}},"133":{"start":{"line":538,"column":2},"end":{"line":543,"column":null}},"134":{"start":{"line":539,"column":4},"end":{"line":539,"column":null}},"135":{"start":{"line":539,"column":15},"end":{"line":539,"column":null}},"136":{"start":{"line":540,"column":16},"end":{"line":540,"column":41}},"137":{"start":{"line":541,"column":4},"end":{"line":541,"column":null}},"138":{"start":{"line":542,"column":4},"end":{"line":542,"column":null}},"139":{"start":{"line":546,"column":34},"end":{"line":579,"column":null}},"140":{"start":{"line":547,"column":14},"end":{"line":547,"column":36}},"141":{"start":{"line":548,"column":19},"end":{"line":548,"column":51}},"142":{"start":{"line":549,"column":19},"end":{"line":549,"column":51}},"143":{"start":{"line":551,"column":2},"end":{"line":551,"column":null}},"144":{"start":{"line":551,"column":30},"end":{"line":551,"column":null}},"145":{"start":{"line":553,"column":2},"end":{"line":579,"column":null}},"146":{"start":{"line":554,"column":4},"end":{"line":562,"column":null}},"147":{"start":{"line":555,"column":18},"end":{"line":558,"column":8}},"148":{"start":{"line":560,"column":24},"end":{"line":560,"column":49}},"149":{"start":{"line":561,"column":24},"end":{"line":561,"column":40}},"150":{"start":{"line":562,"column":6},"end":{"line":562,"column":null}},"151":{"start":{"line":565,"column":4},"end":{"line":575,"column":null}},"152":{"start":{"line":566,"column":18},"end":{"line":571,"column":null}},"153":{"start":{"line":574,"column":24},"end":{"line":574,"column":40}},"154":{"start":{"line":575,"column":6},"end":{"line":575,"column":null}},"155":{"start":{"line":578,"column":4},"end":{"line":578,"column":null}},"156":{"start":{"line":579,"column":4},"end":{"line":579,"column":null}},"157":{"start":{"line":585,"column":13},"end":{"line":597,"column":null}},"158":{"start":{"line":586,"column":11},"end":{"line":586,"column":null}},"159":{"start":{"line":587,"column":11},"end":{"line":587,"column":null}},"160":{"start":{"line":588,"column":2},"end":{"line":591,"column":null}},"161":{"start":{"line":588,"column":15},"end":{"line":588,"column":18}},"162":{"start":{"line":589,"column":4},"end":{"line":589,"column":null}},"163":{"start":{"line":590,"column":4},"end":{"line":590,"column":null}},"164":{"start":{"line":591,"column":4},"end":{"line":591,"column":null}},"165":{"start":{"line":593,"column":2},"end":{"line":594,"column":null}},"166":{"start":{"line":595,"column":2},"end":{"line":596,"column":null}},"167":{"start":{"line":597,"column":2},"end":{"line":597,"column":null}},"168":{"start":{"line":602,"column":13},"end":{"line":641,"column":null}},"169":{"start":{"line":609,"column":2},"end":{"line":612,"column":null}},"170":{"start":{"line":610,"column":4},"end":{"line":610,"column":null}},"171":{"start":{"line":612,"column":4},"end":{"line":612,"column":null}},"172":{"start":{"line":615,"column":2},"end":{"line":638,"column":null}},"173":{"start":{"line":615,"column":15},"end":{"line":615,"column":18}},"174":{"start":{"line":616,"column":19},"end":{"line":616,"column":null}},"175":{"start":{"line":618,"column":4},"end":{"line":629,"column":null}},"176":{"start":{"line":618,"column":17},"end":{"line":618,"column":20}},"177":{"start":{"line":620,"column":6},"end":{"line":629,"column":null}},"178":{"start":{"line":621,"column":8},"end":{"line":621,"column":null}},"179":{"start":{"line":622,"column":8},"end":{"line":623,"column":null}},"180":{"start":{"line":622,"column":21},"end":{"line":622,"column":24}},"181":{"start":{"line":623,"column":10},"end":{"line":623,"column":null}},"182":{"start":{"line":627,"column":8},"end":{"line":629,"column":null}},"183":{"start":{"line":627,"column":21},"end":{"line":627,"column":24}},"184":{"start":{"line":628,"column":10},"end":{"line":629,"column":null}},"185":{"start":{"line":629,"column":12},"end":{"line":629,"column":null}},"186":{"start":{"line":636,"column":4},"end":{"line":636,"column":null}},"187":{"start":{"line":637,"column":4},"end":{"line":637,"column":null}},"188":{"start":{"line":638,"column":4},"end":{"line":638,"column":null}},"189":{"start":{"line":641,"column":2},"end":{"line":641,"column":null}},"190":{"start":{"line":647,"column":13},"end":{"line":660,"column":null}},"191":{"start":{"line":648,"column":17},"end":{"line":648,"column":null}},"192":{"start":{"line":650,"column":2},"end":{"line":656,"column":null}},"193":{"start":{"line":650,"column":15},"end":{"line":650,"column":18}},"194":{"start":{"line":651,"column":4},"end":{"line":652,"column":null}},"195":{"start":{"line":652,"column":6},"end":{"line":652,"column":null}},"196":{"start":{"line":655,"column":4},"end":{"line":656,"column":null}},"197":{"start":{"line":656,"column":6},"end":{"line":656,"column":null}},"198":{"start":{"line":660,"column":2},"end":{"line":660,"column":null}},"199":{"start":{"line":665,"column":13},"end":{"line":678,"column":null}},"200":{"start":{"line":666,"column":31},"end":{"line":666,"column":33}},"201":{"start":{"line":668,"column":19},"end":{"line":669,"column":null}},"202":{"start":{"line":669,"column":31},"end":{"line":669,"column":null}},"203":{"start":{"line":672,"column":2},"end":{"line":675,"column":null}},"204":{"start":{"line":672,"column":15},"end":{"line":672,"column":18}},"205":{"start":{"line":673,"column":4},"end":{"line":675,"column":null}},"206":{"start":{"line":674,"column":31},"end":{"line":674,"column":null}},"207":{"start":{"line":678,"column":2},"end":{"line":678,"column":null}},"208":{"start":{"line":682,"column":13},"end":{"line":687,"column":null}},"209":{"start":{"line":683,"column":21},"end":{"line":685,"column":null}},"210":{"start":{"line":687,"column":2},"end":{"line":687,"column":null}},"211":{"start":{"line":712,"column":13},"end":{"line":791,"column":null}},"212":{"start":{"line":723,"column":32},"end":{"line":723,"column":34}},"213":{"start":{"line":724,"column":17},"end":{"line":724,"column":null}},"214":{"start":{"line":725,"column":2},"end":{"line":725,"column":null}},"215":{"start":{"line":725,"column":20},"end":{"line":725,"column":null}},"216":{"start":{"line":726,"column":16},"end":{"line":726,"column":null}},"217":{"start":{"line":727,"column":2},"end":{"line":727,"column":null}},"218":{"start":{"line":727,"column":19},"end":{"line":727,"column":null}},"219":{"start":{"line":730,"column":2},"end":{"line":731,"column":null}},"220":{"start":{"line":731,"column":4},"end":{"line":731,"column":null}},"221":{"start":{"line":735,"column":21},"end":{"line":735,"column":null}},"222":{"start":{"line":736,"column":2},"end":{"line":736,"column":null}},"223":{"start":{"line":736,"column":45},"end":{"line":736,"column":null}},"224":{"start":{"line":737,"column":2},"end":{"line":737,"column":null}},"225":{"start":{"line":737,"column":51},"end":{"line":737,"column":null}},"226":{"start":{"line":739,"column":18},"end":{"line":739,"column":35}},"227":{"start":{"line":740,"column":49},"end":{"line":741,"column":null}},"228":{"start":{"line":744,"column":2},"end":{"line":788,"column":null}},"229":{"start":{"line":745,"column":16},"end":{"line":745,"column":27}},"230":{"start":{"line":746,"column":16},"end":{"line":746,"column":null}},"231":{"start":{"line":748,"column":4},"end":{"line":748,"column":null}},"232":{"start":{"line":748,"column":26},"end":{"line":748,"column":null}},"233":{"start":{"line":749,"column":4},"end":{"line":750,"column":null}},"234":{"start":{"line":750,"column":6},"end":{"line":750,"column":null}},"235":{"start":{"line":753,"column":18},"end":{"line":753,"column":null}},"236":{"start":{"line":756,"column":4},"end":{"line":756,"column":null}},"237":{"start":{"line":756,"column":42},"end":{"line":756,"column":null}},"238":{"start":{"line":757,"column":4},"end":{"line":757,"column":null}},"239":{"start":{"line":757,"column":48},"end":{"line":757,"column":null}},"240":{"start":{"line":759,"column":4},"end":{"line":759,"column":null}},"241":{"start":{"line":763,"column":28},"end":{"line":763,"column":40}},"242":{"start":{"line":766,"column":4},"end":{"line":773,"column":null}},"243":{"start":{"line":767,"column":6},"end":{"line":767,"column":null}},"244":{"start":{"line":767,"column":17},"end":{"line":767,"column":null}},"245":{"start":{"line":768,"column":6},"end":{"line":768,"column":null}},"246":{"start":{"line":768,"column":17},"end":{"line":768,"column":null}},"247":{"start":{"line":769,"column":6},"end":{"line":769,"column":null}},"248":{"start":{"line":769,"column":19},"end":{"line":769,"column":null}},"249":{"start":{"line":771,"column":6},"end":{"line":771,"column":null}},"250":{"start":{"line":771,"column":17},"end":{"line":771,"column":null}},"251":{"start":{"line":772,"column":6},"end":{"line":772,"column":null}},"252":{"start":{"line":772,"column":17},"end":{"line":772,"column":null}},"253":{"start":{"line":773,"column":6},"end":{"line":773,"column":null}},"254":{"start":{"line":773,"column":19},"end":{"line":773,"column":null}},"255":{"start":{"line":777,"column":4},"end":{"line":782,"column":null}},"256":{"start":{"line":785,"column":4},"end":{"line":785,"column":null}},"257":{"start":{"line":786,"column":4},"end":{"line":786,"column":null}},"258":{"start":{"line":787,"column":4},"end":{"line":787,"column":null}},"259":{"start":{"line":788,"column":4},"end":{"line":788,"column":null}},"260":{"start":{"line":791,"column":2},"end":{"line":791,"column":null}},"261":{"start":{"line":799,"column":13},"end":{"line":810,"column":null}},"262":{"start":{"line":800,"column":16},"end":{"line":800,"column":34}},"263":{"start":{"line":801,"column":30},"end":{"line":801,"column":32}},"264":{"start":{"line":803,"column":2},"end":{"line":808,"column":null}},"265":{"start":{"line":804,"column":23},"end":{"line":804,"column":null}},"266":{"start":{"line":805,"column":4},"end":{"line":806,"column":null}},"267":{"start":{"line":806,"column":6},"end":{"line":806,"column":null}},"268":{"start":{"line":810,"column":2},"end":{"line":810,"column":null}},"269":{"start":{"line":813,"column":13},"end":{"line":862,"column":null}},"270":{"start":{"line":814,"column":34},"end":{"line":814,"column":36}},"271":{"start":{"line":816,"column":33},"end":{"line":816,"column":null}},"272":{"start":{"line":818,"column":2},"end":{"line":858,"column":null}},"273":{"start":{"line":818,"column":15},"end":{"line":818,"column":18}},"274":{"start":{"line":819,"column":4},"end":{"line":820,"column":null}},"275":{"start":{"line":820,"column":6},"end":{"line":820,"column":null}},"276":{"start":{"line":823,"column":4},"end":{"line":858,"column":null}},"277":{"start":{"line":823,"column":17},"end":{"line":823,"column":20}},"278":{"start":{"line":824,"column":30},"end":{"line":824,"column":47}},"279":{"start":{"line":827,"column":6},"end":{"line":854,"column":null}},"280":{"start":{"line":827,"column":19},"end":{"line":827,"column":45}},"281":{"start":{"line":828,"column":8},"end":{"line":829,"column":null}},"282":{"start":{"line":829,"column":10},"end":{"line":829,"column":null}},"283":{"start":{"line":832,"column":8},"end":{"line":854,"column":null}},"284":{"start":{"line":838,"column":27},"end":{"line":838,"column":null}},"285":{"start":{"line":840,"column":10},"end":{"line":841,"column":null}},"286":{"start":{"line":841,"column":12},"end":{"line":841,"column":null}},"287":{"start":{"line":844,"column":10},"end":{"line":845,"column":null}},"288":{"start":{"line":845,"column":12},"end":{"line":845,"column":null}},"289":{"start":{"line":848,"column":10},"end":{"line":851,"column":null}},"290":{"start":{"line":849,"column":12},"end":{"line":851,"column":null}},"291":{"start":{"line":854,"column":10},"end":{"line":854,"column":null}},"292":{"start":{"line":858,"column":6},"end":{"line":858,"column":null}},"293":{"start":{"line":862,"column":2},"end":{"line":862,"column":null}},"294":{"start":{"line":866,"column":38},"end":{"line":869,"column":null}}},"fnMap":{"0":{"name":"(anonymous_0)","decl":{"start":{"line":12,"column":13},"end":{"line":12,"column":25}},"loc":{"start":{"line":12,"column":55},"end":{"line":13,"column":null}},"line":12},"1":{"name":"(anonymous_1)","decl":{"start":{"line":16,"column":13},"end":{"line":16,"column":30}},"loc":{"start":{"line":16,"column":60},"end":{"line":17,"column":null}},"line":16},"2":{"name":"(anonymous_2)","decl":{"start":{"line":20,"column":6},"end":{"line":20,"column":41}},"loc":{"start":{"line":20,"column":41},"end":{"line":26,"column":null}},"line":20},"3":{"name":"(anonymous_3)","decl":{"start":{"line":29,"column":6},"end":{"line":29,"column":46}},"loc":{"start":{"line":29,"column":46},"end":{"line":35,"column":null}},"line":29},"4":{"name":"(anonymous_4)","decl":{"start":{"line":224,"column":13},"end":{"line":224,"column":30}},"loc":{"start":{"line":224,"column":58},"end":{"line":231,"column":null}},"line":224},"5":{"name":"(anonymous_5)","decl":{"start":{"line":244,"column":6},"end":{"line":244,"column":49}},"loc":{"start":{"line":244,"column":49},"end":{"line":256,"column":null}},"line":244},"6":{"name":"(anonymous_6)","decl":{"start":{"line":258,"column":30},"end":{"line":258,"column":null}},"loc":{"start":{"line":261,"column":23},"end":{"line":370,"column":null}},"line":261},"7":{"name":"(anonymous_7)","decl":{"start":{"line":374,"column":13},"end":{"line":374,"column":31}},"loc":{"start":{"line":374,"column":67},"end":{"line":407,"column":null}},"line":374},"8":{"name":"(anonymous_8)","decl":{"start":{"line":411,"column":13},"end":{"line":411,"column":27}},"loc":{"start":{"line":411,"column":81},"end":{"line":513,"column":null}},"line":411},"9":{"name":"(anonymous_9)","decl":{"start":{"line":443,"column":8},"end":{"line":443,"column":19}},"loc":{"start":{"line":444,"column":4},"end":{"line":444,"column":37}},"line":444},"10":{"name":"(anonymous_10)","decl":{"start":{"line":517,"column":13},"end":{"line":517,"column":null}},"loc":{"start":{"line":521,"column":11},"end":{"line":529,"column":null}},"line":521},"11":{"name":"canvasToPng","decl":{"start":{"line":532,"column":16},"end":{"line":532,"column":null}},"loc":{"start":{"line":535,"column":8},"end":{"line":543,"column":null}},"line":535},"12":{"name":"(anonymous_12)","decl":{"start":{"line":538,"column":16},"end":{"line":538,"column":26}},"loc":{"start":{"line":538,"column":45},"end":{"line":543,"column":null}},"line":538},"13":{"name":"(anonymous_13)","decl":{"start":{"line":546,"column":34},"end":{"line":546,"column":61}},"loc":{"start":{"line":546,"column":61},"end":{"line":579,"column":null}},"line":546},"14":{"name":"(anonymous_14)","decl":{"start":{"line":585,"column":13},"end":{"line":585,"column":23}},"loc":{"start":{"line":585,"column":60},"end":{"line":597,"column":null}},"line":585},"15":{"name":"(anonymous_15)","decl":{"start":{"line":602,"column":13},"end":{"line":602,"column":null}},"loc":{"start":{"line":606,"column":14},"end":{"line":641,"column":null}},"line":606},"16":{"name":"(anonymous_16)","decl":{"start":{"line":647,"column":13},"end":{"line":647,"column":31}},"loc":{"start":{"line":647,"column":70},"end":{"line":660,"column":null}},"line":647},"17":{"name":"(anonymous_17)","decl":{"start":{"line":665,"column":13},"end":{"line":665,"column":33}},"loc":{"start":{"line":665,"column":75},"end":{"line":678,"column":null}},"line":665},"18":{"name":"(anonymous_18)","decl":{"start":{"line":668,"column":26},"end":{"line":668,"column":null}},"loc":{"start":{"line":669,"column":31},"end":{"line":669,"column":null}},"line":669},"19":{"name":"(anonymous_19)","decl":{"start":{"line":673,"column":31},"end":{"line":673,"column":null}},"loc":{"start":{"line":674,"column":31},"end":{"line":674,"column":null}},"line":674},"20":{"name":"(anonymous_20)","decl":{"start":{"line":682,"column":13},"end":{"line":682,"column":29}},"loc":{"start":{"line":682,"column":70},"end":{"line":687,"column":null}},"line":682},"21":{"name":"(anonymous_21)","decl":{"start":{"line":712,"column":13},"end":{"line":712,"column":null}},"loc":{"start":{"line":722,"column":19},"end":{"line":791,"column":null}},"line":722},"22":{"name":"(anonymous_22)","decl":{"start":{"line":799,"column":13},"end":{"line":799,"column":35}},"loc":{"start":{"line":799,"column":64},"end":{"line":810,"column":null}},"line":799},"23":{"name":"(anonymous_23)","decl":{"start":{"line":803,"column":8},"end":{"line":803,"column":17}},"loc":{"start":{"line":803,"column":29},"end":{"line":808,"column":null}},"line":803},"24":{"name":"(anonymous_24)","decl":{"start":{"line":813,"column":13},"end":{"line":813,"column":44}},"loc":{"start":{"line":813,"column":44},"end":{"line":862,"column":null}},"line":813}},"branchMap":{"0":{"loc":{"start":{"line":21,"column":2},"end":{"line":24,"column":null}},"type":"if","locations":[{"start":{"line":21,"column":2},"end":{"line":24,"column":null}},{"start":{},"end":{}}],"line":21},"1":{"loc":{"start":{"line":30,"column":2},"end":{"line":33,"column":null}},"type":"if","locations":[{"start":{"line":30,"column":2},"end":{"line":33,"column":null}},{"start":{},"end":{}}],"line":30},"2":{"loc":{"start":{"line":312,"column":6},"end":{"line":334,"column":null}},"type":"if","locations":[{"start":{"line":312,"column":6},"end":{"line":334,"column":null}},{"start":{},"end":{}}],"line":312},"3":{"loc":{"start":{"line":316,"column":8},"end":{"line":316,"column":null}},"type":"if","locations":[{"start":{"line":316,"column":8},"end":{"line":316,"column":null}},{"start":{},"end":{}}],"line":316},"4":{"loc":{"start":{"line":319,"column":8},"end":{"line":322,"column":null}},"type":"if","locations":[{"start":{"line":319,"column":8},"end":{"line":322,"column":null}},{"start":{},"end":{}}],"line":319},"5":{"loc":{"start":{"line":319,"column":12},"end":{"line":319,"column":66}},"type":"binary-expr","locations":[{"start":{"line":319,"column":12},"end":{"line":319,"column":40}},{"start":{"line":319,"column":40},"end":{"line":319,"column":66}}],"line":319},"6":{"loc":{"start":{"line":325,"column":8},"end":{"line":326,"column":null}},"type":"if","locations":[{"start":{"line":325,"column":8},"end":{"line":326,"column":null}},{"start":{},"end":{}}],"line":325},"7":{"loc":{"start":{"line":329,"column":8},"end":{"line":330,"column":null}},"type":"if","locations":[{"start":{"line":329,"column":8},"end":{"line":330,"column":null}},{"start":{},"end":{}}],"line":329},"8":{"loc":{"start":{"line":345,"column":6},"end":{"line":346,"column":null}},"type":"if","locations":[{"start":{"line":345,"column":6},"end":{"line":346,"column":null}},{"start":{},"end":{}}],"line":345},"9":{"loc":{"start":{"line":411,"column":27},"end":{"line":411,"column":81}},"type":"default-arg","locations":[{"start":{"line":411,"column":54},"end":{"line":411,"column":81}}],"line":411},"10":{"loc":{"start":{"line":415,"column":2},"end":{"line":432,"column":null}},"type":"if","locations":[{"start":{"line":415,"column":2},"end":{"line":432,"column":null}},{"start":{"line":424,"column":9},"end":{"line":432,"column":null}}],"line":415},"11":{"loc":{"start":{"line":418,"column":4},"end":{"line":419,"column":null}},"type":"if","locations":[{"start":{"line":418,"column":4},"end":{"line":419,"column":null}},{"start":{},"end":{}}],"line":418},"12":{"loc":{"start":{"line":443,"column":32},"end":{"line":443,"column":null}},"type":"default-arg","locations":[{"start":{"line":443,"column":41},"end":{"line":443,"column":null}}],"line":443},"13":{"loc":{"start":{"line":451,"column":9},"end":{"line":458,"column":null}},"type":"binary-expr","locations":[{"start":{"line":451,"column":9},"end":{"line":451,"column":null}},{"start":{"line":452,"column":11},"end":{"line":452,"column":41}},{"start":{"line":452,"column":41},"end":{"line":452,"column":null}},{"start":{"line":453,"column":10},"end":{"line":453,"column":null}},{"start":{"line":454,"column":10},"end":{"line":454,"column":null}},{"start":{"line":455,"column":10},"end":{"line":455,"column":null}},{"start":{"line":456,"column":9},"end":{"line":456,"column":null}},{"start":{"line":457,"column":10},"end":{"line":457,"column":null}},{"start":{"line":458,"column":10},"end":{"line":458,"column":null}}],"line":451},"14":{"loc":{"start":{"line":466,"column":6},"end":{"line":469,"column":null}},"type":"if","locations":[{"start":{"line":466,"column":6},"end":{"line":469,"column":null}},{"start":{},"end":{}}],"line":466},"15":{"loc":{"start":{"line":466,"column":10},"end":{"line":467,"column":57}},"type":"binary-expr","locations":[{"start":{"line":466,"column":10},"end":{"line":466,"column":null}},{"start":{"line":467,"column":10},"end":{"line":467,"column":57}}],"line":466},"16":{"loc":{"start":{"line":472,"column":6},"end":{"line":491,"column":null}},"type":"if","locations":[{"start":{"line":472,"column":6},"end":{"line":491,"column":null}},{"start":{},"end":{}}],"line":472},"17":{"loc":{"start":{"line":472,"column":10},"end":{"line":472,"column":72}},"type":"binary-expr","locations":[{"start":{"line":472,"column":10},"end":{"line":472,"column":42}},{"start":{"line":472,"column":42},"end":{"line":472,"column":72}}],"line":472},"18":{"loc":{"start":{"line":473,"column":8},"end":{"line":491,"column":null}},"type":"if","locations":[{"start":{"line":473,"column":8},"end":{"line":491,"column":null}},{"start":{"line":475,"column":15},"end":{"line":491,"column":null}}],"line":473},"19":{"loc":{"start":{"line":473,"column":12},"end":{"line":473,"column":68}},"type":"binary-expr","locations":[{"start":{"line":473,"column":12},"end":{"line":473,"column":41}},{"start":{"line":473,"column":41},"end":{"line":473,"column":68}}],"line":473},"20":{"loc":{"start":{"line":476,"column":10},"end":{"line":478,"column":null}},"type":"if","locations":[{"start":{"line":476,"column":10},"end":{"line":478,"column":null}},{"start":{},"end":{}}],"line":476},"21":{"loc":{"start":{"line":476,"column":14},"end":{"line":476,"column":70}},"type":"binary-expr","locations":[{"start":{"line":476,"column":14},"end":{"line":476,"column":43}},{"start":{"line":476,"column":43},"end":{"line":476,"column":70}}],"line":476},"22":{"loc":{"start":{"line":478,"column":34},"end":{"line":478,"column":null}},"type":"cond-expr","locations":[{"start":{"line":478,"column":45},"end":{"line":478,"column":65}},{"start":{"line":478,"column":68},"end":{"line":478,"column":null}}],"line":478},"23":{"loc":{"start":{"line":481,"column":10},"end":{"line":483,"column":null}},"type":"if","locations":[{"start":{"line":481,"column":10},"end":{"line":483,"column":null}},{"start":{},"end":{}}],"line":481},"24":{"loc":{"start":{"line":481,"column":14},"end":{"line":481,"column":70}},"type":"binary-expr","locations":[{"start":{"line":481,"column":14},"end":{"line":481,"column":43}},{"start":{"line":481,"column":43},"end":{"line":481,"column":70}}],"line":481},"25":{"loc":{"start":{"line":483,"column":38},"end":{"line":483,"column":null}},"type":"cond-expr","locations":[{"start":{"line":483,"column":49},"end":{"line":483,"column":69}},{"start":{"line":483,"column":72},"end":{"line":483,"column":null}}],"line":483},"26":{"loc":{"start":{"line":486,"column":10},"end":{"line":488,"column":null}},"type":"if","locations":[{"start":{"line":486,"column":10},"end":{"line":488,"column":null}},{"start":{},"end":{}}],"line":486},"27":{"loc":{"start":{"line":486,"column":14},"end":{"line":486,"column":70}},"type":"binary-expr","locations":[{"start":{"line":486,"column":14},"end":{"line":486,"column":43}},{"start":{"line":486,"column":43},"end":{"line":486,"column":70}}],"line":486},"28":{"loc":{"start":{"line":488,"column":25},"end":{"line":488,"column":null}},"type":"cond-expr","locations":[{"start":{"line":488,"column":36},"end":{"line":488,"column":56}},{"start":{"line":488,"column":59},"end":{"line":488,"column":null}}],"line":488},"29":{"loc":{"start":{"line":496,"column":18},"end":{"line":496,"column":39}},"type":"binary-expr","locations":[{"start":{"line":496,"column":18},"end":{"line":496,"column":35}},{"start":{"line":496,"column":35},"end":{"line":496,"column":39}}],"line":496},"30":{"loc":{"start":{"line":509,"column":19},"end":{"line":511,"column":null}},"type":"cond-expr","locations":[{"start":{"line":510,"column":6},"end":{"line":510,"column":null}},{"start":{"line":511,"column":6},"end":{"line":511,"column":null}}],"line":509},"31":{"loc":{"start":{"line":539,"column":4},"end":{"line":539,"column":null}},"type":"if","locations":[{"start":{"line":539,"column":4},"end":{"line":539,"column":null}},{"start":{},"end":{}}],"line":539},"32":{"loc":{"start":{"line":551,"column":2},"end":{"line":551,"column":null}},"type":"if","locations":[{"start":{"line":551,"column":2},"end":{"line":551,"column":null}},{"start":{},"end":{}}],"line":551},"33":{"loc":{"start":{"line":551,"column":6},"end":{"line":551,"column":30}},"type":"binary-expr","locations":[{"start":{"line":551,"column":6},"end":{"line":551,"column":19}},{"start":{"line":551,"column":19},"end":{"line":551,"column":30}}],"line":551},"34":{"loc":{"start":{"line":554,"column":4},"end":{"line":562,"column":null}},"type":"if","locations":[{"start":{"line":554,"column":4},"end":{"line":562,"column":null}},{"start":{},"end":{}}],"line":554},"35":{"loc":{"start":{"line":562,"column":32},"end":{"line":562,"column":56}},"type":"binary-expr","locations":[{"start":{"line":562,"column":32},"end":{"line":562,"column":45}},{"start":{"line":562,"column":45},"end":{"line":562,"column":56}}],"line":562},"36":{"loc":{"start":{"line":565,"column":4},"end":{"line":575,"column":null}},"type":"if","locations":[{"start":{"line":565,"column":4},"end":{"line":575,"column":null}},{"start":{},"end":{}}],"line":565},"37":{"loc":{"start":{"line":585,"column":36},"end":{"line":585,"column":60}},"type":"default-arg","locations":[{"start":{"line":585,"column":43},"end":{"line":585,"column":60}}],"line":585},"38":{"loc":{"start":{"line":605,"column":2},"end":{"line":605,"column":null}},"type":"default-arg","locations":[{"start":{"line":605,"column":30},"end":{"line":605,"column":null}}],"line":605},"39":{"loc":{"start":{"line":609,"column":2},"end":{"line":612,"column":null}},"type":"if","locations":[{"start":{"line":609,"column":2},"end":{"line":612,"column":null}},{"start":{"line":611,"column":9},"end":{"line":612,"column":null}}],"line":609},"40":{"loc":{"start":{"line":620,"column":6},"end":{"line":629,"column":null}},"type":"if","locations":[{"start":{"line":620,"column":6},"end":{"line":629,"column":null}},{"start":{"line":625,"column":13},"end":{"line":629,"column":null}}],"line":620},"41":{"loc":{"start":{"line":628,"column":10},"end":{"line":629,"column":null}},"type":"if","locations":[{"start":{"line":628,"column":10},"end":{"line":629,"column":null}},{"start":{},"end":{}}],"line":628},"42":{"loc":{"start":{"line":628,"column":14},"end":{"line":628,"column":42}},"type":"binary-expr","locations":[{"start":{"line":628,"column":14},"end":{"line":628,"column":27}},{"start":{"line":628,"column":27},"end":{"line":628,"column":42}}],"line":628},"43":{"loc":{"start":{"line":651,"column":4},"end":{"line":652,"column":null}},"type":"if","locations":[{"start":{"line":651,"column":4},"end":{"line":652,"column":null}},{"start":{},"end":{}}],"line":651},"44":{"loc":{"start":{"line":655,"column":4},"end":{"line":656,"column":null}},"type":"if","locations":[{"start":{"line":655,"column":4},"end":{"line":656,"column":null}},{"start":{},"end":{}}],"line":655},"45":{"loc":{"start":{"line":655,"column":8},"end":{"line":655,"column":51}},"type":"binary-expr","locations":[{"start":{"line":655,"column":8},"end":{"line":655,"column":21}},{"start":{"line":655,"column":21},"end":{"line":655,"column":51}}],"line":655},"46":{"loc":{"start":{"line":687,"column":11},"end":{"line":687,"column":null}},"type":"binary-expr","locations":[{"start":{"line":687,"column":11},"end":{"line":687,"column":25}},{"start":{"line":687,"column":25},"end":{"line":687,"column":null}}],"line":687},"47":{"loc":{"start":{"line":725,"column":2},"end":{"line":725,"column":null}},"type":"if","locations":[{"start":{"line":725,"column":2},"end":{"line":725,"column":null}},{"start":{},"end":{}}],"line":725},"48":{"loc":{"start":{"line":726,"column":16},"end":{"line":726,"column":null}},"type":"binary-expr","locations":[{"start":{"line":726,"column":16},"end":{"line":726,"column":37}},{"start":{"line":726,"column":37},"end":{"line":726,"column":null}}],"line":726},"49":{"loc":{"start":{"line":727,"column":2},"end":{"line":727,"column":null}},"type":"if","locations":[{"start":{"line":727,"column":2},"end":{"line":727,"column":null}},{"start":{},"end":{}}],"line":727},"50":{"loc":{"start":{"line":730,"column":2},"end":{"line":731,"column":null}},"type":"if","locations":[{"start":{"line":730,"column":2},"end":{"line":731,"column":null}},{"start":{},"end":{}}],"line":730},"51":{"loc":{"start":{"line":730,"column":6},"end":{"line":730,"column":71}},"type":"binary-expr","locations":[{"start":{"line":730,"column":6},"end":{"line":730,"column":20}},{"start":{"line":730,"column":20},"end":{"line":730,"column":40}},{"start":{"line":730,"column":40},"end":{"line":730,"column":54}},{"start":{"line":730,"column":54},"end":{"line":730,"column":71}}],"line":730},"52":{"loc":{"start":{"line":736,"column":2},"end":{"line":736,"column":null}},"type":"if","locations":[{"start":{"line":736,"column":2},"end":{"line":736,"column":null}},{"start":{},"end":{}}],"line":736},"53":{"loc":{"start":{"line":736,"column":6},"end":{"line":736,"column":45}},"type":"binary-expr","locations":[{"start":{"line":736,"column":6},"end":{"line":736,"column":15}},{"start":{"line":736,"column":15},"end":{"line":736,"column":45}}],"line":736},"54":{"loc":{"start":{"line":737,"column":2},"end":{"line":737,"column":null}},"type":"if","locations":[{"start":{"line":737,"column":2},"end":{"line":737,"column":null}},{"start":{},"end":{}}],"line":737},"55":{"loc":{"start":{"line":737,"column":6},"end":{"line":737,"column":51}},"type":"binary-expr","locations":[{"start":{"line":737,"column":6},"end":{"line":737,"column":17}},{"start":{"line":737,"column":17},"end":{"line":737,"column":51}}],"line":737},"56":{"loc":{"start":{"line":748,"column":4},"end":{"line":748,"column":null}},"type":"if","locations":[{"start":{"line":748,"column":4},"end":{"line":748,"column":null}},{"start":{},"end":{}}],"line":748},"57":{"loc":{"start":{"line":749,"column":4},"end":{"line":750,"column":null}},"type":"if","locations":[{"start":{"line":749,"column":4},"end":{"line":750,"column":null}},{"start":{},"end":{}}],"line":749},"58":{"loc":{"start":{"line":749,"column":8},"end":{"line":749,"column":69}},"type":"binary-expr","locations":[{"start":{"line":749,"column":8},"end":{"line":749,"column":21}},{"start":{"line":749,"column":21},"end":{"line":749,"column":40}},{"start":{"line":749,"column":40},"end":{"line":749,"column":53}},{"start":{"line":749,"column":53},"end":{"line":749,"column":69}}],"line":749},"59":{"loc":{"start":{"line":756,"column":4},"end":{"line":756,"column":null}},"type":"if","locations":[{"start":{"line":756,"column":4},"end":{"line":756,"column":null}},{"start":{},"end":{}}],"line":756},"60":{"loc":{"start":{"line":756,"column":8},"end":{"line":756,"column":42}},"type":"binary-expr","locations":[{"start":{"line":756,"column":8},"end":{"line":756,"column":17}},{"start":{"line":756,"column":17},"end":{"line":756,"column":42}}],"line":756},"61":{"loc":{"start":{"line":757,"column":4},"end":{"line":757,"column":null}},"type":"if","locations":[{"start":{"line":757,"column":4},"end":{"line":757,"column":null}},{"start":{},"end":{}}],"line":757},"62":{"loc":{"start":{"line":757,"column":8},"end":{"line":757,"column":48}},"type":"binary-expr","locations":[{"start":{"line":757,"column":8},"end":{"line":757,"column":19}},{"start":{"line":757,"column":19},"end":{"line":757,"column":48}}],"line":757},"63":{"loc":{"start":{"line":766,"column":4},"end":{"line":773,"column":null}},"type":"if","locations":[{"start":{"line":766,"column":4},"end":{"line":773,"column":null}},{"start":{"line":770,"column":11},"end":{"line":773,"column":null}}],"line":766},"64":{"loc":{"start":{"line":767,"column":6},"end":{"line":767,"column":null}},"type":"if","locations":[{"start":{"line":767,"column":6},"end":{"line":767,"column":null}},{"start":{},"end":{}}],"line":767},"65":{"loc":{"start":{"line":768,"column":6},"end":{"line":768,"column":null}},"type":"if","locations":[{"start":{"line":768,"column":6},"end":{"line":768,"column":null}},{"start":{},"end":{}}],"line":768},"66":{"loc":{"start":{"line":769,"column":6},"end":{"line":769,"column":null}},"type":"if","locations":[{"start":{"line":769,"column":6},"end":{"line":769,"column":null}},{"start":{},"end":{}}],"line":769},"67":{"loc":{"start":{"line":771,"column":6},"end":{"line":771,"column":null}},"type":"if","locations":[{"start":{"line":771,"column":6},"end":{"line":771,"column":null}},{"start":{},"end":{}}],"line":771},"68":{"loc":{"start":{"line":772,"column":6},"end":{"line":772,"column":null}},"type":"if","locations":[{"start":{"line":772,"column":6},"end":{"line":772,"column":null}},{"start":{},"end":{}}],"line":772},"69":{"loc":{"start":{"line":773,"column":6},"end":{"line":773,"column":null}},"type":"if","locations":[{"start":{"line":773,"column":6},"end":{"line":773,"column":null}},{"start":{},"end":{}}],"line":773},"70":{"loc":{"start":{"line":805,"column":4},"end":{"line":806,"column":null}},"type":"if","locations":[{"start":{"line":805,"column":4},"end":{"line":806,"column":null}},{"start":{},"end":{}}],"line":805},"71":{"loc":{"start":{"line":819,"column":4},"end":{"line":820,"column":null}},"type":"if","locations":[{"start":{"line":819,"column":4},"end":{"line":820,"column":null}},{"start":{},"end":{}}],"line":819},"72":{"loc":{"start":{"line":828,"column":8},"end":{"line":829,"column":null}},"type":"if","locations":[{"start":{"line":828,"column":8},"end":{"line":829,"column":null}},{"start":{},"end":{}}],"line":828},"73":{"loc":{"start":{"line":832,"column":8},"end":{"line":854,"column":null}},"type":"if","locations":[{"start":{"line":832,"column":8},"end":{"line":854,"column":null}},{"start":{},"end":{}}],"line":832},"74":{"loc":{"start":{"line":833,"column":10},"end":{"line":836,"column":null}},"type":"binary-expr","locations":[{"start":{"line":833,"column":10},"end":{"line":833,"column":null}},{"start":{"line":834,"column":10},"end":{"line":834,"column":null}},{"start":{"line":835,"column":10},"end":{"line":835,"column":null}},{"start":{"line":836,"column":10},"end":{"line":836,"column":null}}],"line":833},"75":{"loc":{"start":{"line":840,"column":10},"end":{"line":841,"column":null}},"type":"if","locations":[{"start":{"line":840,"column":10},"end":{"line":841,"column":null}},{"start":{},"end":{}}],"line":840},"76":{"loc":{"start":{"line":841,"column":26},"end":{"line":841,"column":null}},"type":"cond-expr","locations":[{"start":{"line":841,"column":49},"end":{"line":841,"column":63}},{"start":{"line":841,"column":63},"end":{"line":841,"column":null}}],"line":841},"77":{"loc":{"start":{"line":844,"column":10},"end":{"line":845,"column":null}},"type":"if","locations":[{"start":{"line":844,"column":10},"end":{"line":845,"column":null}},{"start":{},"end":{}}],"line":844},"78":{"loc":{"start":{"line":845,"column":26},"end":{"line":845,"column":null}},"type":"cond-expr","locations":[{"start":{"line":845,"column":49},"end":{"line":845,"column":63}},{"start":{"line":845,"column":63},"end":{"line":845,"column":null}}],"line":845},"79":{"loc":{"start":{"line":848,"column":10},"end":{"line":851,"column":null}},"type":"if","locations":[{"start":{"line":848,"column":10},"end":{"line":851,"column":null}},{"start":{},"end":{}}],"line":848},"80":{"loc":{"start":{"line":849,"column":28},"end":{"line":851,"column":null}},"type":"cond-expr","locations":[{"start":{"line":850,"column":16},"end":{"line":850,"column":null}},{"start":{"line":851,"column":16},"end":{"line":851,"column":null}}],"line":849}},"s":{"0":13,"1":13,"2":13,"3":79,"4":13,"5":74,"6":13,"7":80,"8":3,"9":77,"10":13,"11":12,"12":0,"13":12,"14":13,"15":13,"16":13,"17":13,"18":13,"19":13,"20":742,"21":742,"22":742,"23":2497,"24":742,"25":13,"26":13,"27":13,"28":13,"29":13,"30":13,"31":39,"32":13,"33":25,"34":25,"35":25,"36":25,"37":25,"38":25,"39":25,"40":32,"41":32,"42":32,"43":32,"44":32,"45":32,"46":608,"47":608,"48":608,"49":38,"50":38,"51":0,"52":38,"53":4,"54":4,"55":4,"56":34,"57":34,"58":34,"59":31,"60":34,"61":34,"62":570,"63":570,"64":570,"65":570,"66":563,"67":32,"68":25,"69":25,"70":25,"71":25,"72":25,"73":13,"74":14,"75":14,"76":14,"77":14,"78":14,"79":14,"80":14,"81":13,"82":29,"83":9,"84":9,"85":0,"86":8,"87":8,"88":8,"89":20,"90":20,"91":28,"92":28,"93":28,"94":28,"95":28,"96":2,"97":28,"98":28,"99":69,"100":69,"101":281,"102":281,"103":281,"104":281,"105":2,"106":2,"107":281,"108":76,"109":50,"110":26,"111":3,"112":3,"113":26,"114":22,"115":26,"116":1,"117":26,"118":281,"119":281,"120":69,"121":69,"122":28,"123":29,"124":13,"125":2,"126":2,"127":2,"128":2,"129":2,"130":2,"131":3,"132":3,"133":3,"134":2,"135":1,"136":1,"137":1,"138":1,"139":13,"140":1,"141":1,"142":1,"143":1,"144":1,"145":0,"146":0,"147":0,"148":0,"149":0,"150":0,"151":0,"152":0,"153":0,"154":0,"155":0,"156":0,"157":13,"158":165,"159":165,"160":165,"161":165,"162":24598,"163":24598,"164":24598,"165":165,"166":165,"167":165,"168":13,"169":48,"170":4,"171":44,"172":48,"173":48,"174":49,"175":49,"176":49,"177":193,"178":16,"179":16,"180":16,"181":66,"182":177,"183":177,"184":6621,"185":5995,"186":49,"187":49,"188":49,"189":48,"190":13,"191":116,"192":116,"193":116,"194":208,"195":5,"196":203,"197":83,"198":116,"199":13,"200":6,"201":6,"202":7,"203":6,"204":6,"205":5,"206":7,"207":5,"208":13,"209":4,"210":4,"211":13,"212":11,"213":11,"214":11,"215":1,"216":10,"217":11,"218":0,"219":10,"220":1,"221":9,"222":9,"223":1,"224":8,"225":0,"226":8,"227":8,"228":8,"229":40208,"230":40208,"231":40208,"232":29802,"233":10406,"234":353,"235":10053,"236":10053,"237":3,"238":10050,"239":0,"240":10050,"241":10050,"242":10050,"243":10046,"244":10046,"245":10046,"246":25,"247":10046,"248":25,"249":4,"250":4,"251":4,"252":4,"253":4,"254":4,"255":10050,"256":10050,"257":10050,"258":10050,"259":10050,"260":8,"261":13,"262":0,"263":0,"264":0,"265":0,"266":0,"267":0,"268":0,"269":13,"270":20,"271":20,"272":20,"273":20,"274":87,"275":87,"276":87,"277":87,"278":451,"279":451,"280":451,"281":467,"282":4,"283":463,"284":300,"285":300,"286":298,"287":300,"288":298,"289":300,"290":299,"291":300,"292":451,"293":20,"294":13},"f":{"0":79,"1":74,"2":80,"3":12,"4":742,"5":39,"6":25,"7":14,"8":29,"9":2,"10":2,"11":3,"12":2,"13":1,"14":165,"15":48,"16":116,"17":6,"18":7,"19":7,"20":4,"21":11,"22":0,"23":0,"24":20},"b":{"0":[3,77],"1":[0,12],"2":[38,570],"3":[0,38],"4":[4,34],"5":[38,4],"6":[34,0],"7":[31,3],"8":[563,7],"9":[29],"10":[9,20],"11":[0,9],"12":[2],"13":[281,249,26,223,0,0,281,50,2],"14":[2,279],"15":[281,233],"16":[76,205],"17":[281,205],"18":[50,26],"19":[76,51],"20":[3,23],"21":[26,3],"22":[0,3],"23":[22,4],"24":[26,23],"25":[2,20],"26":[1,25],"27":[26,23],"28":[0,1],"29":[281,232],"30":[21,7],"31":[1,1],"32":[1,0],"33":[1,1],"34":[0,0],"35":[0,0],"36":[0,0],"37":[165],"38":[48],"39":[4,44],"40":[16,177],"41":[5995,626],"42":[6621,6621],"43":[5,203],"44":[83,120],"45":[203,203],"46":[4,3],"47":[1,10],"48":[10,0],"49":[0,11],"50":[1,9],"51":[10,9,9,9],"52":[1,8],"53":[9,9],"54":[0,8],"55":[8,2],"56":[29802,10406],"57":[353,10053],"58":[10406,10288,10173,10165],"59":[3,10050],"60":[10053,10053],"61":[0,10050],"62":[10050,29],"63":[10046,4],"64":[10046,0],"65":[25,10021],"66":[25,10021],"67":[4,0],"68":[4,0],"69":[4,0],"70":[0,0],"71":[87,0],"72":[4,463],"73":[300,163],"74":[463,463,463,370],"75":[298,2],"76":[297,1],"77":[298,2],"78":[297,1],"79":[299,1],"80":[297,2]},"meta":{"lastBranch":81,"lastFunction":25,"lastStatement":295,"seen":{"s:9:38:9:Infinity":0,"s:10:43:10:Infinity":1,"s:12:13:13:Infinity":2,"f:12:13:12:25":0,"s:13:2:13:Infinity":3,"s:16:13:17:Infinity":4,"f:16:13:16:30":1,"s:17:2:17:Infinity":5,"s:20:6:26:Infinity":6,"f:20:6:20:41":2,"b:21:2:24:Infinity:undefined:undefined:undefined:undefined":0,"s:21:2:24:Infinity":7,"s:22:4:24:Infinity":8,"s:26:2:26:Infinity":9,"s:29:6:35:Infinity":10,"f:29:6:29:46":3,"b:30:2:33:Infinity:undefined:undefined:undefined:undefined":1,"s:30:2:33:Infinity":11,"s:31:4:33:Infinity":12,"s:35:2:35:Infinity":13,"s:54:39:155:Infinity":14,"s:159:36:159:Infinity":15,"s:162:35:208:Infinity":16,"s:211:43:220:Infinity":17,"s:222:33:222:35":18,"s:224:13:231:Infinity":19,"f:224:13:224:30":4,"s:225:25:225:27":20,"s:227:2:228:Infinity":21,"s:227:15:227:18":22,"s:228:4:228:Infinity":23,"s:231:2:231:Infinity":24,"s:236:26:236:Infinity":25,"s:237:27:237:Infinity":26,"s:240:31:240:Infinity":27,"s:241:30:241:Infinity":28,"s:242:24:242:Infinity":29,"s:244:6:256:Infinity":30,"f:244:6:244:49":5,"s:244:49:256:Infinity":31,"s:258:30:370:Infinity":32,"f:258:30:258:Infinity":6,"s:266:2:271:Infinity":33,"s:273:21:273:41":34,"s:275:33:281:4":35,"s:283:43:292:Infinity":36,"s:295:28:295:Infinity":37,"s:296:21:296:Infinity":38,"s:298:2:350:Infinity":39,"s:299:17:299:Infinity":40,"s:300:16:300:Infinity":41,"s:302:23:302:25":42,"s:303:14:303:Infinity":43,"s:304:20:304:Infinity":44,"s:306:4:346:Infinity":45,"s:307:6:307:Infinity":46,"s:308:6:308:Infinity":47,"b:312:6:334:Infinity:undefined:undefined:undefined:undefined":2,"s:312:6:334:Infinity":48,"s:313:24:314:35":49,"b:316:8:316:Infinity:undefined:undefined:undefined:undefined":3,"s:316:8:316:Infinity":50,"s:316:22:316:Infinity":51,"b:319:8:322:Infinity:undefined:undefined:undefined:undefined":4,"s:319:8:322:Infinity":52,"b:319:12:319:40:319:40:319:66":5,"s:320:10:320:Infinity":53,"s:321:10:321:Infinity":54,"s:322:10:322:Infinity":55,"b:325:8:326:Infinity:undefined:undefined:undefined:undefined":6,"s:325:8:326:Infinity":56,"s:326:10:326:Infinity":57,"b:329:8:330:Infinity:undefined:undefined:undefined:undefined":7,"s:329:8:330:Infinity":58,"s:330:10:330:Infinity":59,"s:333:8:333:Infinity":60,"s:334:8:334:Infinity":61,"s:337:6:337:Infinity":62,"s:339:6:341:Infinity":63,"s:343:6:343:Infinity":64,"b:345:6:346:Infinity:undefined:undefined:undefined:undefined":8,"s:345:6:346:Infinity":65,"s:346:8:346:Infinity":66,"s:350:4:350:Infinity":67,"s:353:2:353:Infinity":68,"s:356:23:360:4":69,"s:363:2:365:Infinity":70,"s:368:2:368:Infinity":71,"s:370:2:370:Infinity":72,"s:374:13:407:Infinity":73,"f:374:13:374:31":7,"s:375:33:381:4":74,"s:383:41:392:Infinity":75,"s:394:23:398:4":76,"s:400:2:402:Infinity":77,"s:404:2:404:Infinity":78,"s:405:2:405:Infinity":79,"s:407:2:407:Infinity":80,"s:411:13:513:Infinity":81,"f:411:13:411:27":8,"b:411:54:411:81":9,"b:415:2:432:Infinity:424:9:432:Infinity":10,"s:415:2:432:Infinity":82,"s:417:18:417:Infinity":83,"b:418:4:419:Infinity:undefined:undefined:undefined:undefined":11,"s:418:4:419:Infinity":84,"s:419:6:419:Infinity":85,"s:421:4:421:Infinity":86,"s:422:4:422:Infinity":87,"s:423:4:423:Infinity":88,"s:426:4:428:Infinity":89,"s:429:4:432:Infinity":90,"s:435:27:435:29":91,"s:437:19:437:Infinity":92,"s:439:25:439:Infinity":93,"s:441:24:441:Infinity":94,"s:443:8:444:37":95,"f:443:8:443:19":9,"s:444:4:444:37":96,"b:443:41:443:Infinity":12,"s:446:2:505:Infinity":97,"s:446:15:446:18":98,"s:447:4:498:Infinity":99,"s:447:17:447:20":100,"s:449:24:449:Infinity":101,"s:450:23:458:Infinity":102,"b:451:9:451:Infinity:452:11:452:41:452:41:452:Infinity:453:10:453:Infinity:454:10:454:Infinity:455:10:455:Infinity:456:9:456:Infinity:457:10:457:Infinity:458:10:458:Infinity":13,"s:463:6:463:Infinity":103,"b:466:6:469:Infinity:undefined:undefined:undefined:undefined":14,"s:466:6:469:Infinity":104,"b:466:10:466:Infinity:467:10:467:57":15,"s:468:8:468:Infinity":105,"s:469:8:469:Infinity":106,"b:472:6:491:Infinity:undefined:undefined:undefined:undefined":16,"s:472:6:491:Infinity":107,"b:472:10:472:42:472:42:472:72":17,"b:473:8:491:Infinity:475:15:491:Infinity":18,"s:473:8:491:Infinity":108,"b:473:12:473:41:473:41:473:68":19,"s:474:10:474:Infinity":109,"b:476:10:478:Infinity:undefined:undefined:undefined:undefined":20,"s:476:10:478:Infinity":110,"b:476:14:476:43:476:43:476:70":21,"s:477:12:477:Infinity":111,"s:478:12:478:Infinity":112,"b:478:45:478:65:478:68:478:Infinity":22,"b:481:10:483:Infinity:undefined:undefined:undefined:undefined":23,"s:481:10:483:Infinity":113,"b:481:14:481:43:481:43:481:70":24,"s:482:12:483:Infinity":114,"b:483:49:483:69:483:72:483:Infinity":25,"b:486:10:488:Infinity:undefined:undefined:undefined:undefined":26,"s:486:10:488:Infinity":115,"b:486:14:486:43:486:43:486:70":27,"s:487:12:488:Infinity":116,"b:488:36:488:56:488:59:488:Infinity":28,"s:491:10:491:Infinity":117,"s:496:6:496:Infinity":118,"b:496:18:496:35:496:35:496:39":29,"s:498:6:498:Infinity":119,"s:503:4:503:Infinity":120,"s:505:4:505:Infinity":121,"s:509:19:511:Infinity":122,"b:510:6:510:Infinity:511:6:511:Infinity":30,"s:513:2:513:Infinity":123,"s:517:13:529:Infinity":124,"f:517:13:517:Infinity":10,"s:522:12:522:39":125,"s:523:15:523:57":126,"s:525:2:525:Infinity":127,"s:526:2:526:Infinity":128,"s:527:2:527:Infinity":129,"s:529:2:529:Infinity":130,"f:532:16:532:Infinity":11,"s:536:23:536:50":131,"s:537:2:537:Infinity":132,"s:538:2:543:Infinity":133,"f:538:16:538:26":12,"b:539:4:539:Infinity:undefined:undefined:undefined:undefined":31,"s:539:4:539:Infinity":134,"s:539:15:539:Infinity":135,"s:540:16:540:41":136,"s:541:4:541:Infinity":137,"s:542:4:542:Infinity":138,"s:546:34:579:Infinity":139,"f:546:34:546:61":13,"s:547:14:547:36":140,"s:548:19:548:51":141,"s:549:19:549:51":142,"b:551:2:551:Infinity:undefined:undefined:undefined:undefined":32,"s:551:2:551:Infinity":143,"b:551:6:551:19:551:19:551:30":33,"s:551:30:551:Infinity":144,"s:553:2:579:Infinity":145,"b:554:4:562:Infinity:undefined:undefined:undefined:undefined":34,"s:554:4:562:Infinity":146,"s:555:18:558:8":147,"s:560:24:560:49":148,"s:561:24:561:40":149,"s:562:6:562:Infinity":150,"b:562:32:562:45:562:45:562:56":35,"b:565:4:575:Infinity:undefined:undefined:undefined:undefined":36,"s:565:4:575:Infinity":151,"s:566:18:571:Infinity":152,"s:574:24:574:40":153,"s:575:6:575:Infinity":154,"s:578:4:578:Infinity":155,"s:579:4:579:Infinity":156,"s:585:13:597:Infinity":157,"f:585:13:585:23":14,"b:585:43:585:60":37,"s:586:11:586:Infinity":158,"s:587:11:587:Infinity":159,"s:588:2:591:Infinity":160,"s:588:15:588:18":161,"s:589:4:589:Infinity":162,"s:590:4:590:Infinity":163,"s:591:4:591:Infinity":164,"s:593:2:594:Infinity":165,"s:595:2:596:Infinity":166,"s:597:2:597:Infinity":167,"s:602:13:641:Infinity":168,"f:602:13:602:Infinity":15,"b:605:30:605:Infinity":38,"b:609:2:612:Infinity:611:9:612:Infinity":39,"s:609:2:612:Infinity":169,"s:610:4:610:Infinity":170,"s:612:4:612:Infinity":171,"s:615:2:638:Infinity":172,"s:615:15:615:18":173,"s:616:19:616:Infinity":174,"s:618:4:629:Infinity":175,"s:618:17:618:20":176,"b:620:6:629:Infinity:625:13:629:Infinity":40,"s:620:6:629:Infinity":177,"s:621:8:621:Infinity":178,"s:622:8:623:Infinity":179,"s:622:21:622:24":180,"s:623:10:623:Infinity":181,"s:627:8:629:Infinity":182,"s:627:21:627:24":183,"b:628:10:629:Infinity:undefined:undefined:undefined:undefined":41,"s:628:10:629:Infinity":184,"b:628:14:628:27:628:27:628:42":42,"s:629:12:629:Infinity":185,"s:636:4:636:Infinity":186,"s:637:4:637:Infinity":187,"s:638:4:638:Infinity":188,"s:641:2:641:Infinity":189,"s:647:13:660:Infinity":190,"f:647:13:647:31":16,"s:648:17:648:Infinity":191,"s:650:2:656:Infinity":192,"s:650:15:650:18":193,"b:651:4:652:Infinity:undefined:undefined:undefined:undefined":43,"s:651:4:652:Infinity":194,"s:652:6:652:Infinity":195,"b:655:4:656:Infinity:undefined:undefined:undefined:undefined":44,"s:655:4:656:Infinity":196,"b:655:8:655:21:655:21:655:51":45,"s:656:6:656:Infinity":197,"s:660:2:660:Infinity":198,"s:665:13:678:Infinity":199,"f:665:13:665:33":17,"s:666:31:666:33":200,"s:668:19:669:Infinity":201,"f:668:26:668:Infinity":18,"s:669:31:669:Infinity":202,"s:672:2:675:Infinity":203,"s:672:15:672:18":204,"s:673:4:675:Infinity":205,"f:673:31:673:Infinity":19,"s:674:31:674:Infinity":206,"s:678:2:678:Infinity":207,"s:682:13:687:Infinity":208,"f:682:13:682:29":20,"s:683:21:685:Infinity":209,"s:687:2:687:Infinity":210,"b:687:11:687:25:687:25:687:Infinity":46,"s:712:13:791:Infinity":211,"f:712:13:712:Infinity":21,"s:723:32:723:34":212,"s:724:17:724:Infinity":213,"b:725:2:725:Infinity:undefined:undefined:undefined:undefined":47,"s:725:2:725:Infinity":214,"s:725:20:725:Infinity":215,"s:726:16:726:Infinity":216,"b:726:16:726:37:726:37:726:Infinity":48,"b:727:2:727:Infinity:undefined:undefined:undefined:undefined":49,"s:727:2:727:Infinity":217,"s:727:19:727:Infinity":218,"b:730:2:731:Infinity:undefined:undefined:undefined:undefined":50,"s:730:2:731:Infinity":219,"b:730:6:730:20:730:20:730:40:730:40:730:54:730:54:730:71":51,"s:731:4:731:Infinity":220,"s:735:21:735:Infinity":221,"b:736:2:736:Infinity:undefined:undefined:undefined:undefined":52,"s:736:2:736:Infinity":222,"b:736:6:736:15:736:15:736:45":53,"s:736:45:736:Infinity":223,"b:737:2:737:Infinity:undefined:undefined:undefined:undefined":54,"s:737:2:737:Infinity":224,"b:737:6:737:17:737:17:737:51":55,"s:737:51:737:Infinity":225,"s:739:18:739:35":226,"s:740:49:741:Infinity":227,"s:744:2:788:Infinity":228,"s:745:16:745:27":229,"s:746:16:746:Infinity":230,"b:748:4:748:Infinity:undefined:undefined:undefined:undefined":56,"s:748:4:748:Infinity":231,"s:748:26:748:Infinity":232,"b:749:4:750:Infinity:undefined:undefined:undefined:undefined":57,"s:749:4:750:Infinity":233,"b:749:8:749:21:749:21:749:40:749:40:749:53:749:53:749:69":58,"s:750:6:750:Infinity":234,"s:753:18:753:Infinity":235,"b:756:4:756:Infinity:undefined:undefined:undefined:undefined":59,"s:756:4:756:Infinity":236,"b:756:8:756:17:756:17:756:42":60,"s:756:42:756:Infinity":237,"b:757:4:757:Infinity:undefined:undefined:undefined:undefined":61,"s:757:4:757:Infinity":238,"b:757:8:757:19:757:19:757:48":62,"s:757:48:757:Infinity":239,"s:759:4:759:Infinity":240,"s:763:28:763:40":241,"b:766:4:773:Infinity:770:11:773:Infinity":63,"s:766:4:773:Infinity":242,"b:767:6:767:Infinity:undefined:undefined:undefined:undefined":64,"s:767:6:767:Infinity":243,"s:767:17:767:Infinity":244,"b:768:6:768:Infinity:undefined:undefined:undefined:undefined":65,"s:768:6:768:Infinity":245,"s:768:17:768:Infinity":246,"b:769:6:769:Infinity:undefined:undefined:undefined:undefined":66,"s:769:6:769:Infinity":247,"s:769:19:769:Infinity":248,"b:771:6:771:Infinity:undefined:undefined:undefined:undefined":67,"s:771:6:771:Infinity":249,"s:771:17:771:Infinity":250,"b:772:6:772:Infinity:undefined:undefined:undefined:undefined":68,"s:772:6:772:Infinity":251,"s:772:17:772:Infinity":252,"b:773:6:773:Infinity:undefined:undefined:undefined:undefined":69,"s:773:6:773:Infinity":253,"s:773:19:773:Infinity":254,"s:777:4:782:Infinity":255,"s:785:4:785:Infinity":256,"s:786:4:786:Infinity":257,"s:787:4:787:Infinity":258,"s:788:4:788:Infinity":259,"s:791:2:791:Infinity":260,"s:799:13:810:Infinity":261,"f:799:13:799:35":22,"s:800:16:800:34":262,"s:801:30:801:32":263,"s:803:2:808:Infinity":264,"f:803:8:803:17":23,"s:804:23:804:Infinity":265,"b:805:4:806:Infinity:undefined:undefined:undefined:undefined":70,"s:805:4:806:Infinity":266,"s:806:6:806:Infinity":267,"s:810:2:810:Infinity":268,"s:813:13:862:Infinity":269,"f:813:13:813:44":24,"s:814:34:814:36":270,"s:816:33:816:Infinity":271,"s:818:2:858:Infinity":272,"s:818:15:818:18":273,"b:819:4:820:Infinity:undefined:undefined:undefined:undefined":71,"s:819:4:820:Infinity":274,"s:820:6:820:Infinity":275,"s:823:4:858:Infinity":276,"s:823:17:823:20":277,"s:824:30:824:47":278,"s:827:6:854:Infinity":279,"s:827:19:827:45":280,"b:828:8:829:Infinity:undefined:undefined:undefined:undefined":72,"s:828:8:829:Infinity":281,"s:829:10:829:Infinity":282,"b:832:8:854:Infinity:undefined:undefined:undefined:undefined":73,"s:832:8:854:Infinity":283,"b:833:10:833:Infinity:834:10:834:Infinity:835:10:835:Infinity:836:10:836:Infinity":74,"s:838:27:838:Infinity":284,"b:840:10:841:Infinity:undefined:undefined:undefined:undefined":75,"s:840:10:841:Infinity":285,"s:841:12:841:Infinity":286,"b:841:49:841:63:841:63:841:Infinity":76,"b:844:10:845:Infinity:undefined:undefined:undefined:undefined":77,"s:844:10:845:Infinity":287,"s:845:12:845:Infinity":288,"b:845:49:845:63:845:63:845:Infinity":78,"b:848:10:851:Infinity:undefined:undefined:undefined:undefined":79,"s:848:10:851:Infinity":289,"s:849:12:851:Infinity":290,"b:850:16:850:Infinity:851:16:851:Infinity":80,"s:854:10:854:Infinity":291,"s:858:6:858:Infinity":292,"s:862:2:862:Infinity":293,"s:866:38:869:Infinity":294}}}
,"/run/media/maxx/big/work/asciibird/src/components/ABModal.vue": {"path":"/run/media/maxx/big/work/asciibird/src/components/ABModal.vue","statementMap":{"0":{"start":{"line":71,"column":13},"end":{"line":71,"column":null}},"1":{"start":{"line":24,"column":11},"end":{"line":24,"column":48}},"2":{"start":{"line":25,"column":13},"end":{"line":25,"column":68}},"3":{"start":{"line":44,"column":19},"end":{"line":44,"column":30}},"4":{"start":{"line":47,"column":19},"end":{"line":47,"column":52}},"5":{"start":{"line":2,"column":2},"end":{"line":48,"column":null}},"6":{"start":{"line":54,"column":13},"end":{"line":48,"column":null}},"7":{"start":{"line":10,"column":14},"end":{"line":10,"column":null}},"8":{"start":{"line":22,"column":24},"end":{"line":48,"column":null}},"9":{"start":{"line":21,"column":60},"end":{"line":21,"column":60}},"10":{"start":{"line":50,"column":26},"end":{"line":48,"column":null}},"11":{"start":{"line":43,"column":20},"end":{"line":48,"column":null}}},"fnMap":{"0":{"name":"(anonymous_0)","decl":{"start":{"line":54,"column":13},"end":{"line":54,"column":null}},"loc":{"start":{"line":54,"column":13},"end":{"line":48,"column":null}},"line":54},"1":{"name":"(anonymous_1)","decl":{"start":{"line":10,"column":12},"end":{"line":10,"column":14}},"loc":{"start":{"line":10,"column":14},"end":{"line":10,"column":null}},"line":10},"2":{"name":"(anonymous_2)","decl":{"start":{"line":22,"column":24},"end":{"line":22,"column":null}},"loc":{"start":{"line":22,"column":24},"end":{"line":48,"column":null}},"line":22},"3":{"name":"(anonymous_3)","decl":{"start":{"line":21,"column":60},"end":{"line":21,"column":null}},"loc":{"start":{"line":21,"column":60},"end":{"line":21,"column":60}},"line":21},"4":{"name":"(anonymous_4)","decl":{"start":{"line":50,"column":26},"end":{"line":50,"column":null}},"loc":{"start":{"line":50,"column":26},"end":{"line":48,"column":null}},"line":50},"5":{"name":"(anonymous_5)","decl":{"start":{"line":43,"column":20},"end":{"line":43,"column":null}},"loc":{"start":{"line":43,"column":20},"end":{"line":48,"column":null}},"line":43}},"branchMap":{"0":{"loc":{"start":{"line":10,"column":12},"end":{"line":10,"column":null}},"type":"binary-expr","locations":[{"start":{"line":10,"column":12},"end":{"line":10,"column":14}},{"start":{"line":10,"column":12},"end":{"line":10,"column":null}}],"line":10},"1":{"loc":{"start":{"line":21,"column":60},"end":{"line":21,"column":60}},"type":"binary-expr","locations":[{"start":{"line":21,"column":60},"end":{"line":21,"column":null}},{"start":{"line":21,"column":60},"end":{"line":21,"column":60}}],"line":21},"2":{"loc":{"start":{"line":39,"column":22},"end":{"line":42,"column":null}},"type":"cond-expr","locations":[{"start":{"line":39,"column":22},"end":{"line":42,"column":null}},{"start":{"line":42,"column":24},"end":{"line":42,"column":null}}],"line":39}},"s":{"0":0,"1":2,"2":2,"3":2,"4":2,"5":0,"6":0,"7":0,"8":0,"9":0,"10":0,"11":0},"f":{"0":0,"1":0,"2":0,"3":0,"4":0,"5":0},"b":{"0":[0,0],"1":[0,0],"2":[0,0]},"meta":{"lastBranch":3,"lastFunction":6,"lastStatement":12,"seen":{"s:71:13:71:Infinity":0,"s:24:11:24:48":1,"s:25:13:25:68":2,"s:44:19:44:30":3,"s:47:19:47:52":4,"s:2:2:48:Infinity":5,"f:54:13:54:Infinity":0,"s:54:13:48:Infinity":6,"b:10:12:10:14:10:12:10:Infinity":0,"f:10:12:10:14":1,"s:10:14:10:Infinity":7,"f:22:24:22:Infinity":2,"s:22:24:48:Infinity":8,"f:21:60:21:Infinity":3,"s:21:60:21:60":9,"b:21:60:21:Infinity:21:60:21:60":1,"f:50:26:50:Infinity":4,"s:50:26:48:Infinity":10,"f:43:20:43:Infinity":5,"s:43:20:48:Infinity":11,"b:39:22:42:Infinity:42:24:42:Infinity":2}}}
,"/run/media/maxx/big/work/asciibird/src/components/BrushLibrary.vue": {"path":"/run/media/maxx/big/work/asciibird/src/components/BrushLibrary.vue","statementMap":{"0":{"start":{"line":178,"column":14},"end":{"line":178,"column":null}},"1":{"start":{"line":180,"column":6},"end":{"line":180,"column":38}},"2":{"start":{"line":181,"column":6},"end":{"line":181,"column":34}},"3":{"start":{"line":182,"column":14},"end":{"line":182,"column":38}},"4":{"start":{"line":183,"column":6},"end":{"line":183,"column":45}},"5":{"start":{"line":185,"column":15},"end":{"line":190,"column":2}},"6":{"start":{"line":192,"column":6},"end":{"line":200,"column":2}},"7":{"start":{"line":202,"column":6},"end":{"line":202,"column":62}},"8":{"start":{"line":202,"column":36},"end":{"line":202,"column":62}},"9":{"start":{"line":203,"column":6},"end":{"line":203,"column":62}},"10":{"start":{"line":203,"column":36},"end":{"line":203,"column":62}},"11":{"start":{"line":204,"column":6},"end":{"line":204,"column":74}},"12":{"start":{"line":204,"column":35},"end":{"line":204,"column":74}},"13":{"start":{"line":205,"column":6},"end":{"line":205,"column":70}},"14":{"start":{"line":205,"column":34},"end":{"line":205,"column":70}},"15":{"start":{"line":206,"column":6},"end":{"line":206,"column":70}},"16":{"start":{"line":206,"column":33},"end":{"line":206,"column":70}},"17":{"start":{"line":208,"column":6},"end":{"line":211,"column":null}},"18":{"start":{"line":209,"column":2},"end":{"line":211,"column":null}},"19":{"start":{"line":214,"column":6},"end":{"line":220,"column":null}},"20":{"start":{"line":215,"column":25},"end":{"line":215,"column":27}},"21":{"start":{"line":216,"column":2},"end":{"line":217,"column":null}},"22":{"start":{"line":216,"column":15},"end":{"line":216,"column":18}},"23":{"start":{"line":217,"column":4},"end":{"line":217,"column":null}},"24":{"start":{"line":219,"column":2},"end":{"line":219,"column":null}},"25":{"start":{"line":223,"column":0},"end":{"line":237,"column":null}},"26":{"start":{"line":224,"column":2},"end":{"line":224,"column":null}},"27":{"start":{"line":226,"column":2},"end":{"line":234,"column":null}},"28":{"start":{"line":228,"column":6},"end":{"line":230,"column":null}},"29":{"start":{"line":231,"column":4},"end":{"line":234,"column":null}},"30":{"start":{"line":232,"column":6},"end":{"line":234,"column":null}},"31":{"start":{"line":239,"column":0},"end":{"line":247,"column":null}},"32":{"start":{"line":240,"column":8},"end":{"line":240,"column":null}},"33":{"start":{"line":242,"column":4},"end":{"line":244,"column":null}},"34":{"start":{"line":243,"column":6},"end":{"line":244,"column":null}},"35":{"start":{"line":249,"column":0},"end":{"line":251,"column":null}},"36":{"start":{"line":250,"column":2},"end":{"line":250,"column":null}},"37":{"start":{"line":254,"column":2},"end":{"line":254,"column":null}},"38":{"start":{"line":255,"column":2},"end":{"line":255,"column":null}},"39":{"start":{"line":259,"column":2},"end":{"line":259,"column":null}},"40":{"start":{"line":263,"column":2},"end":{"line":263,"column":null}},"41":{"start":{"line":264,"column":2},"end":{"line":264,"column":null}},"42":{"start":{"line":265,"column":2},"end":{"line":265,"column":null}},"43":{"start":{"line":269,"column":2},"end":{"line":269,"column":null}},"44":{"start":{"line":270,"column":2},"end":{"line":270,"column":null}},"45":{"start":{"line":274,"column":2},"end":{"line":274,"column":null}},"46":{"start":{"line":275,"column":2},"end":{"line":275,"column":null}},"47":{"start":{"line":279,"column":2},"end":{"line":279,"column":null}},"48":{"start":{"line":280,"column":2},"end":{"line":280,"column":null}},"49":{"start":{"line":284,"column":2},"end":{"line":284,"column":null}},"50":{"start":{"line":288,"column":2},"end":{"line":288,"column":null}},"51":{"start":{"line":8,"column":11},"end":{"line":8,"column":65}},"52":{"start":{"line":41,"column":13},"end":{"line":41,"column":25}},"53":{"start":{"line":48,"column":16},"end":{"line":48,"column":86}},"54":{"start":{"line":99,"column":17},"end":{"line":99,"column":null}},"55":{"start":{"line":2,"column":2},"end":{"line":146,"column":40}},"56":{"start":{"line":16,"column":18},"end":{"line":16,"column":null}},"57":{"start":{"line":32,"column":18},"end":{"line":32,"column":null}},"58":{"start":{"line":43,"column":12},"end":{"line":81,"column":32}},"59":{"start":{"line":55,"column":26},"end":{"line":55,"column":null}},"60":{"start":{"line":65,"column":26},"end":{"line":65,"column":null}},"61":{"start":{"line":76,"column":26},"end":{"line":76,"column":null}},"62":{"start":{"line":94,"column":12},"end":{"line":146,"column":40}},"63":{"start":{"line":107,"column":26},"end":{"line":107,"column":null}},"64":{"start":{"line":117,"column":26},"end":{"line":117,"column":null}},"65":{"start":{"line":129,"column":26},"end":{"line":129,"column":null}},"66":{"start":{"line":140,"column":26},"end":{"line":140,"column":null}}},"fnMap":{"0":{"name":"(anonymous_0)","decl":{"start":{"line":202,"column":21},"end":{"line":202,"column":36}},"loc":{"start":{"line":202,"column":36},"end":{"line":202,"column":62}},"line":202},"1":{"name":"(anonymous_1)","decl":{"start":{"line":203,"column":21},"end":{"line":203,"column":36}},"loc":{"start":{"line":203,"column":36},"end":{"line":203,"column":62}},"line":203},"2":{"name":"(anonymous_2)","decl":{"start":{"line":204,"column":20},"end":{"line":204,"column":35}},"loc":{"start":{"line":204,"column":35},"end":{"line":204,"column":74}},"line":204},"3":{"name":"(anonymous_3)","decl":{"start":{"line":205,"column":19},"end":{"line":205,"column":34}},"loc":{"start":{"line":205,"column":34},"end":{"line":205,"column":70}},"line":205},"4":{"name":"(anonymous_4)","decl":{"start":{"line":206,"column":18},"end":{"line":206,"column":33}},"loc":{"start":{"line":206,"column":33},"end":{"line":206,"column":70}},"line":206},"5":{"name":"(anonymous_5)","decl":{"start":{"line":208,"column":21},"end":{"line":208,"column":null}},"loc":{"start":{"line":209,"column":2},"end":{"line":211,"column":null}},"line":209},"6":{"name":"(anonymous_6)","decl":{"start":{"line":214,"column":22},"end":{"line":214,"column":37}},"loc":{"start":{"line":214,"column":37},"end":{"line":220,"column":null}},"line":214},"7":{"name":"(anonymous_7)","decl":{"start":{"line":223,"column":29},"end":{"line":223,"column":40}},"loc":{"start":{"line":223,"column":50},"end":{"line":237,"column":null}},"line":223},"8":{"name":"(anonymous_8)","decl":{"start":{"line":239,"column":0},"end":{"line":239,"column":null}},"loc":{"start":{"line":240,"column":8},"end":{"line":240,"column":null}},"line":240},"9":{"name":"(anonymous_9)","decl":{"start":{"line":240,"column":14},"end":{"line":240,"column":null}},"loc":{"start":{"line":241,"column":11},"end":{"line":247,"column":null}},"line":241},"10":{"name":"(anonymous_10)","decl":{"start":{"line":249,"column":0},"end":{"line":249,"column":18}},"loc":{"start":{"line":249,"column":18},"end":{"line":251,"column":null}},"line":249},"11":{"name":"changeTab","decl":{"start":{"line":253,"column":9},"end":{"line":253,"column":19}},"loc":{"start":{"line":253,"column":32},"end":{"line":255,"column":null}},"line":253},"12":{"name":"decompressBlock","decl":{"start":{"line":258,"column":9},"end":{"line":258,"column":25}},"loc":{"start":{"line":258,"column":39},"end":{"line":259,"column":null}},"line":258},"13":{"name":"reuseBlocks","decl":{"start":{"line":262,"column":9},"end":{"line":262,"column":21}},"loc":{"start":{"line":262,"column":41},"end":{"line":265,"column":null}},"line":262},"14":{"name":"saveToLibrary","decl":{"start":{"line":268,"column":9},"end":{"line":268,"column":23}},"loc":{"start":{"line":268,"column":43},"end":{"line":270,"column":null}},"line":268},"15":{"name":"removeFromLibrary","decl":{"start":{"line":273,"column":9},"end":{"line":273,"column":27}},"loc":{"start":{"line":273,"column":47},"end":{"line":275,"column":null}},"line":273},"16":{"name":"removeFromHistory","decl":{"start":{"line":278,"column":9},"end":{"line":278,"column":27}},"loc":{"start":{"line":278,"column":47},"end":{"line":280,"column":null}},"line":278},"17":{"name":"upBrush","decl":{"start":{"line":283,"column":9},"end":{"line":283,"column":17}},"loc":{"start":{"line":283,"column":30},"end":{"line":284,"column":null}},"line":283},"18":{"name":"downBrush","decl":{"start":{"line":287,"column":9},"end":{"line":287,"column":19}},"loc":{"start":{"line":287,"column":32},"end":{"line":288,"column":null}},"line":287},"19":{"name":"(anonymous_19)","decl":{"start":{"line":16,"column":16},"end":{"line":16,"column":18}},"loc":{"start":{"line":16,"column":18},"end":{"line":16,"column":null}},"line":16},"20":{"name":"(anonymous_20)","decl":{"start":{"line":32,"column":16},"end":{"line":32,"column":18}},"loc":{"start":{"line":32,"column":18},"end":{"line":32,"column":null}},"line":32},"21":{"name":"(anonymous_21)","decl":{"start":{"line":44,"column":37},"end":{"line":44,"column":null}},"loc":{"start":{"line":44,"column":32},"end":{"line":81,"column":32}},"line":44},"22":{"name":"(anonymous_22)","decl":{"start":{"line":55,"column":19},"end":{"line":55,"column":24}},"loc":{"start":{"line":55,"column":26},"end":{"line":55,"column":null}},"line":55},"23":{"name":"(anonymous_23)","decl":{"start":{"line":65,"column":19},"end":{"line":65,"column":24}},"loc":{"start":{"line":65,"column":26},"end":{"line":65,"column":null}},"line":65},"24":{"name":"(anonymous_24)","decl":{"start":{"line":76,"column":19},"end":{"line":76,"column":24}},"loc":{"start":{"line":76,"column":26},"end":{"line":76,"column":null}},"line":76},"25":{"name":"(anonymous_25)","decl":{"start":{"line":95,"column":37},"end":{"line":95,"column":null}},"loc":{"start":{"line":95,"column":32},"end":{"line":146,"column":40}},"line":95},"26":{"name":"(anonymous_26)","decl":{"start":{"line":107,"column":19},"end":{"line":107,"column":24}},"loc":{"start":{"line":107,"column":26},"end":{"line":107,"column":null}},"line":107},"27":{"name":"(anonymous_27)","decl":{"start":{"line":117,"column":19},"end":{"line":117,"column":24}},"loc":{"start":{"line":117,"column":26},"end":{"line":117,"column":null}},"line":117},"28":{"name":"(anonymous_28)","decl":{"start":{"line":129,"column":19},"end":{"line":129,"column":24}},"loc":{"start":{"line":129,"column":26},"end":{"line":129,"column":null}},"line":129},"29":{"name":"(anonymous_29)","decl":{"start":{"line":140,"column":19},"end":{"line":140,"column":24}},"loc":{"start":{"line":140,"column":26},"end":{"line":140,"column":null}},"line":140}},"branchMap":{"0":{"loc":{"start":{"line":209,"column":2},"end":{"line":211,"column":null}},"type":"cond-expr","locations":[{"start":{"line":210,"column":6},"end":{"line":210,"column":null}},{"start":{"line":211,"column":6},"end":{"line":211,"column":null}}],"line":209},"1":{"loc":{"start":{"line":226,"column":2},"end":{"line":234,"column":null}},"type":"if","locations":[{"start":{"line":226,"column":2},"end":{"line":234,"column":null}},{"start":{},"end":{}}],"line":226},"2":{"loc":{"start":{"line":226,"column":6},"end":{"line":226,"column":43}},"type":"binary-expr","locations":[{"start":{"line":226,"column":6},"end":{"line":226,"column":26}},{"start":{"line":226,"column":26},"end":{"line":226,"column":43}}],"line":226},"3":{"loc":{"start":{"line":228,"column":6},"end":{"line":230,"column":null}},"type":"cond-expr","locations":[{"start":{"line":229,"column":10},"end":{"line":229,"column":null}},{"start":{"line":230,"column":10},"end":{"line":230,"column":null}}],"line":228},"4":{"loc":{"start":{"line":231,"column":4},"end":{"line":234,"column":null}},"type":"if","locations":[{"start":{"line":231,"column":4},"end":{"line":234,"column":null}},{"start":{},"end":{}}],"line":231},"5":{"loc":{"start":{"line":242,"column":4},"end":{"line":244,"column":null}},"type":"if","locations":[{"start":{"line":242,"column":4},"end":{"line":244,"column":null}},{"start":{},"end":{}}],"line":242},"6":{"loc":{"start":{"line":11,"column":86},"end":{"line":11,"column":null}},"type":"cond-expr","locations":[{"start":{"line":11,"column":95},"end":{"line":11,"column":null}},{"start":{"line":11,"column":95},"end":{"line":11,"column":null}}],"line":11},"7":{"loc":{"start":{"line":16,"column":16},"end":{"line":16,"column":null}},"type":"binary-expr","locations":[{"start":{"line":16,"column":16},"end":{"line":16,"column":18}},{"start":{"line":16,"column":16},"end":{"line":16,"column":null}}],"line":16},"8":{"loc":{"start":{"line":18,"column":10},"end":{"line":23,"column":17}},"type":"binary-expr","locations":[{"start":{"line":18,"column":10},"end":{"line":18,"column":null}},{"start":{"line":18,"column":10},"end":{"line":23,"column":17}}],"line":18},"9":{"loc":{"start":{"line":27,"column":86},"end":{"line":27,"column":null}},"type":"cond-expr","locations":[{"start":{"line":27,"column":95},"end":{"line":27,"column":null}},{"start":{"line":27,"column":95},"end":{"line":27,"column":null}}],"line":27},"10":{"loc":{"start":{"line":32,"column":16},"end":{"line":32,"column":null}},"type":"binary-expr","locations":[{"start":{"line":32,"column":16},"end":{"line":32,"column":18}},{"start":{"line":32,"column":16},"end":{"line":32,"column":null}}],"line":32},"11":{"loc":{"start":{"line":34,"column":10},"end":{"line":37,"column":31}},"type":"binary-expr","locations":[{"start":{"line":34,"column":10},"end":{"line":34,"column":null}},{"start":{"line":34,"column":10},"end":{"line":37,"column":31}}],"line":34},"12":{"loc":{"start":{"line":42,"column":21},"end":{"line":87,"column":27}},"type":"cond-expr","locations":[{"start":{"line":42,"column":30},"end":{"line":87,"column":27}},{"start":{"line":87,"column":21},"end":{"line":87,"column":27}}],"line":42},"13":{"loc":{"start":{"line":57,"column":18},"end":{"line":60,"column":30}},"type":"binary-expr","locations":[{"start":{"line":57,"column":18},"end":{"line":57,"column":null}},{"start":{"line":57,"column":18},"end":{"line":60,"column":30}}],"line":57},"14":{"loc":{"start":{"line":67,"column":18},"end":{"line":70,"column":31}},"type":"binary-expr","locations":[{"start":{"line":67,"column":18},"end":{"line":67,"column":null}},{"start":{"line":67,"column":18},"end":{"line":70,"column":31}}],"line":67},"15":{"loc":{"start":{"line":78,"colu
[...]
"line":801},"52":{"loc":{"start":{"line":834,"column":6},"end":{"line":840,"column":null}},"type":"if","locations":[{"start":{"line":834,"column":6},"end":{"line":840,"column":null}},{"start":{},"end":{}}],"line":834},"53":{"loc":{"start":{"line":844,"column":6},"end":{"line":845,"column":null}},"type":"if","locations":[{"start":{"line":844,"column":6},"end":{"line":845,"column":null}},{"start":{},"end":{}}],"line":844},"54":{"loc":{"start":{"line":847,"column":6},"end":{"line":848,"column":null}},"type":"if","locations":[{"start":{"line":847,"column":6},"end":{"line":848,"column":null}},{"start":{},"end":{}}],"line":847},"55":{"loc":{"start":{"line":850,"column":6},"end":{"line":851,"column":null}},"type":"if","locations":[{"start":{"line":850,"column":6},"end":{"line":851,"column":null}},{"start":{},"end":{}}],"line":850},"56":{"loc":{"start":{"line":906,"column":6},"end":{"line":908,"column":null}},"type":"if","locations":[{"start":{"line":906,"column":6},"end":{"line":908,"column":null}},{"start":{},"end":{}}],"line":906},"57":{"loc":{"start":{"line":906,"column":10},"end":{"line":906,"column":65}},"type":"binary-expr","locations":[{"start":{"line":906,"column":10},"end":{"line":906,"column":24}},{"start":{"line":906,"column":24},"end":{"line":906,"column":65}}],"line":906},"58":{"loc":{"start":{"line":914,"column":8},"end":{"line":914,"column":null}},"type":"binary-expr","locations":[{"start":{"line":914,"column":8},"end":{"line":914,"column":31}},{"start":{"line":914,"column":31},"end":{"line":914,"column":null}}],"line":914},"59":{"loc":{"start":{"line":923,"column":2},"end":{"line":923,"column":null}},"type":"default-arg","locations":[{"start":{"line":923,"column":10},"end":{"line":923,"column":null}}],"line":923},"60":{"loc":{"start":{"line":924,"column":2},"end":{"line":924,"column":null}},"type":"default-arg","locations":[{"start":{"line":924,"column":11},"end":{"line":924,"column":null}}],"line":924},"61":{"loc":{"start":{"line":950,"column":35},"end":{"line":950,"column":50}},"type":"default-arg","locations":[{"start":{"line":950,"column":48},"end":{"line":950,"column":50}}],"line":950}},"s":{"0":9,"1":9,"2":9,"3":9,"4":3,"5":4,"6":4,"7":0,"8":0,"9":0,"10":0,"11":0,"12":0,"13":0,"14":4,"15":0,"16":4,"17":4,"18":4,"19":4,"20":4,"21":4,"22":4,"23":4,"24":4,"25":803,"26":314,"27":314,"28":314,"29":33,"30":165,"31":165,"32":165,"33":182,"34":181,"35":167,"36":150,"37":150,"38":52,"39":137,"40":0,"41":3,"42":3,"43":3,"44":3,"45":3,"46":3,"47":3,"48":3,"49":3,"50":3,"51":6,"52":0,"53":2,"54":2,"55":2,"56":0,"57":0,"58":0,"59":0,"60":2,"61":2,"62":77,"63":77,"64":77,"65":77,"66":77,"67":77,"68":76,"69":0,"70":0,"71":0,"72":0,"73":0,"74":0,"75":0,"76":0,"77":0,"78":3,"79":0,"80":0,"81":0,"82":0,"83":8,"84":8,"85":2,"86":8,"87":1,"88":1,"89":0,"90":1,"91":1,"92":0,"93":1,"94":1,"95":1,"96":1,"97":1,"98":1,"99":1,"100":1,"101":404,"102":404,"103":404,"104":32,"105":224,"106":4,"107":4,"108":4,"109":2,"110":2,"111":2,"112":0,"113":33,"114":33,"115":33,"116":0,"117":0,"118":1,"119":0,"120":0,"121":0,"122":458,"123":1374,"124":1374,"125":4122,"126":1374,"127":458,"128":458,"129":458,"130":0,"131":0,"132":0,"133":0,"134":0,"135":0,"136":0,"137":0,"138":0,"139":0,"140":189,"141":105,"142":105,"143":1,"144":104,"145":0,"146":0,"147":30,"148":0,"149":0,"150":0,"151":56,"152":0,"153":0,"154":106,"155":0,"156":0,"157":0,"158":0,"159":0,"160":0,"161":0,"162":0,"163":0,"164":0,"165":0,"166":0,"167":0,"168":0,"169":0,"170":0,"171":1,"172":0,"173":0,"174":0,"175":0,"176":0,"177":0,"178":0,"179":0,"180":0,"181":3,"182":3,"183":3,"184":2,"185":1,"186":1,"187":0,"188":0,"189":0,"190":0,"191":0,"192":0,"193":0,"194":0,"195":0,"196":0,"197":0,"198":0,"199":0,"200":0,"201":0,"202":0,"203":0,"204":0,"205":0,"206":1,"207":1,"208":1,"209":5,"210":5,"211":4,"212":4,"213":4,"214":0,"215":4,"216":4,"217":4,"218":4,"219":1,"220":1,"221":0,"222":1,"223":1,"224":1,"225":1,"226":0,"227":5,"228":5,"229":0,"230":5,"231":5,"232":15,"233":15,"234":45,"235":15,"236":5,"237":1,"238":1,"239":0,"240":1,"241":1,"242":1,"243":1,"244":1,"245":1,"246":1,"247":0,"248":1,"249":1,"250":1,"251":0,"252":0,"253":0,"254":0,"255":1,"256":1,"257":0,"258":1,"259":1,"260":1,"261":1,"262":0,"263":0,"264":0,"265":0,"266":1,"267":0,"268":0,"269":0,"270":0,"271":0,"272":0,"273":0,"274":0,"275":0,"276":0,"277":0,"278":0,"279":0,"280":0,"281":0,"282":458,"283":98,"284":98,"285":0,"286":0},"f":{"0":3,"1":4,"2":0,"3":0,"4":803,"5":314,"6":33,"7":165,"8":165,"9":165,"10":182,"11":181,"12":167,"13":150,"14":150,"15":52,"16":137,"17":0,"18":3,"19":3,"20":3,"21":6,"22":0,"23":2,"24":2,"25":2,"26":0,"27":0,"28":0,"29":0,"30":2,"31":77,"32":76,"33":0,"34":0,"35":0,"36":0,"37":0,"38":3,"39":0,"40":0,"41":0,"42":8,"43":2,"44":1,"45":0,"46":1,"47":0,"48":1,"49":1,"50":404,"51":32,"52":224,"53":4,"54":2,"55":0,"56":33,"57":0,"58":0,"59":1,"60":0,"61":0,"62":0,"63":458,"64":1374,"65":0,"66":0,"67":0,"68":0,"69":0,"70":0,"71":0,"72":0,"73":0,"74":0,"75":189,"76":105,"77":0,"78":30,"79":0,"80":0,"81":0,"82":56,"83":0,"84":0,"85":106,"86":0,"87":0,"88":0,"89":0,"90":0,"91":0,"92":0,"93":0,"94":0,"95":0,"96":1,"97":0,"98":0,"99":0,"100":0,"101":0,"102":0,"103":0,"104":0,"105":3,"106":2,"107":1,"108":0,"109":0,"110":0,"111":0,"112":0,"113":0,"114":0,"115":0,"116":0,"117":1,"118":5,"119":4,"120":1,"121":5,"122":15,"123":1,"124":1,"125":1,"126":1,"127":0,"128":3,"129":4,"130":0,"131":0,"132":0,"133":1,"134":0,"135":0,"136":0,"137":0,"138":0,"139":98,"140":0,"141":0},"b":{"0":[0,0],"1":[0,0],"2":[803],"3":[314],"4":[314,258],"5":[314,314],"6":[314,314],"7":[314,314],"8":[3,0],"9":[77,0],"10":[77,0],"11":[77,0],"12":[0,0],"13":[8,0],"14":[1,0],"15":[1,0],"16":[404],"17":[4,0],"18":[2,0],"19":[0],"20":[0,0],"21":[33],"22":[458],"23":[458],"24":[189,1],"25":[1,104],"26":[0,0],"27":[0,0],"28":[30,1],"29":[0,0],"30":[0,0],"31":[3,0],"32":[0,0],"33":[0,0],"34":[0,0],"35":[1,0],"36":[4,1],"37":[0,4],"38":[4,0],"39":[0,1],"40":[0,1],"41":[0,5],"42":[5,0],"43":[5,0],"44":[5,0],"45":[15,0],"46":[0,1],"47":[1,1],"48":[0,1],"49":[1,0],"50":[0,1],"51":[1,0],"52":[0,0],"53":[0,0],"54":[0,0],"55":[0,0],"56":[0,0],"57":[0,0],"58":[458,458],"59":[98],"60":[98],"61":[0]},"meta":{"lastBranch":62,"lastFunction":142,"lastStatement":287,"seen":{"s:16:27:51:Infinity":0,"s:55:25:58:Infinity":1,"s:60:27:61:Infinity":2,"s:64:28:64:58":3,"f:64:31:64:40":0,"s:64:40:64:57":4,"f:68:16:68:36":1,"s:70:27:70:56":5,"s:72:20:82:Infinity":6,"f:72:23:72:27":2,"b:73:4:75:Infinity:undefined:undefined:undefined:undefined":0,"s:73:4:75:Infinity":7,"s:74:6:74:Infinity":8,"s:75:6:75:Infinity":9,"s:77:16:77:Infinity":10,"b:78:4:79:Infinity:undefined:undefined:undefined:undefined":1,"s:78:4:79:Infinity":11,"s:79:6:79:Infinity":12,"s:81:4:81:Infinity":13,"s:84:2:84:Infinity":14,"f:84:24:84:33":3,"s:84:33:84:38":15,"s:85:2:85:Infinity":16,"s:86:2:86:Infinity":17,"s:87:2:87:Infinity":18,"s:89:2:89:Infinity":19,"s:90:2:90:Infinity":20,"s:91:2:91:Infinity":21,"s:92:2:92:Infinity":22,"s:93:2:93:Infinity":23,"s:95:2:95:Infinity":24,"f:100:16:100:35":4,"b:100:68:100:70":2,"s:101:2:131:Infinity":25,"f:153:16:153:Infinity":5,"b:154:35:154:37":3,"s:156:23:156:65":26,"s:157:38:165:Infinity":27,"b:159:18:159:Infinity:160:9:160:53":4,"b:161:18:161:44:161:44:161:46":5,"b:162:19:162:Infinity:163:9:163:53":6,"b:164:18:164:44:164:44:164:Infinity":7,"s:167:2:330:Infinity":28,"f:171:8:171:22":6,"s:171:24:171:Infinity":29,"f:172:8:172:25":7,"s:172:27:172:Infinity":30,"f:173:8:173:25":8,"s:173:27:173:Infinity":31,"f:174:8:174:27":9,"s:174:29:174:Infinity":32,"f:175:8:175:20":10,"s:175:22:175:Infinity":33,"f:176:8:176:20":11,"s:176:22:176:Infinity":34,"f:177:8:177:22":12,"s:177:24:177:Infinity":35,"f:178:8:178:26":13,"s:178:28:178:Infinity":36,"f:179:8:179:25":14,"s:179:27:179:Infinity":37,"f:180:8:180:24":15,"s:180:26:180:Infinity":38,"f:181:8:181:22":16,"s:182:6:184:Infinity":39,"f:186:8:186:23":17,"s:187:6:189:Infinity":40,"f:193:4:193:19":18,"s:194:6:194:Infinity":41,"s:195:6:195:Infinity":42,"s:196:6:196:Infinity":43,"f:198:4:198:19":19,"s:199:6:199:Infinity":44,"s:200:6:200:Infinity":45,"s:201:6:201:Infinity":46,"f:203:4:203:15":20,"s:204:6:204:Infinity":47,"s:205:6:205:Infinity":48,"b:206:6:207:Infinity:undefined:undefined:undefined:undefined":8,"s:206:6:207:Infinity":49,"s:207:8:207:Infinity":50,"f:210:4:210:15":21,"s:211:6:211:Infinity":51,"f:213:4:213:21":22,"s:214:6:214:Infinity":52,"f:216:4:216:23":23,"s:217:6:217:Infinity":53,"f:219:4:219:23":24,"s:220:6:220:Infinity":54,"f:222:4:222:25":25,"s:223:6:223:Infinity":55,"f:225:4:225:22":26,"s:226:6:226:Infinity":56,"f:228:4:228:22":27,"s:229:6:229:Infinity":57,"f:231:4:231:24":28,"s:232:6:232:Infinity":58,"f:234:4:234:23":29,"s:235:6:235:Infinity":59,"f:237:4:237:17":30,"s:238:6:238:Infinity":60,"s:239:6:239:Infinity":61,"f:241:4:241:20":31,"b:242:6:243:Infinity:undefined:undefined:undefined:undefined":9,"s:242:6:243:Infinity":62,"s:243:8:243:Infinity":63,"b:245:6:246:Infinity:undefined:undefined:undefined:undefined":10,"s:245:6:246:Infinity":64,"s:246:8:246:Infinity":65,"b:248:6:249:Infinity:undefined:undefined:undefined:undefined":11,"s:248:6:249:Infinity":66,"s:249:8:249:Infinity":67,"f:252:4:252:19":32,"s:253:6:255:Infinity":68,"f:257:4:257:20":33,"s:258:6:260:Infinity":69,"f:262:4:262:19":34,"s:263:6:263:Infinity":70,"f:265:4:265:27":35,"s:266:6:266:Infinity":71,"f:268:4:268:22":36,"s:269:6:269:Infinity":72,"f:271:4:271:23":37,"s:272:6:272:Infinity":73,"s:273:6:273:Infinity":74,"s:274:6:274:Infinity":75,"s:275:6:275:Infinity":76,"s:276:6:276:Infinity":77,"f:278:4:278:27":38,"s:279:6:279:Infinity":78,"f:281:4:281:23":39,"f:282:4:282:21":40,"s:283:12:283:49":79,"b:284:6:290:Infinity:undefined:undefined:undefined:undefined":12,"s:284:6:290:Infinity":80,"f:284:31:284:37":41,"s:284:48:284:64":81,"s:285:8:290:Infinity":82,"f:293:4:293:21":42,"s:294:12:294:49":83,"b:295:6:301:Infinity:undefined:undefined:undefined:undefined":13,"s:295:6:301:Infinity":84,"f:295:31:295:37":43,"s:295:48:295:64":85,"s:296:8:301:Infinity":86,"f:304:4:304:23":44,"s:305:12:305:49":87,"s:306:6:308:Infinity":88,"f:306:48:306:Infinity":45,"s:307:20:307:Infinity":89,"f:310:4:310:23":46,"s:311:12:311:49":90,"s:312:6:314:Infinity":91,"f:312:48:312:Infinity":47,"s:313:20:313:Infinity":92,"f:316:4:316:12":48,"b:317:6:320:Infinity:undefined:undefined:undefined:undefined":14,"s:317:6:320:Infinity":93,"s:318:21:318:Infinity":94,"s:319:8:319:Infinity":95,"s:320:8:320:Infinity":96,"f:323:4:323:14":49,"b:324:6:327:Infinity:undefined:undefined:undefined:undefined":15,"s:324:6:327:Infinity":97,"s:325:21:325:Infinity":98,"s:326:8:326:Infinity":99,"s:327:8:327:Infinity":100,"f:337:16:337:Infinity":50,"b:338:35:338:37":16,"s:340:23:351:Infinity":101,"s:353:16:353:Infinity":102,"s:355:2:388:Infinity":103,"f:357:8:357:22":51,"s:358:6:358:Infinity":104,"f:358:45:358:51":52,"s:358:62:358:64":105,"f:360:4:360:14":53,"s:361:42:369:Infinity":106,"b:370:6:370:Infinity:undefined:undefined:undefined:undefined":17,"s:370:6:370:Infinity":107,"s:370:21:370:Infinity":108,"f:372:4:372:15":54,"s:373:42:381:Infinity":109,"b:382:6:382:Infinity:undefined:undefined:undefined:undefined":18,"s:382:6:382:Infinity":110,"s:382:21:382:Infinity":111,"f:384:4:384:26":55,"b:384:48:384:54":19,"s:385:6:386:Infinity":112,"b:386:23:386:51:386:51:386:Infinity":20,"f:391:16:391:Infinity":56,"b:392:35:392:37":21,"s:394:23:407:Infinity":113,"s:409:16:409:Infinity":114,"s:411:2:419:Infinity":115,"f:413:4:413:26":57,"s:413:36:413:Infinity":116,"f:414:4:414:21":58,"s:414:35:414:Infinity":117,"f:415:4:415:28":59,"s:415:38:415:Infinity":118,"f:416:4:416:28":60,"s:416:38:416:Infinity":119,"f:417:4:417:23":61,"s:417:37:417:Infinity":120,"f:418:4:418:29":62,"s:418:39:418:Infinity":121,"f:422:16:422:Infinity":63,"b:423:35:423:37":22,"b:424:28:424:30":23,"s:426:24:435:4":122,"f:431:27:431:31":64,"s:432:6:432:Infinity":123,"s:432:19:432:22":124,"s:432:34:432:Infinity":125,"s:433:6:433:Infinity":126,"s:437:23:506:Infinity":127,"s:508:16:508:Infinity":128,"s:513:37:915:Infinity":129,"f:518:8:518:20":65,"s:518:22:518:Infinity":130,"f:519:8:519:20":66,"s:519:22:519:Infinity":131,"f:520:8:520:22":67,"s:520:24:520:Infinity":132,"f:521:8:521:22":68,"s:521:24:521:Infinity":133,"f:522:8:522:27":69,"s:523:6:523:Infinity":134,"f:525:8:525:25":70,"s:525:27:525:Infinity":135,"f:526:8:526:25":71,"s:526:27:526:Infinity":136,"f:527:8:527:27":72,"s:528:6:528:Infinity":137,"f:530:8:530:22":73,"s:531:6:531:Infinity":138,"f:531:45:531:51":74,"s:531:62:531:64":139,"f:533:8:533:23":75,"s:534:6:534:Infinity":140,"b:534:13:534:47:534:47:534:Infinity":24,"f:536:8:536:29":76,"s:537:19:537:Infinity":141,"b:538:6:538:Infinity:undefined:undefined:undefined:undefined":25,"s:538:6:538:Infinity":142,"s:538:17:538:Infinity":143,"s:539:6:541:Infinity":144,"f:543:8:543:40":77,"s:544:21:547:Infinity":145,"b:546:10:546:52:546:52:546:Infinity":26,"s:549:6:551:Infinity":146,"b:550:10:550:Infinity:551:10:551:Infinity":27,"f:553:8:553:24":78,"s:554:6:554:Infinity":147,"b:554:13:554:62:554:62:554:Infinity":28,"f:556:8:556:21":79,"s:556:23:556:Infinity":148,"f:557:8:557:22":80,"s:558:6:560:Infinity":149,"f:562:8:562:23":81,"s:562:25:562:Infinity":150,"f:563:8:563:21":82,"s:563:36:563:Infinity":151,"f:564:8:564:24":83,"s:564:26:564:Infinity":152,"f:565:8:565:22":84,"s:565:37:565:Infinity":153,"f:566:8:566:23":85,"s:567:6:567:Infinity":154,"f:569:8:569:23":86,"s:570:6:572:Infinity":155,"f:574:8:574:26":87,"s:575:6:575:Infinity":156,"f:577:8:577:25":88,"s:578:6:578:Infinity":157,"f:580:8:580:24":89,"s:581:6:581:Infinity":158,"f:585:4:585:15":90,"s:586:42:594:Infinity":159,"b:595:6:595:Infinity:undefined:undefined:undefined:undefined":29,"s:595:6:595:Infinity":160,"s:595:21:595:Infinity":161,"s:596:6:596:Infinity":162,"f:598:4:598:14":91,"s:599:42:607:Infinity":163,"b:608:6:608:Infinity:undefined:undefined:undefined:undefined":30,"s:608:6:608:Infinity":164,"s:608:21:608:Infinity":165,"s:609:6:609:Infinity":166,"f:611:4:611:15":92,"s:612:6:612:Infinity":167,"f:614:4:614:19":93,"s:615:6:615:Infinity":168,"f:617:4:617:19":94,"s:618:6:618:Infinity":169,"f:620:4:620:15":95,"s:621:6:621:Infinity":170,"f:623:4:623:18":96,"s:624:6:624:Infinity":171,"f:626:4:626:17":97,"s:627:6:627:Infinity":172,"s:628:6:628:Infinity":173,"f:630:4:630:21":98,"s:631:6:631:Infinity":174,"f:633:4:633:27":99,"s:634:6:634:Infinity":175,"f:636:4:636:24":100,"s:637:6:637:Infinity":176,"f:639:4:639:23":101,"s:640:6:640:Infinity":177,"f:642:4:642:26":102,"s:643:6:643:Infinity":178,"f:645:4:645:28":103,"s:646:6:646:Infinity":179,"f:648:4:648:29":104,"s:649:6:649:Infinity":180,"f:651:4:651:27":105,"s:652:19:652:Infinity":181,"b:653:6:656:Infinity:undefined:undefined:undefined:undefined":31,"s:653:6:656:Infinity":182,"s:654:8:656:Infinity":183,"f:659:4:659:21":106,"s:660:6:660:Infinity":184,"f:662:4:662:21":107,"s:663:6:663:Infinity":185,"s:664:6:664:Infinity":186,"f:666:4:666:19":108,"s:667:6:669:Infinity":187,"f:671:4:671:21":109,"s:672:12:672:49":188,"b:673:6:679:Infinity:undefined:undefined:undefined:undefined":32,"s:673:6:679:Infinity":189,"f:673:30:673:36":110,"s:673:47:673:63":190,"s:674:8:679:Infinity":191,"f:682:4:682:23":111,"s:683:12:683:49":192,"s:684:6:686:Infinity":193,"f:684:46:684:Infinity":112,"s:685:20:685:Infinity":194,"f:688:4:688:23":113,"s:689:12:689:49":195,"s:690:6:692:Infinity":196,"f:690:46:690:Infinity":114,"s:691:20:691:Infinity":197,"f:694:4:694:12":115,"b:695:6:698:Infinity:undefined:undefined:undefined:undefined":33,"s:695:6:698:Infinity":198,"s:696:21:696:Infinity":199,"s:697:8:697:Infinity":200,"s:698:8:698:Infinity":201,"f:701:4:701:14":116,"b:702:6:705:Infinity:undefined:undefined:undefined:undefined":34,"s:702:6:705:Infinity":202,"s:703:21:703:Infinity":203,"s:704:8:704:Infinity":204,"s:705:8:705:Infinity":205,"f:708:4:708:23":117,"s:709:19:709:Infinity":206,"b:710:6:710:Infinity:undefined:undefined:undefined:undefined":35,"s:710:6:710:Infinity":207,"s:710:16:710:Infinity":208,"f:712:4:712:16":118,"s:713:19:713:Infinity":209,"b:714:6:714:Infinity:undefined:undefined:undefined:undefined":36,"s:714:6:714:Infinity":210,"s:714:16:714:Infinity":211,"f:716:4:716:16":119,"s:717:19:717:Infinity":212,"b:718:6:718:Infinity:undefined:undefined:undefined:undefined":37,"s:718:6:718:Infinity":213,"s:718:17:718:Infinity":214,"s:719:21:720:Infinity":215,"b:722:6:722:Infinity:undefined:undefined:undefined:undefined":38,"s:722:6:722:Infinity":216,"s:722:23:722:Infinity":217,"s:723:6:725:Infinity":218,"f:727:4:727:16":120,"s:728:19:728:Infinity":219,"b:729:6:729:Infinity:undefined:undefined:undefined:undefined":39,"s:729:6:729:Infinity":220,"s:729:17:729:Infinity":221,"s:730:21:731:Infinity":222,"s:733:6:733:Infinity":223,"s:734:6:736:Infinity":224,"b:737:6:738:Infinity:undefined:undefined:undefined:undefined":40,"s:737:6:738:Infinity":225,"s:738:8:738:Infinity":226,"f:741:4:741:15":121,"s:742:19:742:Infinity":227,"b:743:6:743:Infinity:undefined:undefined:undefined:undefined":41,"s:743:6:743:Infinity":228,"s:743:17:743:Infinity":229,"s:744:21:745:Infinity":230,"s:747:6:760:Infinity":231,"b:750:15:750:35:750:35:750:Infinity":42,"b:751:16:751:37:751:37:751:Infinity":43,"b:752:28:752:49:752:49:752:51":44,"f:752:52:752:Infinity":122,"s:754:12:755:Infinity":232,"s:754:25:754:28":233,"b:754:33:754:53:754:53:754:57":45,"s:755:14:755:Infinity":234,"s:757:12:757:Infinity":235,"s:761:6:763:Infinity":236,"f:765:4:765:21":123,"f:768:4:768:12":124,"s:769:19:769:Infinity":237,"b:770:6:770:Infinity:undefined:undefined:undefined:undefined":46,"s:770:6:770:Infinity":238,"b:770:10:770:19:770:19:770:29":47,"s:770:29:770:Infinity":239,"s:771:21:772:Infinity":240,"s:774:19:774:Infinity":241,"s:775:6:775:Infinity":242,"s:776:6:776:Infinity":243,"s:777:6:779:Infinity":244,"f:781:4:781:14":125,"s:782:19:782:Infinity":245,"b:783:6:783:Infinity:undefined:undefined:undefined:undefined":48,"s:783:6:783:Infinity":246,"s:783:17:783:Infinity":247,"s:784:21:785:Infinity":248,"b:787:6:787:Infinity:undefined:undefined:undefined:undefined":49,"s:787:6:787:Infinity":249,"s:787:36:787:Infinity":250,"s:788:19:788:Infinity":251,"s:789:6:789:Infinity":252,"s:790:6:790:Infinity":253,"s:791:6:793:Infinity":254,"f:795:4:795:20":126,"s:796:19:796:Infinity":255,"b:797:6:797:Infinity:undefined:undefined:undefined:undefined":50,"s:797:6:797:Infinity":256,"s:797:17:797:Infinity":257,"s:798:21:799:Infinity":258,"b:801:6:802:Infinity:undefined:undefined:undefined:undefined":51,"s:801:6:802:Infinity":259,"s:802:8:802:Infinity":260,"s:804:6:806:Infinity":261,"f:808:4:808:26":127,"s:809:6:809:Infinity":262,"f:811:4:811:17":128,"f:814:4:814:17":129,"f:817:4:817:23":130,"s:818:6:818:Infinity":263,"f:820:4:820:23":131,"s:821:6:821:Infinity":264,"f:823:4:823:25":132,"s:824:6:824:Infinity":265,"f:826:4:826:28":133,"s:827:6:827:Infinity":266,"f:829:4:829:27":134,"s:830:6:830:Infinity":267,"f:832:4:832:21":135,"s:833:12:833:49":268,"b:834:6:840:Infinity:undefined:undefined:undefined:undefined":52,"s:834:6:840:Infinity":269,"f:834:30:834:36":136,"s:834:47:834:63":270,"s:835:8:840:Infinity":271,"f:843:4:843:20":137,"b:844:6:845:Infinity:undefined:undefined:undefined:undefined":53,"s:844:6:845:Infinity":272,"s:845:8:845:Infinity":273,"b:847:6:848:Infinity:undefined:undefined:undefined:undefined":54,"s:847:6:848:Infinity":274,"s:848:8:848:Infinity":275,"b:850:6:851:Infinity:undefined:undefined:undefined:undefined":55,"s:850:6:851:Infinity":276,"s:851:8:851:Infinity":277,"f:856:15:856:19":138,"s:858:48:904:Infinity":278,"s:905:25:905:Infinity":279,"b:906:6:908:Infinity:undefined:undefined:undefined:undefined":56,"s:906:6:908:Infinity":280,"b:906:10:906:24:906:24:906:65":57,"s:908:8:908:Infinity":281,"b:914:8:914:31:914:31:914:Infinity":58,"s:917:2:917:Infinity":282,"f:922:16:922:Infinity":139,"b:923:10:923:Infinity":59,"b:924:11:924:Infinity":60,"s:926:18:939:Infinity":283,"s:940:2:945:Infinity":284,"f:943:19:943:28":140,"s:943:28:943:36":285,"f:950:16:950:35":141,"b:950:48:950:50":61,"s:951:2:957:Infinity":286}}}
}
